<html>
<head>
<title>TestNG:  Free CRM App Test Cases</title>
<link href="../testng.css" rel="stylesheet" type="text/css" />
<link href="../my-testng.css" rel="stylesheet" type="text/css" />

<style type="text/css">
.log { display: none;} 
.stack-trace { display: none;} 
</style>
<script type="text/javascript">
<!--
function flip(e) {
  current = e.style.display;
  if (current == 'block') {
    e.style.display = 'none';
    return 0;
  }
  else {
    e.style.display = 'block';
    return 1;
  }
}

function toggleBox(szDivId, elem, msg1, msg2)
{
  var res = -1;  if (document.getElementById) {
    res = flip(document.getElementById(szDivId));
  }
  else if (document.all) {
    // this is the way old msie versions work
    res = flip(document.all[szDivId]);
  }
  if(elem) {
    if(res == 0) elem.innerHTML = msg1; else elem.innerHTML = msg2;
  }

}

function toggleAllBoxes() {
  if (document.getElementsByTagName) {
    d = document.getElementsByTagName('div');
    for (i = 0; i < d.length; i++) {
      if (d[i].className == 'log') {
        flip(d[i]);
      }
    }
  }
}

// -->
</script>

</head>
<body>
<h2 align='center'>Free CRM App Test Cases</h2><table border='1' align="center">
<tr>
<td>Tests passed/Failed/Skipped:</td><td>21/1/2</td>
</tr><tr>
<td>Started on:</td><td>Wed Nov 27 09:36:45 MST 2019</td>
</tr>
<tr><td>Total time:</td><td>3604 seconds (3604412 ms)</td>
</tr><tr>
<td>Included groups:</td><td></td>
</tr><tr>
<td>Excluded groups:</td><td></td>
</tr>
</table><p/>
<small><i>(Hover the method name to see the test class name)</i></small><p/>
<table width='100%' border='1' class='invocation-failed'>
<tr><td colspan='4' align='center'><b>FAILED TESTS</b></td></tr>
<tr><td><b>Test method</b></td>
<td width="30%"><b>Exception</b></td>
<td width="10%"><b>Time (seconds)</b></td>
<td><b>Instance</b></td>
</tr>
<tr>
<td title='com.crm.qa.testcases.LogActivityTest.CreateRetail1Account_Spouse()'><b>CreateRetail1Account_Spouse</b><br>Test class: com.crm.qa.testcases.LogActivityTest</td>
<td><div><pre>java.lang.AssertionError: timeout
	at org.junit.Assert.fail(Assert.java:88)
	at com.crm.qa.util.TestUtil.waitForElement(TestUtil.java:170)
	at com.crm.qa.pages.DetailsPage.enterComments(DetailsPage.java:475)
	at com.crm.qa.testcases.LogActivityTest.CreateRetail1Account_Spouse(LogActivityTest.java:533)
... Removed 25 stack frames</pre></div><a href='#' onClick='toggleBox("stack-trace1994249754", this, "Click to show all stack frames", "Click to hide stack frames")'>Click to show all stack frames</a>
<div class='stack-trace' id='stack-trace1994249754'><pre>java.lang.AssertionError: timeout
	at org.junit.Assert.fail(Assert.java:88)
	at com.crm.qa.util.TestUtil.waitForElement(TestUtil.java:170)
	at com.crm.qa.pages.DetailsPage.enterComments(DetailsPage.java:475)
	at com.crm.qa.testcases.LogActivityTest.CreateRetail1Account_Spouse(LogActivityTest.java:533)
	at sun.reflect.NativeMethodAccessorImpl.invoke0(Native Method)
	at sun.reflect.NativeMethodAccessorImpl.invoke(Unknown Source)
	at sun.reflect.DelegatingMethodAccessorImpl.invoke(Unknown Source)
	at java.lang.reflect.Method.invoke(Unknown Source)
	at org.testng.internal.MethodInvocationHelper.invokeMethod(MethodInvocationHelper.java:108)
	at org.testng.internal.Invoker.invokeMethod(Invoker.java:661)
	at org.testng.internal.Invoker.retryFailed(Invoker.java:1014)
	at org.testng.internal.Invoker.invokeTestMethods(Invoker.java:1215)
	at org.testng.internal.TestMethodWorker.invokeTestMethods(TestMethodWorker.java:126)
	at org.testng.internal.TestMethodWorker.run(TestMethodWorker.java:109)
	at org.testng.TestRunner.privateRun(TestRunner.java:744)
	at org.testng.TestRunner.run(TestRunner.java:602)
	at org.testng.SuiteRunner.runTest(SuiteRunner.java:380)
	at org.testng.SuiteRunner.runSequentially(SuiteRunner.java:375)
	at org.testng.SuiteRunner.privateRun(SuiteRunner.java:340)
	at org.testng.SuiteRunner.run(SuiteRunner.java:289)
	at org.testng.SuiteRunnerWorker.runSuite(SuiteRunnerWorker.java:52)
	at org.testng.SuiteRunnerWorker.run(SuiteRunnerWorker.java:86)
	at org.testng.TestNG.runSuitesSequentially(TestNG.java:1301)
	at org.testng.TestNG.runSuitesLocally(TestNG.java:1226)
	at org.testng.TestNG.runSuites(TestNG.java:1144)
	at org.testng.TestNG.run(TestNG.java:1115)
	at org.testng.remote.AbstractRemoteTestNG.run(AbstractRemoteTestNG.java:132)
	at org.testng.remote.RemoteTestNG.initAndRun(RemoteTestNG.java:230)
	at org.testng.remote.RemoteTestNG.main(RemoteTestNG.java:76)
</pre></div></td>
<td>736</td>
<td>com.crm.qa.testcases.LogActivityTest@1dfe2924</td></tr>
</table><p>
<table width='100%' border='1' class='invocation-passed'>
<tr><td colspan='4' align='center'><b>PASSED TESTS</b></td></tr>
<tr><td><b>Test method</b></td>
<td width="30%"><b>Exception</b></td>
<td width="10%"><b>Time (seconds)</b></td>
<td><b>Instance</b></td>
</tr>
<tr>
<td title='com.crm.qa.testcases.LogActivityTest.CreateRetail1Account()'><b>CreateRetail1Account</b><br>Test class: com.crm.qa.testcases.LogActivityTest</td>
<td></td>
<td>50</td>
<td>com.crm.qa.testcases.LogActivityTest@1dfe2924</td></tr>
<tr>
<td title='com.crm.qa.testcases.LogActivityTest.CreateRetail2Account()'><b>CreateRetail2Account</b><br>Test class: com.crm.qa.testcases.LogActivityTest</td>
<td></td>
<td>63</td>
<td>com.crm.qa.testcases.LogActivityTest@1dfe2924</td></tr>
<tr>
<td title='com.crm.qa.testcases.LogActivityTest.LogACallSpouse()'><b>LogACallSpouse</b><br>Test class: com.crm.qa.testcases.LogActivityTest</td>
<td></td>
<td>107</td>
<td>com.crm.qa.testcases.LogActivityTest@1dfe2924</td></tr>
<tr>
<td title='com.crm.qa.testcases.LogActivityTest.LogaCallwithSpouse_ValidateAtPrimary()'><b>LogaCallwithSpouse_ValidateAtPrimary</b><br>Test class: com.crm.qa.testcases.LogActivityTest</td>
<td></td>
<td>108</td>
<td>com.crm.qa.testcases.LogActivityTest@1dfe2924</td></tr>
<tr>
<td title='com.crm.qa.testcases.LogActivityTest.UnplannedMeeting()'><b>UnplannedMeeting</b><br>Test class: com.crm.qa.testcases.LogActivityTest</td>
<td></td>
<td>75</td>
<td>com.crm.qa.testcases.LogActivityTest@1dfe2924</td></tr>
<tr>
<td title='com.crm.qa.testcases.LogActivityTest.UpdatePrimaryAccountdetails()'><b>UpdatePrimaryAccountdetails</b><br>Test class: com.crm.qa.testcases.LogActivityTest</td>
<td></td>
<td>109</td>
<td>com.crm.qa.testcases.LogActivityTest@1dfe2924</td></tr>
<tr>
<td title='com.crm.qa.testcases.LogActivityTest.UpdateSpouseAccountdetails()'><b>UpdateSpouseAccountdetails</b><br>Test class: com.crm.qa.testcases.LogActivityTest</td>
<td></td>
<td>148</td>
<td>com.crm.qa.testcases.LogActivityTest@1dfe2924</td></tr>
<tr>
<td title='com.crm.qa.testcases.LogActivityTest.meeting_CompleteFlow()'><b>meeting_CompleteFlow</b><br>Test class: com.crm.qa.testcases.LogActivityTest</td>
<td></td>
<td>103</td>
<td>com.crm.qa.testcases.LogActivityTest@1dfe2924</td></tr>
<tr>
<td title='com.crm.qa.testcases.LogActivityTest.meeting_CompleteFlowWithOptions()'><b>meeting_CompleteFlowWithOptions</b><br>Test class: com.crm.qa.testcases.LogActivityTest</td>
<td></td>
<td>100</td>
<td>com.crm.qa.testcases.LogActivityTest@1dfe2924</td></tr>
<tr>
<td title='com.crm.qa.testcases.LogActivityTest.nolead_Reached_createBranchOpportunity()'><b>nolead_Reached_createBranchOpportunity</b><br>Test class: com.crm.qa.testcases.LogActivityTest</td>
<td></td>
<td>84</td>
<td>com.crm.qa.testcases.LogActivityTest@1dfe2924</td></tr>
<tr>
<td title='com.crm.qa.testcases.LogActivityTest.notReached()'><b>notReached</b><br>Test class: com.crm.qa.testcases.LogActivityTest</td>
<td></td>
<td>68</td>
<td>com.crm.qa.testcases.LogActivityTest@1dfe2924</td></tr>
<tr>
<td title='com.crm.qa.testcases.LogActivityTest.notReachedwithBusinessLead()'><b>notReachedwithBusinessLead</b><br>Test class: com.crm.qa.testcases.LogActivityTest</td>
<td></td>
<td>65</td>
<td>com.crm.qa.testcases.LogActivityTest@1dfe2924</td></tr>
<tr>
<td title='com.crm.qa.testcases.LogActivityTest.reached()'><b>reached</b><br>Test class: com.crm.qa.testcases.LogActivityTest</td>
<td></td>
<td>60</td>
<td>com.crm.qa.testcases.LogActivityTest@1dfe2924</td></tr>
<tr>
<td title='com.crm.qa.testcases.LogActivityTest.reached_Schedule_Appointment()'><b>reached_Schedule_Appointment</b><br>Test class: com.crm.qa.testcases.LogActivityTest</td>
<td></td>
<td>97</td>
<td>com.crm.qa.testcases.LogActivityTest@1dfe2924</td></tr>
<tr>
<td title='com.crm.qa.testcases.LogActivityTest.reached_Schedule_Phonecall()'><b>reached_Schedule_Phonecall</b><br>Test class: com.crm.qa.testcases.LogActivityTest</td>
<td></td>
<td>77</td>
<td>com.crm.qa.testcases.LogActivityTest@1dfe2924</td></tr>
<tr>
<td title='com.crm.qa.testcases.LogActivityTest.reached_Schedule_ToDo()'><b>reached_Schedule_ToDo</b><br>Test class: com.crm.qa.testcases.LogActivityTest</td>
<td></td>
<td>73</td>
<td>com.crm.qa.testcases.LogActivityTest@1dfe2924</td></tr>
<tr>
<td title='com.crm.qa.testcases.LogActivityTest.reachedwithBusinessLead()'><b>reachedwithBusinessLead</b><br>Test class: com.crm.qa.testcases.LogActivityTest</td>
<td></td>
<td>64</td>
<td>com.crm.qa.testcases.LogActivityTest@1dfe2924</td></tr>
<tr>
<td title='com.crm.qa.testcases.LogActivityTest.reachedwithBusinessLead_ScheduleMeeting()'><b>reachedwithBusinessLead_ScheduleMeeting</b><br>Test class: com.crm.qa.testcases.LogActivityTest</td>
<td></td>
<td>95</td>
<td>com.crm.qa.testcases.LogActivityTest@1dfe2924</td></tr>
<tr>
<td title='com.crm.qa.testcases.LogActivityTest.reachedwithBusinessLead_SchedulePhoneCall()'><b>reachedwithBusinessLead_SchedulePhoneCall</b><br>Test class: com.crm.qa.testcases.LogActivityTest</td>
<td></td>
<td>79</td>
<td>com.crm.qa.testcases.LogActivityTest@1dfe2924</td></tr>
<tr>
<td title='com.crm.qa.testcases.LogActivityTest.reachedwithBusinessLead_ScheduleTodo()'><b>reachedwithBusinessLead_ScheduleTodo</b><br>Test class: com.crm.qa.testcases.LogActivityTest</td>
<td></td>
<td>86</td>
<td>com.crm.qa.testcases.LogActivityTest@1dfe2924</td></tr>
<tr>
<td title='com.crm.qa.testcases.LogActivityTest.reachedwithBusinessLead_UnplannedMeeting()'><b>reachedwithBusinessLead_UnplannedMeeting</b><br>Test class: com.crm.qa.testcases.LogActivityTest</td>
<td></td>
<td>70</td>
<td>com.crm.qa.testcases.LogActivityTest@1dfe2924</td></tr>
</table><p>
<table width='100%' border='1' class='invocation-skipped'>
<tr><td colspan='4' align='center'><b>SKIPPED TESTS</b></td></tr>
<tr><td><b>Test method</b></td>
<td width="30%"><b>Exception</b></td>
<td width="10%"><b>Time (seconds)</b></td>
<td><b>Instance</b></td>
</tr>
<tr>
<td title='com.crm.qa.testcases.LogActivityTest.CreateRetail1Account_Spouse()'><b>CreateRetail1Account_Spouse</b><br>Test class: com.crm.qa.testcases.LogActivityTest</td>
<td><div><pre>java.lang.AssertionError: timeout
	at org.junit.Assert.fail(Assert.java:88)
	at com.crm.qa.util.TestUtil.waitForElement(TestUtil.java:170)
	at com.crm.qa.pages.DetailsPage.enterComments(DetailsPage.java:475)
	at com.crm.qa.testcases.LogActivityTest.CreateRetail1Account_Spouse(LogActivityTest.java:533)
... Removed 25 stack frames</pre></div><a href='#' onClick='toggleBox("stack-trace1545563479", this, "Click to show all stack frames", "Click to hide stack frames")'>Click to show all stack frames</a>
<div class='stack-trace' id='stack-trace1545563479'><pre>java.lang.AssertionError: timeout
	at org.junit.Assert.fail(Assert.java:88)
	at com.crm.qa.util.TestUtil.waitForElement(TestUtil.java:170)
	at com.crm.qa.pages.DetailsPage.enterComments(DetailsPage.java:475)
	at com.crm.qa.testcases.LogActivityTest.CreateRetail1Account_Spouse(LogActivityTest.java:533)
	at sun.reflect.NativeMethodAccessorImpl.invoke0(Native Method)
	at sun.reflect.NativeMethodAccessorImpl.invoke(Unknown Source)
	at sun.reflect.DelegatingMethodAccessorImpl.invoke(Unknown Source)
	at java.lang.reflect.Method.invoke(Unknown Source)
	at org.testng.internal.MethodInvocationHelper.invokeMethod(MethodInvocationHelper.java:108)
	at org.testng.internal.Invoker.invokeMethod(Invoker.java:661)
	at org.testng.internal.Invoker.invokeTestMethod(Invoker.java:869)
	at org.testng.internal.Invoker.invokeTestMethods(Invoker.java:1193)
	at org.testng.internal.TestMethodWorker.invokeTestMethods(TestMethodWorker.java:126)
	at org.testng.internal.TestMethodWorker.run(TestMethodWorker.java:109)
	at org.testng.TestRunner.privateRun(TestRunner.java:744)
	at org.testng.TestRunner.run(TestRunner.java:602)
	at org.testng.SuiteRunner.runTest(SuiteRunner.java:380)
	at org.testng.SuiteRunner.runSequentially(SuiteRunner.java:375)
	at org.testng.SuiteRunner.privateRun(SuiteRunner.java:340)
	at org.testng.SuiteRunner.run(SuiteRunner.java:289)
	at org.testng.SuiteRunnerWorker.runSuite(SuiteRunnerWorker.java:52)
	at org.testng.SuiteRunnerWorker.run(SuiteRunnerWorker.java:86)
	at org.testng.TestNG.runSuitesSequentially(TestNG.java:1301)
	at org.testng.TestNG.runSuitesLocally(TestNG.java:1226)
	at org.testng.TestNG.runSuites(TestNG.java:1144)
	at org.testng.TestNG.run(TestNG.java:1115)
	at org.testng.remote.AbstractRemoteTestNG.run(AbstractRemoteTestNG.java:132)
	at org.testng.remote.RemoteTestNG.initAndRun(RemoteTestNG.java:230)
	at org.testng.remote.RemoteTestNG.main(RemoteTestNG.java:76)
</pre></div></td>
<td>736</td>
<td>com.crm.qa.testcases.LogActivityTest@1dfe2924</td></tr>
<tr>
<td title='com.crm.qa.testcases.LogActivityTest.UpdateSpouseAccountdetails()'><b>UpdateSpouseAccountdetails</b><br>Test class: com.crm.qa.testcases.LogActivityTest</td>
<td><div><pre>org.openqa.selenium.StaleElementReferenceException: stale element reference: element is not attached to the page document
  (Session info: chrome=78.0.3904.108)
For documentation on this error, please visit: http://seleniumhq.org/exceptions/stale_element_reference.html
Build info: version: &apos;3.5.3&apos;, revision: &apos;a88d25fe6b&apos;, time: &apos;2017-08-29T12:42:44.417Z&apos;
System info: host: &apos;PHX-ISHARAF&apos;, ip: &apos;10.8.100.6&apos;, os.name: &apos;Windows 10&apos;, os.arch: &apos;amd64&apos;, os.version: &apos;10.0&apos;, java.version: &apos;1.8.0_221&apos;
Driver info: org.openqa.selenium.chrome.ChromeDriver
Capabilities [{networkConnectionEnabled=false, chrome={chromedriverVersion=77.0.3865.40 (f484704e052e0b556f8030b65b953dce96503217-refs/branch-heads/3865@{#442}), userDataDir=C:\Users\ISharaf\AppData\Local\Temp\scoped_dir1928_1009783049}, timeouts={implicit=0, pageLoad=300000, script=30000}, pageLoadStrategy=normal, unhandledPromptBehavior=dismiss and notify, strictFileInteractability=false, platform=XP, proxy=Proxy(), goog:chromeOptions={debuggerAddress=localhost:64891}, acceptInsecureCerts=false, browserVersion=78.0.3904.108, browserName=chrome, javascriptEnabled=true, platformName=XP, setWindowRect=true}]
Session ID: 89c8b0048f1ee2b29525d3df480a5488
	at org.openqa.selenium.remote.http.W3CHttpResponseCodec.createException(W3CHttpResponseCodec.java:185)
	at org.openqa.selenium.remote.http.W3CHttpResponseCodec.decode(W3CHttpResponseCodec.java:120)
	at org.openqa.selenium.remote.http.W3CHttpResponseCodec.decode(W3CHttpResponseCodec.java:49)
	at org.openqa.selenium.remote.HttpCommandExecutor.execute(HttpCommandExecutor.java:164)
	at org.openqa.selenium.remote.service.DriverCommandExecutor.execute(DriverCommandExecutor.java:82)
	at org.openqa.selenium.remote.RemoteWebDriver.execute(RemoteWebDriver.java:646)
	at org.openqa.selenium.remote.RemoteWebElement.execute(RemoteWebElement.java:275)
	at org.openqa.selenium.remote.RemoteWebElement.click(RemoteWebElement.java:82)
	at org.openqa.selenium.support.events.EventFiringWebDriver$EventFiringWebElement$1.invoke(EventFiringWebDriver.java:350)
	at com.sun.proxy.$Proxy13.click(Unknown Source)
	at org.openqa.selenium.support.events.EventFiringWebDriver$EventFiringWebElement.click(EventFiringWebDriver.java:363)
	at org.openqa.selenium.support.pagefactory.internal.LocatingElementHandler.invoke(LocatingElementHandler.java:51)
	at com.sun.proxy.$Proxy10.click(Unknown Source)
	at com.crm.qa.pages.DetailsPage.updateAccountDetails(DetailsPage.java:584)
	at com.crm.qa.testcases.LogActivityTest.UpdateSpouseAccountdetails(LogActivityTest.java:625)
... Removed 35 stack frames</pre></div><a href='#' onClick='toggleBox("stack-trace1337632757", this, "Click to show all stack frames", "Click to hide stack frames")'>Click to show all stack frames</a>
<div class='stack-trace' id='stack-trace1337632757'><pre>org.openqa.selenium.StaleElementReferenceException: stale element reference: element is not attached to the page document
  (Session info: chrome=78.0.3904.108)
For documentation on this error, please visit: http://seleniumhq.org/exceptions/stale_element_reference.html
Build info: version: &apos;3.5.3&apos;, revision: &apos;a88d25fe6b&apos;, time: &apos;2017-08-29T12:42:44.417Z&apos;
System info: host: &apos;PHX-ISHARAF&apos;, ip: &apos;10.8.100.6&apos;, os.name: &apos;Windows 10&apos;, os.arch: &apos;amd64&apos;, os.version: &apos;10.0&apos;, java.version: &apos;1.8.0_221&apos;
Driver info: org.openqa.selenium.chrome.ChromeDriver
Capabilities [{networkConnectionEnabled=false, chrome={chromedriverVersion=77.0.3865.40 (f484704e052e0b556f8030b65b953dce96503217-refs/branch-heads/3865@{#442}), userDataDir=C:\Users\ISharaf\AppData\Local\Temp\scoped_dir1928_1009783049}, timeouts={implicit=0, pageLoad=300000, script=30000}, pageLoadStrategy=normal, unhandledPromptBehavior=dismiss and notify, strictFileInteractability=false, platform=XP, proxy=Proxy(), goog:chromeOptions={debuggerAddress=localhost:64891}, acceptInsecureCerts=false, browserVersion=78.0.3904.108, browserName=chrome, javascriptEnabled=true, platformName=XP, setWindowRect=true}]
Session ID: 89c8b0048f1ee2b29525d3df480a5488
	at sun.reflect.NativeConstructorAccessorImpl.newInstance0(Native Method)
	at sun.reflect.NativeConstructorAccessorImpl.newInstance(Unknown Source)
	at sun.reflect.DelegatingConstructorAccessorImpl.newInstance(Unknown Source)
	at java.lang.reflect.Constructor.newInstance(Unknown Source)
	at org.openqa.selenium.remote.http.W3CHttpResponseCodec.createException(W3CHttpResponseCodec.java:185)
	at org.openqa.selenium.remote.http.W3CHttpResponseCodec.decode(W3CHttpResponseCodec.java:120)
	at org.openqa.selenium.remote.http.W3CHttpResponseCodec.decode(W3CHttpResponseCodec.java:49)
	at org.openqa.selenium.remote.HttpCommandExecutor.execute(HttpCommandExecutor.java:164)
	at org.openqa.selenium.remote.service.DriverCommandExecutor.execute(DriverCommandExecutor.java:82)
	at org.openqa.selenium.remote.RemoteWebDriver.execute(RemoteWebDriver.java:646)
	at org.openqa.selenium.remote.RemoteWebElement.execute(RemoteWebElement.java:275)
	at org.openqa.selenium.remote.RemoteWebElement.click(RemoteWebElement.java:82)
	at sun.reflect.GeneratedMethodAccessor5.invoke(Unknown Source)
	at sun.reflect.DelegatingMethodAccessorImpl.invoke(Unknown Source)
	at java.lang.reflect.Method.invoke(Unknown Source)
	at org.openqa.selenium.support.events.EventFiringWebDriver$EventFiringWebElement$1.invoke(EventFiringWebDriver.java:350)
	at com.sun.proxy.$Proxy13.click(Unknown Source)
	at org.openqa.selenium.support.events.EventFiringWebDriver$EventFiringWebElement.click(EventFiringWebDriver.java:363)
	at sun.reflect.GeneratedMethodAccessor5.invoke(Unknown Source)
	at sun.reflect.DelegatingMethodAccessorImpl.invoke(Unknown Source)
	at java.lang.reflect.Method.invoke(Unknown Source)
	at org.openqa.selenium.support.pagefactory.internal.LocatingElementHandler.invoke(LocatingElementHandler.java:51)
	at com.sun.proxy.$Proxy10.click(Unknown Source)
	at com.crm.qa.pages.DetailsPage.updateAccountDetails(DetailsPage.java:584)
	at com.crm.qa.testcases.LogActivityTest.UpdateSpouseAccountdetails(LogActivityTest.java:625)
	at sun.reflect.NativeMethodAccessorImpl.invoke0(Native Method)
	at sun.reflect.NativeMethodAccessorImpl.invoke(Unknown Source)
	at sun.reflect.DelegatingMethodAccessorImpl.invoke(Unknown Source)
	at java.lang.reflect.Method.invoke(Unknown Source)
	at org.testng.internal.MethodInvocationHelper.invokeMethod(MethodInvocationHelper.java:108)
	at org.testng.internal.Invoker.invokeMethod(Invoker.java:661)
	at org.testng.internal.Invoker.invokeTestMethod(Invoker.java:869)
	at org.testng.internal.Invoker.invokeTestMethods(Invoker.java:1193)
	at org.testng.internal.TestMethodWorker.invokeTestMethods(TestMethodWorker.java:126)
	at org.testng.internal.TestMethodWorker.run(TestMethodWorker.java:109)
	at org.testng.TestRunner.privateRun(TestRunner.java:744)
	at org.testng.TestRunner.run(TestRunner.java:602)
	at org.testng.SuiteRunner.runTest(SuiteRunner.java:380)
	at org.testng.SuiteRunner.runSequentially(SuiteRunner.java:375)
	at org.testng.SuiteRunner.privateRun(SuiteRunner.java:340)
	at org.testng.SuiteRunner.run(SuiteRunner.java:289)
	at org.testng.SuiteRunnerWorker.runSuite(SuiteRunnerWorker.java:52)
	at org.testng.SuiteRunnerWorker.run(SuiteRunnerWorker.java:86)
	at org.testng.TestNG.runSuitesSequentially(TestNG.java:1301)
	at org.testng.TestNG.runSuitesLocally(TestNG.java:1226)
	at org.testng.TestNG.runSuites(TestNG.java:1144)
	at org.testng.TestNG.run(TestNG.java:1115)
	at org.testng.remote.AbstractRemoteTestNG.run(AbstractRemoteTestNG.java:132)
	at org.testng.remote.RemoteTestNG.initAndRun(RemoteTestNG.java:230)
	at org.testng.remote.RemoteTestNG.main(RemoteTestNG.java:76)
</pre></div></td>
<td>109</td>
<td>com.crm.qa.testcases.LogActivityTest@1dfe2924</td></tr>
</table><p>
</body>
</html>