<!DOCTYPE html PUBLIC "-//W3C//DTD XHTML 1.1//EN" "http://www.w3.org/TR/xhtml11/DTD/xhtml11.dtd">
<html xmlns="http://www.w3.org/1999/xhtml"><head><title>TestNG Report</title><style type="text/css">table {margin-bottom:10px;border-collapse:collapse;empty-cells:show}th,td {border:1px solid #009;padding:.25em .5em}th {vertical-align:bottom}td {vertical-align:top}table a {font-weight:bold}.stripe td {background-color: #E6EBF9}.num {text-align:right}.passedodd td {background-color: #3F3}.passedeven td {background-color: #0A0}.skippedodd td {background-color: #DDD}.skippedeven td {background-color: #CCC}.failedodd td,.attn {background-color: #F33}.failedeven td,.stripe .attn {background-color: #D00}.stacktrace {white-space:pre;font-family:monospace}.totop {font-size:85%;text-align:center;border-bottom:2px solid #000}</style></head><body><table><tr><th>Test</th><th># Passed</th><th># Skipped</th><th># Failed</th><th>Time (ms)</th><th>Included Groups</th><th>Excluded Groups</th></tr><tr><th colspan="7">SFDC Test Automation Test Suite</th></tr><tr><td><a href="#t0">Log a Call Test Scenarios</a></td><td class="num">34</td><td class="num attn">4</td><td class="num attn">6</td><td class="num">5,460,514</td><td></td><td></td></tr><tr class="stripe"><td><a href="#t1">Branch Opportunity Test Scenarios</a></td><td class="num">11</td><td class="num attn">3</td><td class="num attn">7</td><td class="num">2,792,859</td><td></td><td></td></tr><tr><td><a href="#t2">Log a Call for Household Test Scenarios</a></td><td class="num">27</td><td class="num attn">2</td><td class="num attn">6</td><td class="num">4,415,552</td><td></td><td></td></tr><tr><th>Total</th><th class="num">72</th><th class="num attn">9</th><th class="num attn">19</th><th class="num">12,668,925</th><th colspan="2"></th></tr></table><table id='summary'><thead><tr><th>Class</th><th>Method</th><th>Start</th><th>Time (ms)</th></tr></thead><tbody><tr><th colspan="4">SFDC Test Automation Test Suite</th></tr></tbody><tbody id="t0"><tr><th colspan="4">Log a Call Test Scenarios &#8212; failed</th></tr><tr class="failedeven"><td rowspan="6">com.crm.qa.testcases.LogActivityTest</td><td><a href="#m0">nolead_Reached_MultipleOpportunity</a></td><td rowspan="3">1584364652488</td><td rowspan="3">208978</td></tr><tr class="failedeven"><td><a href="#m1">nolead_Reached_MultipleOpportunity</a></td></tr><tr class="failedeven"><td><a href="#m2">nolead_Reached_MultipleOpportunity</a></td></tr><tr class="failedeven"><td><a href="#m3">nolead_Reached_createWorkplaceOpportunity</a></td><td rowspan="3">1584363773165</td><td rowspan="3">204617</td></tr><tr class="failedeven"><td><a href="#m4">nolead_Reached_createWorkplaceOpportunity</a></td></tr><tr class="failedeven"><td><a href="#m5">nolead_Reached_createWorkplaceOpportunity</a></td></tr><tr><th colspan="4">Log a Call Test Scenarios &#8212; skipped</th></tr><tr class="skippedeven"><td rowspan="4">com.crm.qa.testcases.LogActivityTest</td><td><a href="#m6">AddSpouseandLogaCallPrimary</a></td><td rowspan="1">1584361771221</td><td rowspan="1">52687</td></tr><tr class="skippedeven"><td><a href="#m7">UpdateSpouseAccountdetails</a></td><td rowspan="1">1584365657098</td><td rowspan="1">239513</td></tr><tr class="skippedeven"><td><a href="#m8">nolead_Reached_MultipleOpportunity</a></td><td rowspan="1">1584364437232</td><td rowspan="1">204402</td></tr><tr class="skippedeven"><td><a href="#m9">nolead_Reached_createWorkplaceOpportunity</a></td><td rowspan="1">1584363553781</td><td rowspan="1">210708</td></tr><tr><th colspan="4">Log a Call Test Scenarios &#8212; passed</th></tr><tr class="passedeven"><td rowspan="34">com.crm.qa.testcases.LogActivityTest</td><td><a href="#m10">AddSpouseandLogaCallPrimary</a></td><td rowspan="2">1584361656291</td><td rowspan="2">106021</td></tr><tr class="passedeven"><td><a href="#m11">AddSpouseandLogaCallPrimary</a></td></tr><tr class="passedeven"><td><a href="#m12">LogaCallwithSpouse_ValidateAtPrimary</a></td><td rowspan="2">1584361969217</td><td rowspan="2">114097</td></tr><tr class="passedeven"><td><a href="#m13">LogaCallwithSpouse_ValidateAtPrimary</a></td></tr><tr class="passedeven"><td><a href="#m14">UpdatePrimaryAccountdetails</a></td><td rowspan="2">1584365438958</td><td rowspan="2">84005</td></tr><tr class="passedeven"><td><a href="#m15">UpdatePrimaryAccountdetails</a></td></tr><tr class="passedeven"><td><a href="#m16">UpdateSpouseAccountdetails</a></td><td rowspan="2">1584365905853</td><td rowspan="2">114131</td></tr><tr class="passedeven"><td><a href="#m17">UpdateSpouseAccountdetails</a></td></tr><tr class="passedeven"><td><a href="#m18">meeting_CompleteFlow</a></td><td rowspan="1">1584363283381</td><td rowspan="1">72153</td></tr><tr class="passedeven"><td><a href="#m19">nolead_Reached_createBranchOpportunity</a></td><td rowspan="2">1584363454287</td><td rowspan="2">90796</td></tr><tr class="passedeven"><td><a href="#m20">nolead_Reached_createBranchOpportunity</a></td></tr><tr class="passedeven"><td><a href="#m21">notReached_multipleUsers</a></td><td rowspan="2">1584360911781</td><td rowspan="2">62705</td></tr><tr class="passedeven"><td><a href="#m22">notReached_multipleUsers</a></td></tr><tr class="passedeven"><td><a href="#m23">notReachedwithBusinessLead</a></td><td rowspan="2">1584362354108</td><td rowspan="2">85176</td></tr><tr class="passedeven"><td><a href="#m24">notReachedwithBusinessLead</a></td></tr><tr class="passedeven"><td><a href="#m25">reached_Schedule_Appointment</a></td><td rowspan="2">1584361478604</td><td rowspan="2">75761</td></tr><tr class="passedeven"><td><a href="#m26">reached_Schedule_Appointment</a></td></tr><tr class="passedeven"><td><a href="#m27">reached_Schedule_Phonecall</a></td><td rowspan="2">1584361277101</td><td rowspan="2">86129</td></tr><tr class="passedeven"><td><a href="#m28">reached_Schedule_Phonecall</a></td></tr><tr class="passedeven"><td><a href="#m29">reached_Schedule_ToDo</a></td><td rowspan="2">1584361175222</td><td rowspan="2">92850</td></tr><tr class="passedeven"><td><a href="#m30">reached_Schedule_ToDo</a></td></tr><tr class="passedeven"><td><a href="#m31">reached_multipleUsers</a></td><td rowspan="2">1584360826017</td><td rowspan="2">77006</td></tr><tr class="passedeven"><td><a href="#m32">reached_multipleUsers</a></td></tr><tr class="passedeven"><td><a href="#m33">reachedwithBusinessLead</a></td><td rowspan="2">1584362449711</td><td rowspan="2">69437</td></tr><tr class="passedeven"><td><a href="#m34">reachedwithBusinessLead</a></td></tr><tr class="passedeven"><td><a href="#m35">reachedwithBusinessLead_ScheduleMeeting</a></td><td rowspan="2">1584363179576</td><td rowspan="2">94878</td></tr><tr class="passedeven"><td><a href="#m36">reachedwithBusinessLead_ScheduleMeeting</a></td></tr><tr class="passedeven"><td><a href="#m37">reachedwithBusinessLead_SchedulePhoneCall</a></td><td rowspan="2">1584362635027</td><td rowspan="2">93741</td></tr><tr class="passedeven"><td><a href="#m38">reachedwithBusinessLead_SchedulePhoneCall</a></td></tr><tr class="passedeven"><td><a href="#m39">reachedwithBusinessLead_ScheduleTodo</a></td><td rowspan="2">1584362968648</td><td rowspan="2">106572</td></tr><tr class="passedeven"><td><a href="#m40">reachedwithBusinessLead_ScheduleTodo</a></td></tr><tr class="passedeven"><td><a href="#m41">validateEmail</a></td><td rowspan="2">1584366137584</td><td rowspan="2">50641</td></tr><tr class="passedeven"><td><a href="#m42">validateEmail</a></td></tr><tr class="passedeven"><td><a href="#m43">validateFinancialDataForSponsoredClient</a></td><td rowspan="1">1584366028846</td><td rowspan="1">38457</td></tr></tbody><tbody id="t1"><tr><th colspan="4">Branch Opportunity Test Scenarios &#8212; failed</th></tr><tr class="failedeven"><td rowspan="7">com.crm.qa.testcases.BranchOpportunityTest</td><td><a href="#m44">createNewFinancialAccount</a></td><td rowspan="3">1584368675143</td><td rowspan="3">150340</td></tr><tr class="failedeven"><td><a href="#m45">createNewFinancialAccount</a></td></tr><tr class="failedeven"><td><a href="#m46">createNewFinancialAccount</a></td></tr><tr class="failedeven"><td><a href="#m47">logacall_Reached_StageClosedLost</a></td><td rowspan="3">1584367376378</td><td rowspan="3">106901</td></tr><tr class="failedeven"><td><a href="#m48">logacall_Reached_StageClosedLost</a></td></tr><tr class="failedeven"><td><a href="#m49">logacall_Reached_StageClosedLost</a></td></tr><tr class="failedeven"><td><a href="#m50">scheduleMeetingviaNextAction</a></td><td rowspan="1">1584367978559</td><td rowspan="1">115130</td></tr><tr><th colspan="4">Branch Opportunity Test Scenarios &#8212; skipped</th></tr><tr class="skippedeven"><td rowspan="3">com.crm.qa.testcases.BranchOpportunityTest</td><td><a href="#m51">createNewFinancialAccount</a></td><td rowspan="1">1584368355917</td><td rowspan="1">150119</td></tr><tr class="skippedeven"><td><a href="#m52">logacall_Reached_StageClosedLost</a></td><td rowspan="1">1584366777035</td><td rowspan="1">233206</td></tr><tr class="skippedeven"><td><a href="#m53">scheduleMeetingviaNextAction</a></td><td rowspan="1">1584367853106</td><td rowspan="1">118126</td></tr><tr><th colspan="4">Branch Opportunity Test Scenarios &#8212; passed</th></tr><tr class="passedeven"><td rowspan="11">com.crm.qa.testcases.BranchOpportunityTest</td><td><a href="#m54">enrollment_BM</a></td><td rowspan="2">1584368226452</td><td rowspan="2">122046</td></tr><tr class="passedeven"><td><a href="#m55">enrollment_BM</a></td></tr><tr class="passedeven"><td><a href="#m56">logacall_notReached_Optty</a></td><td rowspan="2">1584366659137</td><td rowspan="2">111148</td></tr><tr class="passedeven"><td><a href="#m57">logacall_notReached_Optty</a></td></tr><tr class="passedeven"><td><a href="#m58">moveStageStatusManually</a></td><td rowspan="2">1584366197166</td><td rowspan="2">78662</td></tr><tr class="passedeven"><td><a href="#m59">moveStageStatusManually</a></td></tr><tr class="passedeven"><td><a href="#m60">opttyClosedLost_viaAPI</a></td><td rowspan="2">1584366370424</td><td rowspan="2">88369</td></tr><tr class="passedeven"><td><a href="#m61">opttyClosedLost_viaAPI</a></td></tr><tr class="passedeven"><td><a href="#m62">scheduleMeetingandthenCloseMeeting</a></td><td rowspan="2">1584367490531</td><td rowspan="2">95983</td></tr><tr class="passedeven"><td><a href="#m63">scheduleMeetingandthenCloseMeeting</a></td></tr><tr class="passedeven"><td><a href="#m64">scheduleMeetingviaNextAction</a></td><td rowspan="1">1584367715473</td><td rowspan="1">130802</td></tr></tbody><tbody id="t2"><tr><th colspan="4">Log a Call for Household Test Scenarios &#8212; failed</th></tr><tr class="failedeven"><td rowspan="6">com.crm.qa.testcases.LogActivityTest_HouseHold</td><td><a href="#m65">nolead_Reached_MultipleOpportunity</a></td><td rowspan="3">1584372930469</td><td rowspan="3">231220</td></tr><tr class="failedeven"><td><a href="#m66">nolead_Reached_MultipleOpportunity</a></td></tr><tr class="failedeven"><td><a href="#m67">nolead_Reached_MultipleOpportunity</a></td></tr><tr class="failedeven"><td><a href="#m68">nolead_Reached_createWorkplaceOpportunity</a></td><td rowspan="3">1584372028609</td><td rowspan="3">221915</td></tr><tr class="failedeven"><td><a href="#m69">nolead_Reached_createWorkplaceOpportunity</a></td></tr><tr class="failedeven"><td><a href="#m70">nolead_Reached_createWorkplaceOpportunity</a></td></tr><tr><th colspan="4">Log a Call for Household Test Scenarios &#8212; skipped</th></tr><tr class="skippedeven"><td rowspan="2">com.crm.qa.testcases.LogActivityTest_HouseHold</td><td><a href="#m71">nolead_Reached_MultipleOpportunity</a></td><td rowspan="1">1584372489328</td><td rowspan="1">208684</td></tr><tr class="skippedeven"><td><a href="#m72">nolead_Reached_createWorkplaceOpportunity</a></td><td rowspan="1">1584371589887</td><td rowspan="1">208645</td></tr><tr><th colspan="4">Log a Call for Household Test Scenarios &#8212; passed</th></tr><tr class="passedeven"><td rowspan="27">com.crm.qa.testcases.LogActivityTest_HouseHold</td><td><a href="#m73">UnplannedMeeting_multipleUsers</a></td><td rowspan="2">1584369334048</td><td rowspan="2">83268</td></tr><tr class="passedeven"><td><a href="#m74">UnplannedMeeting_multipleUsers</a></td></tr><tr class="passedeven"><td><a href="#m75">UpdateHouseholdAccountdetails</a></td><td rowspan="2">1584371304856</td><td rowspan="2">72462</td></tr><tr class="passedeven"><td><a href="#m76">UpdateHouseholdAccountdetails</a></td></tr><tr class="passedeven"><td><a href="#m77">meeting_CompleteFlow</a></td><td rowspan="1">1584371145039</td><td rowspan="1">79063</td></tr><tr class="passedeven"><td><a href="#m78">nolead_Reached_createBranchOpportunity</a></td><td rowspan="2">1584371481033</td><td rowspan="2">99684</td></tr><tr class="passedeven"><td><a href="#m79">nolead_Reached_createBranchOpportunity</a></td></tr><tr class="passedeven"><td><a href="#m80">notReached_multipleUsers</a></td><td rowspan="2">1584369241336</td><td rowspan="2">84111</td></tr><tr class="passedeven"><td><a href="#m81">notReached_multipleUsers</a></td></tr><tr class="passedeven"><td><a href="#m82">notReachedwithBusinessLead</a></td><td rowspan="2">1584370112040</td><td rowspan="2">72751</td></tr><tr class="passedeven"><td><a href="#m83">notReachedwithBusinessLead</a></td></tr><tr class="passedeven"><td><a href="#m84">reached_Schedule_Appointment</a></td><td rowspan="2">1584369930113</td><td rowspan="2">79959</td></tr><tr class="passedeven"><td><a href="#m85">reached_Schedule_Appointment</a></td></tr><tr class="passedeven"><td><a href="#m86">reached_Schedule_Phonecall</a></td><td rowspan="2">1584369728334</td><td rowspan="2">86698</td></tr><tr class="passedeven"><td><a href="#m87">reached_Schedule_Phonecall</a></td></tr><tr class="passedeven"><td><a href="#m88">reached_Schedule_ToDo</a></td><td rowspan="2">1584369528268</td><td rowspan="2">84162</td></tr><tr class="passedeven"><td><a href="#m89">reached_Schedule_ToDo</a></td></tr><tr class="passedeven"><td><a href="#m90">reached_multipleUsers</a></td><td rowspan="2">1584369069949</td><td rowspan="2">85422</td></tr><tr class="passedeven"><td><a href="#m91">reached_multipleUsers</a></td></tr><tr class="passedeven"><td><a href="#m92">reachedwithBusinessLead</a></td><td rowspan="2">1584370370508</td><td rowspan="2">99488</td></tr><tr class="passedeven"><td><a href="#m93">reachedwithBusinessLead</a></td></tr><tr class="passedeven"><td><a href="#m94">reachedwithBusinessLead_ScheduleMeeting</a></td><td rowspan="2">1584371037415</td><td rowspan="2">97384</td></tr><tr class="passedeven"><td><a href="#m95">reachedwithBusinessLead_ScheduleMeeting</a></td></tr><tr class="passedeven"><td><a href="#m96">reachedwithBusinessLead_SchedulePhoneCall</a></td><td rowspan="2">1584370590566</td><td rowspan="2">105259</td></tr><tr class="passedeven"><td><a href="#m97">reachedwithBusinessLead_SchedulePhoneCall</a></td></tr><tr class="passedeven"><td><a href="#m98">reachedwithBusinessLead_ScheduleTodo</a></td><td rowspan="2">1584370707147</td><td rowspan="2">96481</td></tr><tr class="passedeven"><td><a href="#m99">reachedwithBusinessLead_ScheduleTodo</a></td></tr></tbody></table><h2>Log a Call Test Scenarios</h2><h3 id="m0">com.crm.qa.testcases.LogActivityTest#nolead_Reached_MultipleOpportunity</h3><table class="result"><tr class="param"><th>Parameter #1</th></tr><tr class="param stripe"><td>0050R000000XRFmQAO</td></tr><tr><th>Exception</th></tr><tr><td><div class="stacktrace">org.openqa.selenium.TimeoutException: Expected condition failed: waiting for visibility of Proxy element for: DefaultElementLocator &apos;By.xpath: (//span[(text()=&apos;Log an Interaction&apos;)]/ancestor::div[contains (@class, (&apos;content&apos;))])[last()]//label[contains (@for,&apos;Workplace&apos;)]&apos; (tried for 60 second(s) with 500 MILLISECONDS interval)
	at org.openqa.selenium.support.ui.WebDriverWait.timeoutException(WebDriverWait.java:80)
	at org.openqa.selenium.support.ui.FluentWait.until(FluentWait.java:232)
	at com.crm.qa.util.TestUtil.waitUntilElementVisible(TestUtil.java:147)
	at com.crm.qa.util.TestUtil.clickElement(TestUtil.java:133)
	at com.crm.qa.pages.Opportunities.createWorkplaceOpportunity(Opportunities.java:445)
	at com.crm.qa.testcases.LogActivityTest.nolead_Reached_MultipleOpportunity(LogActivityTest.java:599)
	at java.util.concurrent.ThreadPoolExecutor.runWorker(ThreadPoolExecutor.java:1149)
	at java.util.concurrent.ThreadPoolExecutor$Worker.run(ThreadPoolExecutor.java:624)
	at java.lang.Thread.run(Thread.java:748)
Caused by: org.openqa.selenium.NoSuchElementException: no such element: Unable to locate element: {&quot;method&quot;:&quot;xpath&quot;,&quot;selector&quot;:&quot;(//span[(text()=&apos;Log an Interaction&apos;)]/ancestor::div[contains (@class, (&apos;content&apos;))])[last()]//label[contains (@for,&apos;Workplace&apos;)]&quot;}
  (Session info: chrome=79.0.3945.130)
For documentation on this error, please visit: http://seleniumhq.org/exceptions/no_such_element.html
Build info: version: &apos;3.5.3&apos;, revision: &apos;a88d25fe6b&apos;, time: &apos;2017-08-29T12:42:44.417Z&apos;
System info: host: &apos;PHX-ISHARAF&apos;, ip: &apos;192.168.125.187&apos;, os.name: &apos;Windows 10&apos;, os.arch: &apos;amd64&apos;, os.version: &apos;10.0&apos;, java.version: &apos;1.8.0_221&apos;
Driver info: org.openqa.selenium.chrome.ChromeDriver
Capabilities [{networkConnectionEnabled=false, chrome={chromedriverVersion=79.0.3945.16 (93fcc21110c10dbbd49bbff8f472335360e31d05-refs/branch-heads/3945@{#262}), userDataDir=C:\Users\ISharaf\AppData\Local\Temp\scoped_dir48676_1972711969}, timeouts={implicit=0, pageLoad=300000, script=30000}, pageLoadStrategy=normal, unhandledPromptBehavior=accept, strictFileInteractability=false, platform=XP, proxy=Proxy(), goog:chromeOptions={debuggerAddress=localhost:55777}, acceptInsecureCerts=false, browserVersion=79.0.3945.130, browserName=chrome, javascriptEnabled=true, platformName=XP, setWindowRect=true}]
Session ID: 9ec8aab3f4814b6ed3902bd9361335eb
*** Element info: {Using=xpath, value=(//span[(text()=&apos;Log an Interaction&apos;)]/ancestor::div[contains (@class, (&apos;content&apos;))])[last()]//label[contains (@for,&apos;Workplace&apos;)]}
	at org.openqa.selenium.remote.http.W3CHttpResponseCodec.createException(W3CHttpResponseCodec.java:185)
	at org.openqa.selenium.remote.http.W3CHttpResponseCodec.decode(W3CHttpResponseCodec.java:120)
	at org.openqa.selenium.remote.http.W3CHttpResponseCodec.decode(W3CHttpResponseCodec.java:49)
	at org.openqa.selenium.remote.HttpCommandExecutor.execute(HttpCommandExecutor.java:164)
	at org.openqa.selenium.remote.service.DriverCommandExecutor.execute(DriverCommandExecutor.java:82)
	at org.openqa.selenium.remote.RemoteWebDriver.execute(RemoteWebDriver.java:646)
	at org.openqa.selenium.remote.RemoteWebDriver.findElement(RemoteWebDriver.java:416)
	at org.openqa.selenium.remote.RemoteWebDriver.findElementByXPath(RemoteWebDriver.java:518)
	at org.openqa.selenium.By$ByXPath.findElement(By.java:361)
	at org.openqa.selenium.remote.RemoteWebDriver.findElement(RemoteWebDriver.java:408)
	at org.openqa.selenium.support.events.EventFiringWebDriver$2.invoke(EventFiringWebDriver.java:105)
	at com.sun.proxy.$Proxy8.findElement(Unknown Source)
	at org.openqa.selenium.support.events.EventFiringWebDriver.findElement(EventFiringWebDriver.java:189)
	at org.openqa.selenium.support.pagefactory.DefaultElementLocator.findElement(DefaultElementLocator.java:69)
	at org.openqa.selenium.support.pagefactory.internal.LocatingElementHandler.invoke(LocatingElementHandler.java:38)
	at com.sun.proxy.$Proxy12.isDisplayed(Unknown Source)
	at org.openqa.selenium.support.ui.ExpectedConditions.elementIfVisible(ExpectedConditions.java:302)
	at org.openqa.selenium.support.ui.ExpectedConditions.access$100(ExpectedConditions.java:44)
	at org.openqa.selenium.support.ui.ExpectedConditions$10.apply(ExpectedConditions.java:288)
	at org.openqa.selenium.support.ui.ExpectedConditions$10.apply(ExpectedConditions.java:285)
	at org.openqa.selenium.support.ui.FluentWait.until(FluentWait.java:209)
	... 17 more
... Removed 16 stack frames</div></td></tr></table><p class="totop"><a href="#summary">back to summary</a></p><h3 id="m1">com.crm.qa.testcases.LogActivityTest#nolead_Reached_MultipleOpportunity</h3><table class="result"><tr class="param"><th>Parameter #1</th></tr><tr class="param stripe"><td>0050R000000XRHYQA4</td></tr><tr><th>Exception</th></tr><tr><td><div class="stacktrace">org.openqa.selenium.TimeoutException: Expected condition failed: waiting for visibility of Proxy element for: DefaultElementLocator &apos;By.xpath: (//span[(text()=&apos;Log an Interaction&apos;)]/ancestor::div[contains (@class, (&apos;content&apos;))])[last()]//label[contains (@for,&apos;Workplace&apos;)]&apos; (tried for 60 second(s) with 500 MILLISECONDS interval)
	at org.openqa.selenium.support.ui.WebDriverWait.timeoutException(WebDriverWait.java:80)
	at org.openqa.selenium.support.ui.FluentWait.until(FluentWait.java:232)
	at com.crm.qa.util.TestUtil.waitUntilElementVisible(TestUtil.java:147)
	at com.crm.qa.util.TestUtil.clickElement(TestUtil.java:133)
	at com.crm.qa.pages.Opportunities.createWorkplaceOpportunity(Opportunities.java:445)
	at com.crm.qa.testcases.LogActivityTest.nolead_Reached_MultipleOpportunity(LogActivityTest.java:599)
	at java.util.concurrent.ThreadPoolExecutor.runWorker(ThreadPoolExecutor.java:1149)
	at java.util.concurrent.ThreadPoolExecutor$Worker.run(ThreadPoolExecutor.java:624)
	at java.lang.Thread.run(Thread.java:748)
Caused by: org.openqa.selenium.NoSuchElementException: no such element: Unable to locate element: {&quot;method&quot;:&quot;xpath&quot;,&quot;selector&quot;:&quot;(//span[(text()=&apos;Log an Interaction&apos;)]/ancestor::div[contains (@class, (&apos;content&apos;))])[last()]//label[contains (@for,&apos;Workplace&apos;)]&quot;}
  (Session info: chrome=79.0.3945.130)
For documentation on this error, please visit: http://seleniumhq.org/exceptions/no_such_element.html
Build info: version: &apos;3.5.3&apos;, revision: &apos;a88d25fe6b&apos;, time: &apos;2017-08-29T12:42:44.417Z&apos;
System info: host: &apos;PHX-ISHARAF&apos;, ip: &apos;192.168.125.187&apos;, os.name: &apos;Windows 10&apos;, os.arch: &apos;amd64&apos;, os.version: &apos;10.0&apos;, java.version: &apos;1.8.0_221&apos;
Driver info: org.openqa.selenium.chrome.ChromeDriver
Capabilities [{networkConnectionEnabled=false, chrome={chromedriverVersion=79.0.3945.16 (93fcc21110c10dbbd49bbff8f472335360e31d05-refs/branch-heads/3945@{#262}), userDataDir=C:\Users\ISharaf\AppData\Local\Temp\scoped_dir46384_1566028013}, timeouts={implicit=0, pageLoad=300000, script=30000}, pageLoadStrategy=normal, unhandledPromptBehavior=accept, strictFileInteractability=false, platform=XP, proxy=Proxy(), goog:chromeOptions={debuggerAddress=localhost:56224}, acceptInsecureCerts=false, browserVersion=79.0.3945.130, browserName=chrome, javascriptEnabled=true, platformName=XP, setWindowRect=true}]
Session ID: b3b4f663a820114c0416e6ac5303efed
*** Element info: {Using=xpath, value=(//span[(text()=&apos;Log an Interaction&apos;)]/ancestor::div[contains (@class, (&apos;content&apos;))])[last()]//label[contains (@for,&apos;Workplace&apos;)]}
	at org.openqa.selenium.remote.http.W3CHttpResponseCodec.createException(W3CHttpResponseCodec.java:185)
	at org.openqa.selenium.remote.http.W3CHttpResponseCodec.decode(W3CHttpResponseCodec.java:120)
	at org.openqa.selenium.remote.http.W3CHttpResponseCodec.decode(W3CHttpResponseCodec.java:49)
	at org.openqa.selenium.remote.HttpCommandExecutor.execute(HttpCommandExecutor.java:164)
	at org.openqa.selenium.remote.service.DriverCommandExecutor.execute(DriverCommandExecutor.java:82)
	at org.openqa.selenium.remote.RemoteWebDriver.execute(RemoteWebDriver.java:646)
	at org.openqa.selenium.remote.RemoteWebDriver.findElement(RemoteWebDriver.java:416)
	at org.openqa.selenium.remote.RemoteWebDriver.findElementByXPath(RemoteWebDriver.java:518)
	at org.openqa.selenium.By$ByXPath.findElement(By.java:361)
	at org.openqa.selenium.remote.RemoteWebDriver.findElement(RemoteWebDriver.java:408)
	at org.openqa.selenium.support.events.EventFiringWebDriver$2.invoke(EventFiringWebDriver.java:105)
	at com.sun.proxy.$Proxy8.findElement(Unknown Source)
	at org.openqa.selenium.support.events.EventFiringWebDriver.findElement(EventFiringWebDriver.java:189)
	at org.openqa.selenium.support.pagefactory.DefaultElementLocator.findElement(DefaultElementLocator.java:69)
	at org.openqa.selenium.support.pagefactory.internal.LocatingElementHandler.invoke(LocatingElementHandler.java:38)
	at com.sun.proxy.$Proxy12.isDisplayed(Unknown Source)
	at org.openqa.selenium.support.ui.ExpectedConditions.elementIfVisible(ExpectedConditions.java:302)
	at org.openqa.selenium.support.ui.ExpectedConditions.access$100(ExpectedConditions.java:44)
	at org.openqa.selenium.support.ui.ExpectedConditions$10.apply(ExpectedConditions.java:288)
	at org.openqa.selenium.support.ui.ExpectedConditions$10.apply(ExpectedConditions.java:285)
	at org.openqa.selenium.support.ui.FluentWait.until(FluentWait.java:209)
	... 17 more
... Removed 16 stack frames</div></td></tr></table><p class="totop"><a href="#summary">back to summary</a></p><h3 id="m2">com.crm.qa.testcases.LogActivityTest#nolead_Reached_MultipleOpportunity</h3><table class="result"><tr class="param"><th>Parameter #1</th></tr><tr class="param stripe"><td>0050R000000XRHYQA4</td></tr><tr><th>Exception</th></tr><tr><td><div class="stacktrace">org.openqa.selenium.TimeoutException: Expected condition failed: waiting for visibility of Proxy element for: DefaultElementLocator &apos;By.xpath: (//span[(text()=&apos;Log an Interaction&apos;)]/ancestor::div[contains (@class, (&apos;content&apos;))])[last()]//label[contains (@for,&apos;Workplace&apos;)]&apos; (tried for 60 second(s) with 500 MILLISECONDS interval)
	at org.openqa.selenium.support.ui.WebDriverWait.timeoutException(WebDriverWait.java:80)
	at org.openqa.selenium.support.ui.FluentWait.until(FluentWait.java:232)
	at com.crm.qa.util.TestUtil.waitUntilElementVisible(TestUtil.java:147)
	at com.crm.qa.util.TestUtil.clickElement(TestUtil.java:133)
	at com.crm.qa.pages.Opportunities.createWorkplaceOpportunity(Opportunities.java:445)
	at com.crm.qa.testcases.LogActivityTest.nolead_Reached_MultipleOpportunity(LogActivityTest.java:599)
	at java.util.concurrent.ThreadPoolExecutor.runWorker(ThreadPoolExecutor.java:1149)
	at java.util.concurrent.ThreadPoolExecutor$Worker.run(ThreadPoolExecutor.java:624)
	at java.lang.Thread.run(Thread.java:748)
Caused by: org.openqa.selenium.NoSuchElementException: no such element: Unable to locate element: {&quot;method&quot;:&quot;xpath&quot;,&quot;selector&quot;:&quot;(//span[(text()=&apos;Log an Interaction&apos;)]/ancestor::div[contains (@class, (&apos;content&apos;))])[last()]//label[contains (@for,&apos;Workplace&apos;)]&quot;}
  (Session info: chrome=79.0.3945.130)
For documentation on this error, please visit: http://seleniumhq.org/exceptions/no_such_element.html
Build info: version: &apos;3.5.3&apos;, revision: &apos;a88d25fe6b&apos;, time: &apos;2017-08-29T12:42:44.417Z&apos;
System info: host: &apos;PHX-ISHARAF&apos;, ip: &apos;192.168.125.187&apos;, os.name: &apos;Windows 10&apos;, os.arch: &apos;amd64&apos;, os.version: &apos;10.0&apos;, java.version: &apos;1.8.0_221&apos;
Driver info: org.openqa.selenium.chrome.ChromeDriver
Capabilities [{networkConnectionEnabled=false, chrome={chromedriverVersion=79.0.3945.16 (93fcc21110c10dbbd49bbff8f472335360e31d05-refs/branch-heads/3945@{#262}), userDataDir=C:\Users\ISharaf\AppData\Local\Temp\scoped_dir32512_454615123}, timeouts={implicit=0, pageLoad=300000, script=30000}, pageLoadStrategy=normal, unhandledPromptBehavior=accept, strictFileInteractability=false, platform=XP, proxy=Proxy(), goog:chromeOptions={debuggerAddress=localhost:56695}, acceptInsecureCerts=false, browserVersion=79.0.3945.130, browserName=chrome, javascriptEnabled=true, platformName=XP, setWindowRect=true}]
Session ID: 2c3e8de4848e49103c495514e0e646b0
*** Element info: {Using=xpath, value=(//span[(text()=&apos;Log an Interaction&apos;)]/ancestor::div[contains (@class, (&apos;content&apos;))])[last()]//label[contains (@for,&apos;Workplace&apos;)]}
	at org.openqa.selenium.remote.http.W3CHttpResponseCodec.createException(W3CHttpResponseCodec.java:185)
	at org.openqa.selenium.remote.http.W3CHttpResponseCodec.decode(W3CHttpResponseCodec.java:120)
	at org.openqa.selenium.remote.http.W3CHttpResponseCodec.decode(W3CHttpResponseCodec.java:49)
	at org.openqa.selenium.remote.HttpCommandExecutor.execute(HttpCommandExecutor.java:164)
	at org.openqa.selenium.remote.service.DriverCommandExecutor.execute(DriverCommandExecutor.java:82)
	at org.openqa.selenium.remote.RemoteWebDriver.execute(RemoteWebDriver.java:646)
	at org.openqa.selenium.remote.RemoteWebDriver.findElement(RemoteWebDriver.java:416)
	at org.openqa.selenium.remote.RemoteWebDriver.findElementByXPath(RemoteWebDriver.java:518)
	at org.openqa.selenium.By$ByXPath.findElement(By.java:361)
	at org.openqa.selenium.remote.RemoteWebDriver.findElement(RemoteWebDriver.java:408)
	at org.openqa.selenium.support.events.EventFiringWebDriver$2.invoke(EventFiringWebDriver.java:105)
	at com.sun.proxy.$Proxy8.findElement(Unknown Source)
	at org.openqa.selenium.support.events.EventFiringWebDriver.findElement(EventFiringWebDriver.java:189)
	at org.openqa.selenium.support.pagefactory.DefaultElementLocator.findElement(DefaultElementLocator.java:69)
	at org.openqa.selenium.support.pagefactory.internal.LocatingElementHandler.invoke(LocatingElementHandler.java:38)
	at com.sun.proxy.$Proxy12.isDisplayed(Unknown Source)
	at org.openqa.selenium.support.ui.ExpectedConditions.elementIfVisible(ExpectedConditions.java:302)
	at org.openqa.selenium.support.ui.ExpectedConditions.access$100(ExpectedConditions.java:44)
	at org.openqa.selenium.support.ui.ExpectedConditions$10.apply(ExpectedConditions.java:288)
	at org.openqa.selenium.support.ui.ExpectedConditions$10.apply(ExpectedConditions.java:285)
	at org.openqa.selenium.support.ui.FluentWait.until(FluentWait.java:209)
	... 17 more
... Removed 16 stack frames</div></td></tr></table><p class="totop"><a href="#summary">back to summary</a></p><h3 id="m3">com.crm.qa.testcases.LogActivityTest#nolead_Reached_createWorkplaceOpportunity</h3><table class="result"><tr class="param"><th>Parameter #1</th></tr><tr class="param stripe"><td>0050R000000XRFmQAO</td></tr><tr><th>Exception</th></tr><tr><td><div class="stacktrace">org.openqa.selenium.TimeoutException: Expected condition failed: waiting for visibility of Proxy element for: DefaultElementLocator &apos;By.xpath: (//span[(text()=&apos;Log an Interaction&apos;)]/ancestor::div[contains (@class, (&apos;content&apos;))])[last()]//label[contains (@for,&apos;Workplace&apos;)]&apos; (tried for 60 second(s) with 500 MILLISECONDS interval)
	at org.openqa.selenium.support.ui.WebDriverWait.timeoutException(WebDriverWait.java:80)
	at org.openqa.selenium.support.ui.FluentWait.until(FluentWait.java:232)
	at com.crm.qa.util.TestUtil.waitUntilElementVisible(TestUtil.java:147)
	at com.crm.qa.util.TestUtil.clickElement(TestUtil.java:133)
	at com.crm.qa.pages.Opportunities.createWorkplaceOpportunity(Opportunities.java:445)
	at com.crm.qa.testcases.LogActivityTest.nolead_Reached_createWorkplaceOpportunity(LogActivityTest.java:583)
	at java.util.concurrent.ThreadPoolExecutor.runWorker(ThreadPoolExecutor.java:1149)
	at java.util.concurrent.ThreadPoolExecutor$Worker.run(ThreadPoolExecutor.java:624)
	at java.lang.Thread.run(Thread.java:748)
Caused by: org.openqa.selenium.NoSuchElementException: no such element: Unable to locate element: {&quot;method&quot;:&quot;xpath&quot;,&quot;selector&quot;:&quot;(//span[(text()=&apos;Log an Interaction&apos;)]/ancestor::div[contains (@class, (&apos;content&apos;))])[last()]//label[contains (@for,&apos;Workplace&apos;)]&quot;}
  (Session info: chrome=79.0.3945.130)
For documentation on this error, please visit: http://seleniumhq.org/exceptions/no_such_element.html
Build info: version: &apos;3.5.3&apos;, revision: &apos;a88d25fe6b&apos;, time: &apos;2017-08-29T12:42:44.417Z&apos;
System info: host: &apos;PHX-ISHARAF&apos;, ip: &apos;192.168.125.187&apos;, os.name: &apos;Windows 10&apos;, os.arch: &apos;amd64&apos;, os.version: &apos;10.0&apos;, java.version: &apos;1.8.0_221&apos;
Driver info: org.openqa.selenium.chrome.ChromeDriver
Capabilities [{networkConnectionEnabled=false, chrome={chromedriverVersion=79.0.3945.16 (93fcc21110c10dbbd49bbff8f472335360e31d05-refs/branch-heads/3945@{#262}), userDataDir=C:\Users\ISharaf\AppData\Local\Temp\scoped_dir27872_1752705257}, timeouts={implicit=0, pageLoad=300000, script=30000}, pageLoadStrategy=normal, unhandledPromptBehavior=accept, strictFileInteractability=false, platform=XP, proxy=Proxy(), goog:chromeOptions={debuggerAddress=localhost:54029}, acceptInsecureCerts=false, browserVersion=79.0.3945.130, browserName=chrome, javascriptEnabled=true, platformName=XP, setWindowRect=true}]
Session ID: 33964f6f28e70e92a8e5ee1723b65215
*** Element info: {Using=xpath, value=(//span[(text()=&apos;Log an Interaction&apos;)]/ancestor::div[contains (@class, (&apos;content&apos;))])[last()]//label[contains (@for,&apos;Workplace&apos;)]}
	at org.openqa.selenium.remote.http.W3CHttpResponseCodec.createException(W3CHttpResponseCodec.java:185)
	at org.openqa.selenium.remote.http.W3CHttpResponseCodec.decode(W3CHttpResponseCodec.java:120)
	at org.openqa.selenium.remote.http.W3CHttpResponseCodec.decode(W3CHttpResponseCodec.java:49)
	at org.openqa.selenium.remote.HttpCommandExecutor.execute(HttpCommandExecutor.java:164)
	at org.openqa.selenium.remote.service.DriverCommandExecutor.execute(DriverCommandExecutor.java:82)
	at org.openqa.selenium.remote.RemoteWebDriver.execute(RemoteWebDriver.java:646)
	at org.openqa.selenium.remote.RemoteWebDriver.findElement(RemoteWebDriver.java:416)
	at org.openqa.selenium.remote.RemoteWebDriver.findElementByXPath(RemoteWebDriver.java:518)
	at org.openqa.selenium.By$ByXPath.findElement(By.java:361)
	at org.openqa.selenium.remote.RemoteWebDriver.findElement(RemoteWebDriver.java:408)
	at org.openqa.selenium.support.events.EventFiringWebDriver$2.invoke(EventFiringWebDriver.java:105)
	at com.sun.proxy.$Proxy8.findElement(Unknown Source)
	at org.openqa.selenium.support.events.EventFiringWebDriver.findElement(EventFiringWebDriver.java:189)
	at org.openqa.selenium.support.pagefactory.DefaultElementLocator.findElement(DefaultElementLocator.java:69)
	at org.openqa.selenium.support.pagefactory.internal.LocatingElementHandler.invoke(LocatingElementHandler.java:38)
	at com.sun.proxy.$Proxy12.isDisplayed(Unknown Source)
	at org.openqa.selenium.support.ui.ExpectedConditions.elementIfVisible(ExpectedConditions.java:302)
	at org.openqa.selenium.support.ui.ExpectedConditions.access$100(ExpectedConditions.java:44)
	at org.openqa.selenium.support.ui.ExpectedConditions$10.apply(ExpectedConditions.java:288)
	at org.openqa.selenium.support.ui.ExpectedConditions$10.apply(ExpectedConditions.java:285)
	at org.openqa.selenium.support.ui.FluentWait.until(FluentWait.java:209)
	... 17 more
... Removed 17 stack frames</div></td></tr></table><p class="totop"><a href="#summary">back to summary</a></p><h3 id="m4">com.crm.qa.testcases.LogActivityTest#nolead_Reached_createWorkplaceOpportunity</h3><table class="result"><tr class="param"><th>Parameter #1</th></tr><tr class="param stripe"><td>0050R000000XRHYQA4</td></tr><tr><th>Exception</th></tr><tr><td><div class="stacktrace">org.openqa.selenium.TimeoutException: Expected condition failed: waiting for visibility of Proxy element for: DefaultElementLocator &apos;By.xpath: (//span[(text()=&apos;Log an Interaction&apos;)]/ancestor::div[contains (@class, (&apos;content&apos;))])[last()]//label[contains (@for,&apos;Workplace&apos;)]&apos; (tried for 60 second(s) with 500 MILLISECONDS interval)
	at org.openqa.selenium.support.ui.WebDriverWait.timeoutException(WebDriverWait.java:80)
	at org.openqa.selenium.support.ui.FluentWait.until(FluentWait.java:232)
	at com.crm.qa.util.TestUtil.waitUntilElementVisible(TestUtil.java:147)
	at com.crm.qa.util.TestUtil.clickElement(TestUtil.java:133)
	at com.crm.qa.pages.Opportunities.createWorkplaceOpportunity(Opportunities.java:445)
	at com.crm.qa.testcases.LogActivityTest.nolead_Reached_createWorkplaceOpportunity(LogActivityTest.java:583)
	at java.util.concurrent.ThreadPoolExecutor.runWorker(ThreadPoolExecutor.java:1149)
	at java.util.concurrent.ThreadPoolExecutor$Worker.run(ThreadPoolExecutor.java:624)
	at java.lang.Thread.run(Thread.java:748)
Caused by: org.openqa.selenium.NoSuchElementException: no such element: Unable to locate element: {&quot;method&quot;:&quot;xpath&quot;,&quot;selector&quot;:&quot;(//span[(text()=&apos;Log an Interaction&apos;)]/ancestor::div[contains (@class, (&apos;content&apos;))])[last()]//label[contains (@for,&apos;Workplace&apos;)]&quot;}
  (Session info: chrome=79.0.3945.130)
For documentation on this error, please visit: http://seleniumhq.org/exceptions/no_such_element.html
Build info: version: &apos;3.5.3&apos;, revision: &apos;a88d25fe6b&apos;, time: &apos;2017-08-29T12:42:44.417Z&apos;
System info: host: &apos;PHX-ISHARAF&apos;, ip: &apos;192.168.125.187&apos;, os.name: &apos;Windows 10&apos;, os.arch: &apos;amd64&apos;, os.version: &apos;10.0&apos;, java.version: &apos;1.8.0_221&apos;
Driver info: org.openqa.selenium.chrome.ChromeDriver
Capabilities [{networkConnectionEnabled=false, chrome={chromedriverVersion=79.0.3945.16 (93fcc21110c10dbbd49bbff8f472335360e31d05-refs/branch-heads/3945@{#262}), userDataDir=C:\Users\ISharaf\AppData\Local\Temp\scoped_dir40944_927865507}, timeouts={implicit=0, pageLoad=300000, script=30000}, pageLoadStrategy=normal, unhandledPromptBehavior=accept, strictFileInteractability=false, platform=XP, proxy=Proxy(), goog:chromeOptions={debuggerAddress=localhost:54892}, acceptInsecureCerts=false, browserVersion=79.0.3945.130, browserName=chrome, javascriptEnabled=true, platformName=XP, setWindowRect=true}]
Session ID: fd428d57e5b025f5f2314e2066c6b4c1
*** Element info: {Using=xpath, value=(//span[(text()=&apos;Log an Interaction&apos;)]/ancestor::div[contains (@class, (&apos;content&apos;))])[last()]//label[contains (@for,&apos;Workplace&apos;)]}
	at org.openqa.selenium.remote.http.W3CHttpResponseCodec.createException(W3CHttpResponseCodec.java:185)
	at org.openqa.selenium.remote.http.W3CHttpResponseCodec.decode(W3CHttpResponseCodec.java:120)
	at org.openqa.selenium.remote.http.W3CHttpResponseCodec.decode(W3CHttpResponseCodec.java:49)
	at org.openqa.selenium.remote.HttpCommandExecutor.execute(HttpCommandExecutor.java:164)
	at org.openqa.selenium.remote.service.DriverCommandExecutor.execute(DriverCommandExecutor.java:82)
	at org.openqa.selenium.remote.RemoteWebDriver.execute(RemoteWebDriver.java:646)
	at org.openqa.selenium.remote.RemoteWebDriver.findElement(RemoteWebDriver.java:416)
	at org.openqa.selenium.remote.RemoteWebDriver.findElementByXPath(RemoteWebDriver.java:518)
	at org.openqa.selenium.By$ByXPath.findElement(By.java:361)
	at org.openqa.selenium.remote.RemoteWebDriver.findElement(RemoteWebDriver.java:408)
	at org.openqa.selenium.support.events.EventFiringWebDriver$2.invoke(EventFiringWebDriver.java:105)
	at com.sun.proxy.$Proxy8.findElement(Unknown Source)
	at org.openqa.selenium.support.events.EventFiringWebDriver.findElement(EventFiringWebDriver.java:189)
	at org.openqa.selenium.support.pagefactory.DefaultElementLocator.findElement(DefaultElementLocator.java:69)
	at org.openqa.selenium.support.pagefactory.internal.LocatingElementHandler.invoke(LocatingElementHandler.java:38)
	at com.sun.proxy.$Proxy12.isDisplayed(Unknown Source)
	at org.openqa.selenium.support.ui.ExpectedConditions.elementIfVisible(ExpectedConditions.java:302)
	at org.openqa.selenium.support.ui.ExpectedConditions.access$100(ExpectedConditions.java:44)
	at org.openqa.selenium.support.ui.ExpectedConditions$10.apply(ExpectedConditions.java:288)
	at org.openqa.selenium.support.ui.ExpectedConditions$10.apply(ExpectedConditions.java:285)
	at org.openqa.selenium.support.ui.FluentWait.until(FluentWait.java:209)
	... 17 more
... Removed 17 stack frames</div></td></tr></table><p class="totop"><a href="#summary">back to summary</a></p><h3 id="m5">com.crm.qa.testcases.LogActivityTest#nolead_Reached_createWorkplaceOpportunity</h3><table class="result"><tr class="param"><th>Parameter #1</th></tr><tr class="param stripe"><td>0050R000000XRHYQA4</td></tr><tr><th>Exception</th></tr><tr><td><div class="stacktrace">org.openqa.selenium.TimeoutException: Expected condition failed: waiting for visibility of Proxy element for: DefaultElementLocator &apos;By.xpath: (//span[(text()=&apos;Log an Interaction&apos;)]/ancestor::div[contains (@class, (&apos;content&apos;))])[last()]//label[contains (@for,&apos;Workplace&apos;)]&apos; (tried for 60 second(s) with 500 MILLISECONDS interval)
	at org.openqa.selenium.support.ui.WebDriverWait.timeoutException(WebDriverWait.java:80)
	at org.openqa.selenium.support.ui.FluentWait.until(FluentWait.java:232)
	at com.crm.qa.util.TestUtil.waitUntilElementVisible(TestUtil.java:147)
	at com.crm.qa.util.TestUtil.clickElement(TestUtil.java:133)
	at com.crm.qa.pages.Opportunities.createWorkplaceOpportunity(Opportunities.java:445)
	at com.crm.qa.testcases.LogActivityTest.nolead_Reached_createWorkplaceOpportunity(LogActivityTest.java:583)
	at java.util.concurrent.ThreadPoolExecutor.runWorker(ThreadPoolExecutor.java:1149)
	at java.util.concurrent.ThreadPoolExecutor$Worker.run(ThreadPoolExecutor.java:624)
	at java.lang.Thread.run(Thread.java:748)
Caused by: org.openqa.selenium.NoSuchElementException: no such element: Unable to locate element: {&quot;method&quot;:&quot;xpath&quot;,&quot;selector&quot;:&quot;(//span[(text()=&apos;Log an Interaction&apos;)]/ancestor::div[contains (@class, (&apos;content&apos;))])[last()]//label[contains (@for,&apos;Workplace&apos;)]&quot;}
  (Session info: chrome=79.0.3945.130)
For documentation on this error, please visit: http://seleniumhq.org/exceptions/no_such_element.html
Build info: version: &apos;3.5.3&apos;, revision: &apos;a88d25fe6b&apos;, time: &apos;2017-08-29T12:42:44.417Z&apos;
System info: host: &apos;PHX-ISHARAF&apos;, ip: &apos;192.168.125.187&apos;, os.name: &apos;Windows 10&apos;, os.arch: &apos;amd64&apos;, os.version: &apos;10.0&apos;, java.version: &apos;1.8.0_221&apos;
Driver info: org.openqa.selenium.chrome.ChromeDriver
Capabilities [{networkConnectionEnabled=false, chrome={chromedriverVersion=79.0.3945.16 (93fcc21110c10dbbd49bbff8f472335360e31d05-refs/branch-heads/3945@{#262}), userDataDir=C:\Users\ISharaf\AppData\Local\Temp\scoped_dir25608_1017162407}, timeouts={implicit=0, pageLoad=300000, script=30000}, pageLoadStrategy=normal, unhandledPromptBehavior=accept, strictFileInteractability=false, platform=XP, proxy=Proxy(), goog:chromeOptions={debuggerAddress=localhost:54439}, acceptInsecureCerts=false, browserVersion=79.0.3945.130, browserName=chrome, javascriptEnabled=true, platformName=XP, setWindowRect=true}]
Session ID: 4837fae07f5375f04241c45d9e257fc4
*** Element info: {Using=xpath, value=(//span[(text()=&apos;Log an Interaction&apos;)]/ancestor::div[contains (@class, (&apos;content&apos;))])[last()]//label[contains (@for,&apos;Workplace&apos;)]}
	at org.openqa.selenium.remote.http.W3CHttpResponseCodec.createException(W3CHttpResponseCodec.java:185)
	at org.openqa.selenium.remote.http.W3CHttpResponseCodec.decode(W3CHttpResponseCodec.java:120)
	at org.openqa.selenium.remote.http.W3CHttpResponseCodec.decode(W3CHttpResponseCodec.java:49)
	at org.openqa.selenium.remote.HttpCommandExecutor.execute(HttpCommandExecutor.java:164)
	at org.openqa.selenium.remote.service.DriverCommandExecutor.execute(DriverCommandExecutor.java:82)
	at org.openqa.selenium.remote.RemoteWebDriver.execute(RemoteWebDriver.java:646)
	at org.openqa.selenium.remote.RemoteWebDriver.findElement(RemoteWebDriver.java:416)
	at org.openqa.selenium.remote.RemoteWebDriver.findElementByXPath(RemoteWebDriver.java:518)
	at org.openqa.selenium.By$ByXPath.findElement(By.java:361)
	at org.openqa.selenium.remote.RemoteWebDriver.findElement(RemoteWebDriver.java:408)
	at org.openqa.selenium.support.events.EventFiringWebDriver$2.invoke(EventFiringWebDriver.java:105)
	at com.sun.proxy.$Proxy8.findElement(Unknown Source)
	at org.openqa.selenium.support.events.EventFiringWebDriver.findElement(EventFiringWebDriver.java:189)
	at org.openqa.selenium.support.pagefactory.DefaultElementLocator.findElement(DefaultElementLocator.java:69)
	at org.openqa.selenium.support.pagefactory.internal.LocatingElementHandler.invoke(LocatingElementHandler.java:38)
	at com.sun.proxy.$Proxy12.isDisplayed(Unknown Source)
	at org.openqa.selenium.support.ui.ExpectedConditions.elementIfVisible(ExpectedConditions.java:302)
	at org.openqa.selenium.support.ui.ExpectedConditions.access$100(ExpectedConditions.java:44)
	at org.openqa.selenium.support.ui.ExpectedConditions$10.apply(ExpectedConditions.java:288)
	at org.openqa.selenium.support.ui.ExpectedConditions$10.apply(ExpectedConditions.java:285)
	at org.openqa.selenium.support.ui.FluentWait.until(FluentWait.java:209)
	... 17 more
... Removed 17 stack frames</div></td></tr></table><p class="totop"><a href="#summary">back to summary</a></p><h3 id="m6">com.crm.qa.testcases.LogActivityTest#AddSpouseandLogaCallPrimary</h3><table class="result"><tr class="param"><th>Parameter #1</th></tr><tr class="param stripe"><td>0050R000000XRHYQA4</td></tr><tr><th>Exception</th></tr><tr><td><div class="stacktrace">java.lang.NullPointerException
	at org.openqa.selenium.support.events.EventFiringWebDriver.extractInterfaces(EventFiringWebDriver.java:121)
	at org.openqa.selenium.support.events.EventFiringWebDriver.access$500(EventFiringWebDriver.java:67)
	at org.openqa.selenium.support.events.EventFiringWebDriver$EventFiringWebElement.&lt;init&gt;(EventFiringWebDriver.java:343)
	at org.openqa.selenium.support.events.EventFiringWebDriver$EventFiringWebElement.&lt;init&gt;(EventFiringWebDriver.java:335)
	at org.openqa.selenium.support.events.EventFiringWebDriver.createWebElement(EventFiringWebDriver.java:308)
	at org.openqa.selenium.support.events.EventFiringWebDriver.findElement(EventFiringWebDriver.java:191)
	at org.openqa.selenium.support.pagefactory.DefaultElementLocator.findElement(DefaultElementLocator.java:69)
	at org.openqa.selenium.support.pagefactory.internal.LocatingElementHandler.invoke(LocatingElementHandler.java:38)
	at com.sun.proxy.$Proxy12.isDisplayed(Unknown Source)
	at org.openqa.selenium.support.ui.ExpectedConditions.elementIfVisible(ExpectedConditions.java:302)
	at org.openqa.selenium.support.ui.ExpectedConditions.access$100(ExpectedConditions.java:44)
	at org.openqa.selenium.support.ui.ExpectedConditions$10.apply(ExpectedConditions.java:288)
	at org.openqa.selenium.support.ui.ExpectedConditions$10.apply(ExpectedConditions.java:285)
	at org.openqa.selenium.support.ui.FluentWait.until(FluentWait.java:209)
	at com.crm.qa.util.TestUtil.waitUntilElementVisible(TestUtil.java:147)
	at com.crm.qa.util.TestUtil.clickElement(TestUtil.java:133)
	at com.crm.qa.pages.HouseholdPage.addSpouse(HouseholdPage.java:261)
	at com.crm.qa.testcases.LogActivityTest.AddSpouseandLogaCallPrimary(LogActivityTest.java:463)
	at java.util.concurrent.ThreadPoolExecutor.runWorker(ThreadPoolExecutor.java:1149)
	at java.util.concurrent.ThreadPoolExecutor$Worker.run(ThreadPoolExecutor.java:624)
	at java.lang.Thread.run(Thread.java:748)
... Removed 10 stack frames</div></td></tr></table><p class="totop"><a href="#summary">back to summary</a></p><h3 id="m7">com.crm.qa.testcases.LogActivityTest#UpdateSpouseAccountdetails</h3><table class="result"><tr class="param"><th>Parameter #1</th></tr><tr class="param stripe"><td>0050R000000XRHYQA4</td></tr><tr><th>Exception</th></tr><tr><td><div class="stacktrace">org.openqa.selenium.TimeoutException: Expected condition failed: waiting for visibility of [[ChromeDriver: chrome on XP (d30cdd874ee3fe3741405585cf774b45)] -&gt; xpath: //button[contains (@title, (&apos;Edit Gender&apos;))]] (tried for 60 second(s) with 500 MILLISECONDS interval)
	at org.openqa.selenium.support.ui.WebDriverWait.timeoutException(WebDriverWait.java:80)
	at org.openqa.selenium.support.ui.FluentWait.until(FluentWait.java:232)
	at com.crm.qa.util.TestUtil.waitUntilElementVisible(TestUtil.java:147)
	at com.crm.qa.pages.DetailsPage.updateAccountDetails(DetailsPage.java:749)
	at com.crm.qa.testcases.LogActivityTest.UpdateSpouseAccountdetails(LogActivityTest.java:548)
	at java.util.concurrent.ThreadPoolExecutor.runWorker(ThreadPoolExecutor.java:1149)
	at java.util.concurrent.ThreadPoolExecutor$Worker.run(ThreadPoolExecutor.java:624)
	at java.lang.Thread.run(Thread.java:748)
Caused by: org.openqa.selenium.NoSuchElementException: no such element: Unable to locate element: {&quot;method&quot;:&quot;xpath&quot;,&quot;selector&quot;:&quot;//button[contains (@title, (&apos;Edit Gender&apos;))]&quot;}
  (Session info: chrome=79.0.3945.130)
For documentation on this error, please visit: http://seleniumhq.org/exceptions/no_such_element.html
Build info: version: &apos;3.5.3&apos;, revision: &apos;a88d25fe6b&apos;, time: &apos;2017-08-29T12:42:44.417Z&apos;
System info: host: &apos;PHX-ISHARAF&apos;, ip: &apos;192.168.125.187&apos;, os.name: &apos;Windows 10&apos;, os.arch: &apos;amd64&apos;, os.version: &apos;10.0&apos;, java.version: &apos;1.8.0_221&apos;
Driver info: org.openqa.selenium.chrome.ChromeDriver
Capabilities [{networkConnectionEnabled=false, chrome={chromedriverVersion=79.0.3945.16 (93fcc21110c10dbbd49bbff8f472335360e31d05-refs/branch-heads/3945@{#262}), userDataDir=C:\Users\ISharaf\AppData\Local\Temp\scoped_dir10292_2008756557}, timeouts={implicit=0, pageLoad=300000, script=30000}, pageLoadStrategy=normal, unhandledPromptBehavior=accept, strictFileInteractability=false, platform=XP, proxy=Proxy(), goog:chromeOptions={debuggerAddress=localhost:58129}, acceptInsecureCerts=false, browserVersion=79.0.3945.130, browserName=chrome, javascriptEnabled=true, platformName=XP, setWindowRect=true}]
Session ID: d30cdd874ee3fe3741405585cf774b45
*** Element info: {Using=xpath, value=//button[contains (@title, (&apos;Edit Gender&apos;))]}
	at org.openqa.selenium.remote.http.W3CHttpResponseCodec.createException(W3CHttpResponseCodec.java:185)
	at org.openqa.selenium.remote.http.W3CHttpResponseCodec.decode(W3CHttpResponseCodec.java:120)
	at org.openqa.selenium.remote.http.W3CHttpResponseCodec.decode(W3CHttpResponseCodec.java:49)
	at org.openqa.selenium.remote.HttpCommandExecutor.execute(HttpCommandExecutor.java:164)
	at org.openqa.selenium.remote.service.DriverCommandExecutor.execute(DriverCommandExecutor.java:82)
	at org.openqa.selenium.remote.RemoteWebDriver.execute(RemoteWebDriver.java:646)
	at org.openqa.selenium.remote.RemoteWebDriver.findElement(RemoteWebDriver.java:416)
	at org.openqa.selenium.remote.RemoteWebDriver.findElementByXPath(RemoteWebDriver.java:518)
	at org.openqa.selenium.By$ByXPath.findElement(By.java:361)
	at org.openqa.selenium.remote.RemoteWebDriver.findElement(RemoteWebDriver.java:408)
	at org.openqa.selenium.support.events.EventFiringWebDriver$2.invoke(EventFiringWebDriver.java:105)
	at com.sun.proxy.$Proxy8.findElement(Unknown Source)
	at org.openqa.selenium.support.events.EventFiringWebDriver.findElement(EventFiringWebDriver.java:189)
	at org.openqa.selenium.support.pagefactory.DefaultElementLocator.findElement(DefaultElementLocator.java:69)
	at org.openqa.selenium.support.pagefactory.internal.LocatingElementHandler.invoke(LocatingElementHandler.java:38)
	at com.sun.proxy.$Proxy12.isDisplayed(Unknown Source)
	at org.openqa.selenium.support.ui.ExpectedConditions.elementIfVisible(ExpectedConditions.java:302)
	at org.openqa.selenium.support.ui.ExpectedConditions.access$100(ExpectedConditions.java:44)
	at org.openqa.selenium.support.ui.ExpectedConditions$10.apply(ExpectedConditions.java:288)
	at org.openqa.selenium.support.ui.ExpectedConditions$10.apply(ExpectedConditions.java:285)
	at org.openqa.selenium.support.ui.FluentWait.until(FluentWait.java:209)
	... 16 more
... Removed 16 stack frames</div></td></tr></table><p class="totop"><a href="#summary">back to summary</a></p><h3 id="m8">com.crm.qa.testcases.LogActivityTest#nolead_Reached_MultipleOpportunity</h3><table class="result"><tr class="param"><th>Parameter #1</th></tr><tr class="param stripe"><td>0050R000000XRFmQAO</td></tr><tr><th>Exception</th></tr><tr><td><div class="stacktrace">org.openqa.selenium.TimeoutException: Expected condition failed: waiting for visibility of Proxy element for: DefaultElementLocator &apos;By.xpath: (//span[(text()=&apos;Log an Interaction&apos;)]/ancestor::div[contains (@class, (&apos;content&apos;))])[last()]//label[contains (@for,&apos;Workplace&apos;)]&apos; (tried for 60 second(s) with 500 MILLISECONDS interval)
	at org.openqa.selenium.support.ui.WebDriverWait.timeoutException(WebDriverWait.java:80)
	at org.openqa.selenium.support.ui.FluentWait.until(FluentWait.java:232)
	at com.crm.qa.util.TestUtil.waitUntilElementVisible(TestUtil.java:147)
	at com.crm.qa.util.TestUtil.clickElement(TestUtil.java:133)
	at com.crm.qa.pages.Opportunities.createWorkplaceOpportunity(Opportunities.java:445)
	at com.crm.qa.testcases.LogActivityTest.nolead_Reached_MultipleOpportunity(LogActivityTest.java:599)
	at java.util.concurrent.ThreadPoolExecutor.runWorker(ThreadPoolExecutor.java:1149)
	at java.util.concurrent.ThreadPoolExecutor$Worker.run(ThreadPoolExecutor.java:624)
	at java.lang.Thread.run(Thread.java:748)
Caused by: org.openqa.selenium.NoSuchElementException: no such element: Unable to locate element: {&quot;method&quot;:&quot;xpath&quot;,&quot;selector&quot;:&quot;(//span[(text()=&apos;Log an Interaction&apos;)]/ancestor::div[contains (@class, (&apos;content&apos;))])[last()]//label[contains (@for,&apos;Workplace&apos;)]&quot;}
  (Session info: chrome=79.0.3945.130)
For documentation on this error, please visit: http://seleniumhq.org/exceptions/no_such_element.html
Build info: version: &apos;3.5.3&apos;, revision: &apos;a88d25fe6b&apos;, time: &apos;2017-08-29T12:42:44.417Z&apos;
System info: host: &apos;PHX-ISHARAF&apos;, ip: &apos;192.168.125.187&apos;, os.name: &apos;Windows 10&apos;, os.arch: &apos;amd64&apos;, os.version: &apos;10.0&apos;, java.version: &apos;1.8.0_221&apos;
Driver info: org.openqa.selenium.chrome.ChromeDriver
Capabilities [{networkConnectionEnabled=false, chrome={chromedriverVersion=79.0.3945.16 (93fcc21110c10dbbd49bbff8f472335360e31d05-refs/branch-heads/3945@{#262}), userDataDir=C:\Users\ISharaf\AppData\Local\Temp\scoped_dir8816_2089448504}, timeouts={implicit=0, pageLoad=300000, script=30000}, pageLoadStrategy=normal, unhandledPromptBehavior=accept, strictFileInteractability=false, platform=XP, proxy=Proxy(), goog:chromeOptions={debuggerAddress=localhost:55378}, acceptInsecureCerts=false, browserVersion=79.0.3945.130, browserName=chrome, javascriptEnabled=true, platformName=XP, setWindowRect=true}]
Session ID: b58aa4caa09bcfba449203127403ea8f
*** Element info: {Using=xpath, value=(//span[(text()=&apos;Log an Interaction&apos;)]/ancestor::div[contains (@class, (&apos;content&apos;))])[last()]//label[contains (@for,&apos;Workplace&apos;)]}
	at org.openqa.selenium.remote.http.W3CHttpResponseCodec.createException(W3CHttpResponseCodec.java:185)
	at org.openqa.selenium.remote.http.W3CHttpResponseCodec.decode(W3CHttpResponseCodec.java:120)
	at org.openqa.selenium.remote.http.W3CHttpResponseCodec.decode(W3CHttpResponseCodec.java:49)
	at org.openqa.selenium.remote.HttpCommandExecutor.execute(HttpCommandExecutor.java:164)
	at org.openqa.selenium.remote.service.DriverCommandExecutor.execute(DriverCommandExecutor.java:82)
	at org.openqa.selenium.remote.RemoteWebDriver.execute(RemoteWebDriver.java:646)
	at org.openqa.selenium.remote.RemoteWebDriver.findElement(RemoteWebDriver.java:416)
	at org.openqa.selenium.remote.RemoteWebDriver.findElementByXPath(RemoteWebDriver.java:518)
	at org.openqa.selenium.By$ByXPath.findElement(By.java:361)
	at org.openqa.selenium.remote.RemoteWebDriver.findElement(RemoteWebDriver.java:408)
	at org.openqa.selenium.support.events.EventFiringWebDriver$2.invoke(EventFiringWebDriver.java:105)
	at com.sun.proxy.$Proxy8.findElement(Unknown Source)
	at org.openqa.selenium.support.events.EventFiringWebDriver.findElement(EventFiringWebDriver.java:189)
	at org.openqa.selenium.support.pagefactory.DefaultElementLocator.findElement(DefaultElementLocator.java:69)
	at org.openqa.selenium.support.pagefactory.internal.LocatingElementHandler.invoke(LocatingElementHandler.java:38)
	at com.sun.proxy.$Proxy12.isDisplayed(Unknown Source)
	at org.openqa.selenium.support.ui.ExpectedConditions.elementIfVisible(ExpectedConditions.java:302)
	at org.openqa.selenium.support.ui.ExpectedConditions.access$100(ExpectedConditions.java:44)
	at org.openqa.selenium.support.ui.ExpectedConditions$10.apply(ExpectedConditions.java:288)
	at org.openqa.selenium.support.ui.ExpectedConditions$10.apply(ExpectedConditions.java:285)
	at org.openqa.selenium.support.ui.FluentWait.until(FluentWait.java:209)
	... 17 more
... Removed 17 stack frames</div></td></tr></table><p class="totop"><a href="#summary">back to summary</a></p><h3 id="m9">com.crm.qa.testcases.LogActivityTest#nolead_Reached_createWorkplaceOpportunity</h3><table class="result"><tr class="param"><th>Parameter #1</th></tr><tr class="param stripe"><td>0050R000000XRFmQAO</td></tr><tr><th>Exception</th></tr><tr><td><div class="stacktrace">org.openqa.selenium.TimeoutException: Expected condition failed: waiting for visibility of Proxy element for: DefaultElementLocator &apos;By.xpath: (//span[(text()=&apos;Log an Interaction&apos;)]/ancestor::div[contains (@class, (&apos;content&apos;))])[last()]//label[contains (@for,&apos;Workplace&apos;)]&apos; (tried for 60 second(s) with 500 MILLISECONDS interval)
	at org.openqa.selenium.support.ui.WebDriverWait.timeoutException(WebDriverWait.java:80)
	at org.openqa.selenium.support.ui.FluentWait.until(FluentWait.java:232)
	at com.crm.qa.util.TestUtil.waitUntilElementVisible(TestUtil.java:147)
	at com.crm.qa.util.TestUtil.clickElement(TestUtil.java:133)
	at com.crm.qa.pages.Opportunities.createWorkplaceOpportunity(Opportunities.java:445)
	at com.crm.qa.testcases.LogActivityTest.nolead_Reached_createWorkplaceOpportunity(LogActivityTest.java:583)
	at java.util.concurrent.ThreadPoolExecutor.runWorker(ThreadPoolExecutor.java:1149)
	at java.util.concurrent.ThreadPoolExecutor$Worker.run(ThreadPoolExecutor.java:624)
	at java.lang.Thread.run(Thread.java:748)
Caused by: org.openqa.selenium.NoSuchElementException: no such element: Unable to locate element: {&quot;method&quot;:&quot;xpath&quot;,&quot;selector&quot;:&quot;(//span[(text()=&apos;Log an Interaction&apos;)]/ancestor::div[contains (@class, (&apos;content&apos;))])[last()]//label[contains (@for,&apos;Workplace&apos;)]&quot;}
  (Session info: chrome=79.0.3945.130)
For documentation on this error, please visit: http://seleniumhq.org/exceptions/no_such_element.html
Build info: version: &apos;3.5.3&apos;, revision: &apos;a88d25fe6b&apos;, time: &apos;2017-08-29T12:42:44.417Z&apos;
System info: host: &apos;PHX-ISHARAF&apos;, ip: &apos;192.168.125.187&apos;, os.name: &apos;Windows 10&apos;, os.arch: &apos;amd64&apos;, os.version: &apos;10.0&apos;, java.version: &apos;1.8.0_221&apos;
Driver info: org.openqa.selenium.chrome.ChromeDriver
Capabilities [{networkConnectionEnabled=false, chrome={chromedriverVersion=79.0.3945.16 (93fcc21110c10dbbd49bbff8f472335360e31d05-refs/branch-heads/3945@{#262}), userDataDir=C:\Users\ISharaf\AppData\Local\Temp\scoped_dir40508_1642932473}, timeouts={implicit=0, pageLoad=300000, script=30000}, pageLoadStrategy=normal, unhandledPromptBehavior=accept, strictFileInteractability=false, platform=XP, proxy=Proxy(), goog:chromeOptions={debuggerAddress=localhost:53619}, acceptInsecureCerts=false, browserVersion=79.0.3945.130, browserName=chrome, javascriptEnabled=true, platformName=XP, setWindowRect=true}]
Session ID: 1be124a5a4fdd0c19bbb421cbb55ded3
*** Element info: {Using=xpath, value=(//span[(text()=&apos;Log an Interaction&apos;)]/ancestor::div[contains (@class, (&apos;content&apos;))])[last()]//label[contains (@for,&apos;Workplace&apos;)]}
	at org.openqa.selenium.remote.http.W3CHttpResponseCodec.createException(W3CHttpResponseCodec.java:185)
	at org.openqa.selenium.remote.http.W3CHttpResponseCodec.decode(W3CHttpResponseCodec.java:120)
	at org.openqa.selenium.remote.http.W3CHttpResponseCodec.decode(W3CHttpResponseCodec.java:49)
	at org.openqa.selenium.remote.HttpCommandExecutor.execute(HttpCommandExecutor.java:164)
	at org.openqa.selenium.remote.service.DriverCommandExecutor.execute(DriverCommandExecutor.java:82)
	at org.openqa.selenium.remote.RemoteWebDriver.execute(RemoteWebDriver.java:646)
	at org.openqa.selenium.remote.RemoteWebDriver.findElement(RemoteWebDriver.java:416)
	at org.openqa.selenium.remote.RemoteWebDriver.findElementByXPath(RemoteWebDriver.java:518)
	at org.openqa.selenium.By$ByXPath.findElement(By.java:361)
	at org.openqa.selenium.remote.RemoteWebDriver.findElement(RemoteWebDriver.java:408)
	at org.openqa.selenium.support.events.EventFiringWebDriver$2.invoke(EventFiringWebDriver.java:105)
	at com.sun.proxy.$Proxy8.findElement(Unknown Source)
	at org.openqa.selenium.support.events.EventFiringWebDriver.findElement(EventFiringWebDriver.java:189)
	at org.openqa.selenium.support.pagefactory.DefaultElementLocator.findElement(DefaultElementLocator.java:69)
	at org.openqa.selenium.support.pagefactory.internal.LocatingElementHandler.invoke(LocatingElementHandler.java:38)
	at com.sun.proxy.$Proxy12.isDisplayed(Unknown Source)
	at org.openqa.selenium.support.ui.ExpectedConditions.elementIfVisible(ExpectedConditions.java:302)
	at org.openqa.selenium.support.ui.ExpectedConditions.access$100(ExpectedConditions.java:44)
	at org.openqa.selenium.support.ui.ExpectedConditions$10.apply(ExpectedConditions.java:288)
	at org.openqa.selenium.support.ui.ExpectedConditions$10.apply(ExpectedConditions.java:285)
	at org.openqa.selenium.support.ui.FluentWait.until(FluentWait.java:209)
	... 17 more
... Removed 17 stack frames</div></td></tr></table><p class="totop"><a href="#summary">back to summary</a></p><h3 id="m10">com.crm.qa.testcases.LogActivityTest#AddSpouseandLogaCallPrimary</h3><table class="result"><tr class="param"><th>Parameter #1</th></tr><tr class="param stripe"><td>0050R000000XRFmQAO</td></tr></table><p class="totop"><a href="#summary">back to summary</a></p><h3 id="m11">com.crm.qa.testcases.LogActivityTest#AddSpouseandLogaCallPrimary</h3><table class="result"><tr class="param"><th>Parameter #1</th></tr><tr class="param stripe"><td>0050R000000XRHYQA4</td></tr></table><p class="totop"><a href="#summary">back to summary</a></p><h3 id="m12">com.crm.qa.testcases.LogActivityTest#LogaCallwithSpouse_ValidateAtPrimary</h3><table class="result"><tr class="param"><th>Parameter #1</th></tr><tr class="param stripe"><td>0050R000000XRFmQAO</td></tr></table><p class="totop"><a href="#summary">back to summary</a></p><h3 id="m13">com.crm.qa.testcases.LogActivityTest#LogaCallwithSpouse_ValidateAtPrimary</h3><table class="result"><tr class="param"><th>Parameter #1</th></tr><tr class="param stripe"><td>0050R000000XRHYQA4</td></tr></table><p class="totop"><a href="#summary">back to summary</a></p><h3 id="m14">com.crm.qa.testcases.LogActivityTest#UpdatePrimaryAccountdetails</h3><table class="result"><tr class="param"><th>Parameter #1</th></tr><tr class="param stripe"><td>0050R000000XRHYQA4</td></tr></table><p class="totop"><a href="#summary">back to summary</a></p><h3 id="m15">com.crm.qa.testcases.LogActivityTest#UpdatePrimaryAccountdetails</h3><table class="result"><tr class="param"><th>Parameter #1</th></tr><tr class="param stripe"><td>0050R000000XRFmQAO</td></tr></table><p class="totop"><a href="#summary">back to summary</a></p><h3 id="m16">com.crm.qa.testcases.LogActivityTest#UpdateSpouseAccountdetails</h3><table class="result"><tr class="param"><th>Parameter #1</th></tr><tr class="param stripe"><td>0050R000000XRHYQA4</td></tr></table><p class="totop"><a href="#summary">back to summary</a></p><h3 id="m17">com.crm.qa.testcases.LogActivityTest#UpdateSpouseAccountdetails</h3><table class="result"><tr class="param"><th>Parameter #1</th></tr><tr class="param stripe"><td>0050R000000XRFmQAO</td></tr></table><p class="totop"><a href="#summary">back to summary</a></p><h3 id="m18">com.crm.qa.testcases.LogActivityTest#meeting_CompleteFlow</h3><table class="result"><tr class="param"><th>Parameter #1</th></tr><tr class="param stripe"><td>0050R0000032jRGQAY</td></tr></table><p class="totop"><a href="#summary">back to summary</a></p><h3 id="m19">com.crm.qa.testcases.LogActivityTest#nolead_Reached_createBranchOpportunity</h3><table class="result"><tr class="param"><th>Parameter #1</th></tr><tr class="param stripe"><td>0050R000000XRHYQA4</td></tr></table><p class="totop"><a href="#summary">back to summary</a></p><h3 id="m20">com.crm.qa.testcases.LogActivityTest#nolead_Reached_createBranchOpportunity</h3><table class="result"><tr class="param"><th>Parameter #1</th></tr><tr class="param stripe"><td>0050R000000XRFmQAO</td></tr></table><p class="totop"><a href="#summary">back to summary</a></p><h3 id="m21">com.crm.qa.testcases.LogActivityTest#notReached_multipleUsers</h3><table class="result"><tr class="param"><th>Parameter #1</th></tr><tr class="param stripe"><td>0050R000000XRFmQAO</td></tr></table><p class="totop"><a href="#summary">back to summary</a></p><h3 id="m22">com.crm.qa.testcases.LogActivityTest#notReached_multipleUsers</h3><table class="result"><tr class="param"><th>Parameter #1</th></tr><tr class="param stripe"><td>0050R000000XRHYQA4</td></tr></table><p class="totop"><a href="#summary">back to summary</a></p><h3 id="m23">com.crm.qa.testcases.LogActivityTest#notReachedwithBusinessLead</h3><table class="result"><tr class="param"><th>Parameter #1</th></tr><tr class="param stripe"><td>0050R000000XRHYQA4</td></tr></table><p class="totop"><a href="#summary">back to summary</a></p><h3 id="m24">com.crm.qa.testcases.LogActivityTest#notReachedwithBusinessLead</h3><table class="result"><tr class="param"><th>Parameter #1</th></tr><tr class="param stripe"><td>0050R000000XRFmQAO</td></tr></table><p class="totop"><a href="#summary">back to summary</a></p><h3 id="m25">com.crm.qa.testcases.LogActivityTest#reached_Schedule_Appointment</h3><table class="result"><tr class="param"><th>Parameter #1</th></tr><tr class="param stripe"><td>0050R000000XRFmQAO</td></tr></table><p class="totop"><a href="#summary">back to summary</a></p><h3 id="m26">com.crm.qa.testcases.LogActivityTest#reached_Schedule_Appointment</h3><table class="result"><tr class="param"><th>Parameter #1</th></tr><tr class="param stripe"><td>0050R000000XRHYQA4</td></tr></table><p class="totop"><a href="#summary">back to summary</a></p><h3 id="m27">com.crm.qa.testcases.LogActivityTest#reached_Schedule_Phonecall</h3><table class="result"><tr class="param"><th>Parameter #1</th></tr><tr class="param stripe"><td>0050R000000XRFmQAO</td></tr></table><p class="totop"><a href="#summary">back to summary</a></p><h3 id="m28">com.crm.qa.testcases.LogActivityTest#reached_Schedule_Phonecall</h3><table class="result"><tr class="param"><th>Parameter #1</th></tr><tr class="param stripe"><td>0050R000000XRHYQA4</td></tr></table><p class="totop"><a href="#summary">back to summary</a></p><h3 id="m29">com.crm.qa.testcases.LogActivityTest#reached_Schedule_ToDo</h3><table class="result"><tr class="param"><th>Parameter #1</th></tr><tr class="param stripe"><td>0050R000000XRHYQA4</td></tr></table><p class="totop"><a href="#summary">back to summary</a></p><h3 id="m30">com.crm.qa.testcases.LogActivityTest#reached_Schedule_ToDo</h3><table class="result"><tr class="param"><th>Parameter #1</th></tr><tr class="param stripe"><td>0050R000000XRFmQAO</td></tr></table><p class="totop"><a href="#summary">back to summary</a></p><h3 id="m31">com.crm.qa.testcases.LogActivityTest#reached_multipleUsers</h3><table class="result"><tr class="param"><th>Parameter #1</th></tr><tr class="param stripe"><td>0050R000000XRHYQA4</td></tr></table><p class="totop"><a href="#summary">back to summary</a></p><h3 id="m32">com.crm.qa.testcases.LogActivityTest#reached_multipleUsers</h3><table class="result"><tr class="param"><th>Parameter #1</th></tr><tr class="param stripe"><td>0050R000000XRFmQAO</td></tr></table><p class="totop"><a href="#summary">back to summary</a></p><h3 id="m33">com.crm.qa.testcases.LogActivityTest#reachedwithBusinessLead</h3><table class="result"><tr class="param"><th>Parameter #1</th></tr><tr class="param stripe"><td>0050R000000XRFmQAO</td></tr></table><p class="totop"><a href="#summary">back to summary</a></p><h3 id="m34">com.crm.qa.testcases.LogActivityTest#reachedwithBusinessLead</h3><table class="result"><tr class="param"><th>Parameter #1</th></tr><tr class="param stripe"><td>0050R000000XRHYQA4</td></tr></table><p class="totop"><a href="#summary">back to summary</a></p><h3 id="m35">com.crm.qa.testcases.LogActivityTest#reachedwithBusinessLead_ScheduleMeeting</h3><table class="result"><tr class="param"><th>Parameter #1</th></tr><tr class="param stripe"><td>0050R000000XRHYQA4</td></tr></table><p class="totop"><a href="#summary">back to summary</a></p><h3 id="m36">com.crm.qa.testcases.LogActivityTest#reachedwithBusinessLead_ScheduleMeeting</h3><table class="result"><tr class="param"><th>Parameter #1</th></tr><tr class="param stripe"><td>0050R000000XRFmQAO</td></tr></table><p class="totop"><a href="#summary">back to summary</a></p><h3 id="m37">com.crm.qa.testcases.LogActivityTest#reachedwithBusinessLead_SchedulePhoneCall</h3><table class="result"><tr class="param"><th>Parameter #1</th></tr><tr class="param stripe"><td>0050R000000XRFmQAO</td></tr></table><p class="totop"><a href="#summary">back to summary</a></p><h3 id="m38">com.crm.qa.testcases.LogActivityTest#reachedwithBusinessLead_SchedulePhoneCall</h3><table class="result"><tr class="param"><th>Parameter #1</th></tr><tr class="param stripe"><td>0050R000000XRHYQA4</td></tr></table><p class="totop"><a href="#summary">back to summary</a></p><h3 id="m39">com.crm.qa.testcases.LogActivityTest#reachedwithBusinessLead_ScheduleTodo</h3><table class="result"><tr class="param"><th>Parameter #1</th></tr><tr class="param stripe"><td>0050R000000XRHYQA4</td></tr></table><p class="totop"><a href="#summary">back to summary</a></p><h3 id="m40">com.crm.qa.testcases.LogActivityTest#reachedwithBusinessLead_ScheduleTodo</h3><table class="result"><tr class="param"><th>Parameter #1</th></tr><tr class="param stripe"><td>0050R000000XRFmQAO</td></tr></table><p class="totop"><a href="#summary">back to summary</a></p><h3 id="m41">com.crm.qa.testcases.LogActivityTest#validateEmail</h3><table class="result"><tr class="param"><th>Parameter #1</th></tr><tr class="param stripe"><td>0050R000000XRHYQA4</td></tr></table><p class="totop"><a href="#summary">back to summary</a></p><h3 id="m42">com.crm.qa.testcases.LogActivityTest#validateEmail</h3><table class="result"><tr class="param"><th>Parameter #1</th></tr><tr class="param stripe"><td>0050R000000XRFmQAO</td></tr></table><p class="totop"><a href="#summary">back to summary</a></p><h3 id="m43">com.crm.qa.testcases.LogActivityTest#validateFinancialDataForSponsoredClient</h3><table class="result"><tr class="param"><th>Parameter #1</th></tr><tr class="param stripe"><td>0050R000000XRHYQA4</td></tr></table><p class="totop"><a href="#summary">back to summary</a></p><h2>Branch Opportunity Test Scenarios</h2><h3 id="m44">com.crm.qa.testcases.BranchOpportunityTest#createNewFinancialAccount</h3><table class="result"><tr class="param"><th>Parameter #1</th></tr><tr class="param stripe"><td>0050R000000XRHYQA4</td></tr><tr><th>Exception</th></tr><tr><td><div class="stacktrace">org.openqa.selenium.TimeoutException: Expected condition failed: waiting for visibility of [[ChromeDriver: chrome on XP (8b51b96e0f3c74cbe727bfd22ec9c20e)] -&gt; xpath: //span[text()=&apos;Lead Source&apos;]] (tried for 60 second(s) with 500 MILLISECONDS interval)
Build info: version: &apos;3.5.3&apos;, revision: &apos;a88d25fe6b&apos;, time: &apos;2017-08-29T12:42:44.417Z&apos;
System info: host: &apos;PHX-ISHARAF&apos;, ip: &apos;192.168.125.187&apos;, os.name: &apos;Windows 10&apos;, os.arch: &apos;amd64&apos;, os.version: &apos;10.0&apos;, java.version: &apos;1.8.0_221&apos;
Driver info: org.openqa.selenium.support.events.EventFiringWebDriver
	at org.openqa.selenium.support.ui.WebDriverWait.timeoutException(WebDriverWait.java:80)
	at org.openqa.selenium.support.ui.FluentWait.until(FluentWait.java:232)
	at com.crm.qa.util.TestUtil.waitUntilElementVisible(TestUtil.java:147)
	at com.crm.qa.pages.Opportunities.validateOpttyforStageStatus(Opportunities.java:676)
	at com.crm.qa.testcases.BranchOpportunityTest.createNewFinancialAccount(BranchOpportunityTest.java:212)
	at java.util.concurrent.ThreadPoolExecutor.runWorker(ThreadPoolExecutor.java:1149)
	at java.util.concurrent.ThreadPoolExecutor$Worker.run(ThreadPoolExecutor.java:624)
	at java.lang.Thread.run(Thread.java:748)
... Removed 10 stack frames</div></td></tr></table><p class="totop"><a href="#summary">back to summary</a></p><h3 id="m45">com.crm.qa.testcases.BranchOpportunityTest#createNewFinancialAccount</h3><table class="result"><tr class="param"><th>Parameter #1</th></tr><tr class="param stripe"><td>0050R000000XRFmQAO</td></tr><tr><th>Exception</th></tr><tr><td><div class="stacktrace">org.openqa.selenium.TimeoutException: Expected condition failed: waiting for visibility of [[ChromeDriver: chrome on XP (e0436b10fa85e7d5f91c16b2bf0fd5fb)] -&gt; xpath: //span[text()=&apos;Lead Source&apos;]] (tried for 60 second(s) with 500 MILLISECONDS interval)
Build info: version: &apos;3.5.3&apos;, revision: &apos;a88d25fe6b&apos;, time: &apos;2017-08-29T12:42:44.417Z&apos;
System info: host: &apos;PHX-ISHARAF&apos;, ip: &apos;192.168.125.187&apos;, os.name: &apos;Windows 10&apos;, os.arch: &apos;amd64&apos;, os.version: &apos;10.0&apos;, java.version: &apos;1.8.0_221&apos;
Driver info: org.openqa.selenium.support.events.EventFiringWebDriver
	at org.openqa.selenium.support.ui.WebDriverWait.timeoutException(WebDriverWait.java:80)
	at org.openqa.selenium.support.ui.FluentWait.until(FluentWait.java:232)
	at com.crm.qa.util.TestUtil.waitUntilElementVisible(TestUtil.java:147)
	at com.crm.qa.pages.Opportunities.validateOpttyforStageStatus(Opportunities.java:676)
	at com.crm.qa.testcases.BranchOpportunityTest.createNewFinancialAccount(BranchOpportunityTest.java:212)
	at java.util.concurrent.ThreadPoolExecutor.runWorker(ThreadPoolExecutor.java:1149)
	at java.util.concurrent.ThreadPoolExecutor$Worker.run(ThreadPoolExecutor.java:624)
	at java.lang.Thread.run(Thread.java:748)
... Removed 10 stack frames</div></td></tr></table><p class="totop"><a href="#summary">back to summary</a></p><h3 id="m46">com.crm.qa.testcases.BranchOpportunityTest#createNewFinancialAccount</h3><table class="result"><tr class="param"><th>Parameter #1</th></tr><tr class="param stripe"><td>0050R000000XRHYQA4</td></tr><tr><th>Exception</th></tr><tr><td><div class="stacktrace">org.openqa.selenium.TimeoutException: Expected condition failed: waiting for visibility of [[ChromeDriver: chrome on XP (f2bef922f5236fd56656bac9ea089c26)] -&gt; xpath: //span[text()=&apos;Lead Source&apos;]] (tried for 60 second(s) with 500 MILLISECONDS interval)
Build info: version: &apos;3.5.3&apos;, revision: &apos;a88d25fe6b&apos;, time: &apos;2017-08-29T12:42:44.417Z&apos;
System info: host: &apos;PHX-ISHARAF&apos;, ip: &apos;192.168.125.187&apos;, os.name: &apos;Windows 10&apos;, os.arch: &apos;amd64&apos;, os.version: &apos;10.0&apos;, java.version: &apos;1.8.0_221&apos;
Driver info: org.openqa.selenium.support.events.EventFiringWebDriver
	at org.openqa.selenium.support.ui.WebDriverWait.timeoutException(WebDriverWait.java:80)
	at org.openqa.selenium.support.ui.FluentWait.until(FluentWait.java:232)
	at com.crm.qa.util.TestUtil.waitUntilElementVisible(TestUtil.java:147)
	at com.crm.qa.pages.Opportunities.validateOpttyforStageStatus(Opportunities.java:676)
	at com.crm.qa.testcases.BranchOpportunityTest.createNewFinancialAccount(BranchOpportunityTest.java:212)
	at java.util.concurrent.ThreadPoolExecutor.runWorker(ThreadPoolExecutor.java:1149)
	at java.util.concurrent.ThreadPoolExecutor$Worker.run(ThreadPoolExecutor.java:624)
	at java.lang.Thread.run(Thread.java:748)
... Removed 10 stack frames</div></td></tr></table><p class="totop"><a href="#summary">back to summary</a></p><h3 id="m47">com.crm.qa.testcases.BranchOpportunityTest#logacall_Reached_StageClosedLost</h3><table class="result"><tr class="param"><th>Parameter #1</th></tr><tr class="param stripe"><td>0050R000000XRHYQA4</td></tr><tr><th>Exception</th></tr><tr><td><div class="stacktrace">java.lang.AssertionError: The following asserts failed:
	Stage Status Value is not correct expected [Closed Lost] but found [Attempting],
	Loss Reason Value is not correct expected [Duplicate] but found []
	at com.crm.qa.pages.Opportunities.validateOpttyforStageStatus(Opportunities.java:684)
	at com.crm.qa.testcases.BranchOpportunityTest.logacall_Reached_StageClosedLost(BranchOpportunityTest.java:147)
	at java.util.concurrent.ThreadPoolExecutor.runWorker(ThreadPoolExecutor.java:1149)
	at java.util.concurrent.ThreadPoolExecutor$Worker.run(ThreadPoolExecutor.java:624)
	at java.lang.Thread.run(Thread.java:748)
... Removed 11 stack frames</div></td></tr></table><p class="totop"><a href="#summary">back to summary</a></p><h3 id="m48">com.crm.qa.testcases.BranchOpportunityTest#logacall_Reached_StageClosedLost</h3><table class="result"><tr class="param"><th>Parameter #1</th></tr><tr class="param stripe"><td>0050R000000XRFmQAO</td></tr><tr><th>Exception</th></tr><tr><td><div class="stacktrace">org.openqa.selenium.TimeoutException: Expected condition failed: waiting for visibility of Proxy element for: DefaultElementLocator &apos;By.xpath: //select[ contains (@id, (&apos;dropdownInput1:&apos;))]&apos; (tried for 60 second(s) with 500 MILLISECONDS interval)
	at org.openqa.selenium.support.ui.WebDriverWait.timeoutException(WebDriverWait.java:80)
	at org.openqa.selenium.support.ui.FluentWait.until(FluentWait.java:232)
	at com.crm.qa.util.TestUtil.waitUntilElementVisible(TestUtil.java:147)
	at com.crm.qa.util.TestUtil.clickElement(TestUtil.java:133)
	at com.crm.qa.pages.Opportunities.opportunityClosedLost(Opportunities.java:498)
	at com.crm.qa.testcases.BranchOpportunityTest.logacall_Reached_StageClosedLost(BranchOpportunityTest.java:145)
	at java.util.concurrent.ThreadPoolExecutor.runWorker(ThreadPoolExecutor.java:1149)
	at java.util.concurrent.ThreadPoolExecutor$Worker.run(ThreadPoolExecutor.java:624)
	at java.lang.Thread.run(Thread.java:748)
Caused by: org.openqa.selenium.NoSuchElementException: no such element: Unable to locate element: {&quot;method&quot;:&quot;xpath&quot;,&quot;selector&quot;:&quot;//select[ contains (@id, (&apos;dropdownInput1:&apos;))]&quot;}
  (Session info: chrome=79.0.3945.130)
For documentation on this error, please visit: http://seleniumhq.org/exceptions/no_such_element.html
Build info: version: &apos;3.5.3&apos;, revision: &apos;a88d25fe6b&apos;, time: &apos;2017-08-29T12:42:44.417Z&apos;
System info: host: &apos;PHX-ISHARAF&apos;, ip: &apos;192.168.125.187&apos;, os.name: &apos;Windows 10&apos;, os.arch: &apos;amd64&apos;, os.version: &apos;10.0&apos;, java.version: &apos;1.8.0_221&apos;
Driver info: org.openqa.selenium.chrome.ChromeDriver
Capabilities [{networkConnectionEnabled=false, chrome={chromedriverVersion=79.0.3945.16 (93fcc21110c10dbbd49bbff8f472335360e31d05-refs/branch-heads/3945@{#262}), userDataDir=C:\Users\ISharaf\AppData\Local\Temp\scoped_dir27808_2827010}, timeouts={implicit=0, pageLoad=300000, script=30000}, pageLoadStrategy=normal, unhandledPromptBehavior=accept, strictFileInteractability=false, platform=XP, proxy=Proxy(), goog:chromeOptions={debuggerAddress=localhost:54492}, acceptInsecureCerts=false, browserVersion=79.0.3945.130, browserName=chrome, javascriptEnabled=true, platformName=XP, setWindowRect=true}]
Session ID: 60075ea67e3669b27e5c9895d137617d
*** Element info: {Using=xpath, value=//select[ contains (@id, (&apos;dropdownInput1:&apos;))]}
	at org.openqa.selenium.remote.http.W3CHttpResponseCodec.createException(W3CHttpResponseCodec.java:185)
	at org.openqa.selenium.remote.http.W3CHttpResponseCodec.decode(W3CHttpResponseCodec.java:120)
	at org.openqa.selenium.remote.http.W3CHttpResponseCodec.decode(W3CHttpResponseCodec.java:49)
	at org.openqa.selenium.remote.HttpCommandExecutor.execute(HttpCommandExecutor.java:164)
	at org.openqa.selenium.remote.service.DriverCommandExecutor.execute(DriverCommandExecutor.java:82)
	at org.openqa.selenium.remote.RemoteWebDriver.execute(RemoteWebDriver.java:646)
	at org.openqa.selenium.remote.RemoteWebDriver.findElement(RemoteWebDriver.java:416)
	at org.openqa.selenium.remote.RemoteWebDriver.findElementByXPath(RemoteWebDriver.java:518)
	at org.openqa.selenium.By$ByXPath.findElement(By.java:361)
	at org.openqa.selenium.remote.RemoteWebDriver.findElement(RemoteWebDriver.java:408)
	at org.openqa.selenium.support.events.EventFiringWebDriver$2.invoke(EventFiringWebDriver.java:105)
	at com.sun.proxy.$Proxy8.findElement(Unknown Source)
	at org.openqa.selenium.support.events.EventFiringWebDriver.findElement(EventFiringWebDriver.java:189)
	at org.openqa.selenium.support.pagefactory.DefaultElementLocator.findElement(DefaultElementLocator.java:69)
	at org.openqa.selenium.support.pagefactory.internal.LocatingElementHandler.invoke(LocatingElementHandler.java:38)
	at com.sun.proxy.$Proxy12.isDisplayed(Unknown Source)
	at org.openqa.selenium.support.ui.ExpectedConditions.elementIfVisible(ExpectedConditions.java:302)
	at org.openqa.selenium.support.ui.ExpectedConditions.access$100(ExpectedConditions.java:44)
	at org.openqa.selenium.support.ui.ExpectedConditions$10.apply(ExpectedConditions.java:288)
	at org.openqa.selenium.support.ui.ExpectedConditions$10.apply(ExpectedConditions.java:285)
	at org.openqa.selenium.support.ui.FluentWait.until(FluentWait.java:209)
	... 17 more
... Removed 16 stack frames</div></td></tr></table><p class="totop"><a href="#summary">back to summary</a></p><h3 id="m49">com.crm.qa.testcases.BranchOpportunityTest#logacall_Reached_StageClosedLost</h3><table class="result"><tr class="param"><th>Parameter #1</th></tr><tr class="param stripe"><td>0050R000000XRHYQA4</td></tr><tr><th>Exception</th></tr><tr><td><div class="stacktrace">java.lang.AssertionError: The following asserts failed:
	Stage Status Value is not correct expected [Closed Lost] but found [Attempting],
	Loss Reason Value is not correct expected [Duplicate] but found []
	at com.crm.qa.pages.Opportunities.validateOpttyforStageStatus(Opportunities.java:684)
	at com.crm.qa.testcases.BranchOpportunityTest.logacall_Reached_StageClosedLost(BranchOpportunityTest.java:147)
	at java.util.concurrent.ThreadPoolExecutor.runWorker(ThreadPoolExecutor.java:1149)
	at java.util.concurrent.ThreadPoolExecutor$Worker.run(ThreadPoolExecutor.java:624)
	at java.lang.Thread.run(Thread.java:748)
... Removed 11 stack frames</div></td></tr></table><p class="totop"><a href="#summary">back to summary</a></p><h3 id="m50">com.crm.qa.testcases.BranchOpportunityTest#scheduleMeetingviaNextAction</h3><table class="result"><tr class="param"><th>Parameter #1</th></tr><tr class="param stripe"><td>0050R000000XRHYQA4</td></tr><tr><th>Exception</th></tr><tr><td><div class="stacktrace">org.openqa.selenium.UnhandledAlertException: unexpected alert open
  (Session info: chrome=79.0.3945.130): 
Build info: version: &apos;3.5.3&apos;, revision: &apos;a88d25fe6b&apos;, time: &apos;2017-08-29T12:42:44.417Z&apos;
System info: host: &apos;PHX-ISHARAF&apos;, ip: &apos;192.168.125.187&apos;, os.name: &apos;Windows 10&apos;, os.arch: &apos;amd64&apos;, os.version: &apos;10.0&apos;, java.version: &apos;1.8.0_221&apos;
Driver info: org.openqa.selenium.chrome.ChromeDriver
Capabilities [{networkConnectionEnabled=false, chrome={chromedriverVersion=79.0.3945.16 (93fcc21110c10dbbd49bbff8f472335360e31d05-refs/branch-heads/3945@{#262}), userDataDir=C:\Users\ISharaf\AppData\Local\Temp\scoped_dir35644_1026785344}, timeouts={implicit=0, pageLoad=300000, script=30000}, pageLoadStrategy=normal, unhandledPromptBehavior=accept, strictFileInteractability=false, platform=XP, proxy=Proxy(), goog:chromeOptions={debuggerAddress=localhost:56967}, acceptInsecureCerts=false, browserVersion=79.0.3945.130, browserName=chrome, javascriptEnabled=true, platformName=XP, setWindowRect=true}]
Session ID: 8ab0625ca8a45cbff8db941b543eae3e
	at org.openqa.selenium.remote.http.W3CHttpResponseCodec.decode(W3CHttpResponseCodec.java:118)
	at org.openqa.selenium.remote.http.W3CHttpResponseCodec.decode(W3CHttpResponseCodec.java:49)
	at org.openqa.selenium.remote.HttpCommandExecutor.execute(HttpCommandExecutor.java:164)
	at org.openqa.selenium.remote.service.DriverCommandExecutor.execute(DriverCommandExecutor.java:82)
	at org.openqa.selenium.remote.RemoteWebDriver.execute(RemoteWebDriver.java:646)
	at org.openqa.selenium.remote.RemoteWebDriver.executeScript(RemoteWebDriver.java:582)
	at org.openqa.selenium.support.events.EventFiringWebDriver$2.invoke(EventFiringWebDriver.java:105)
	at com.sun.proxy.$Proxy8.executeScript(Unknown Source)
	at org.openqa.selenium.support.events.EventFiringWebDriver.executeScript(EventFiringWebDriver.java:218)
	at com.crm.qa.util.TestUtil.clickElement(TestUtil.java:134)
	at com.crm.qa.pages.Opportunities.scheduleMeetingusingNextAction(Opportunities.java:535)
	at com.crm.qa.testcases.BranchOpportunityTest.scheduleMeetingviaNextAction(BranchOpportunityTest.java:176)
	at java.util.concurrent.ThreadPoolExecutor.runWorker(ThreadPoolExecutor.java:1149)
	at java.util.concurrent.ThreadPoolExecutor$Worker.run(ThreadPoolExecutor.java:624)
	at java.lang.Thread.run(Thread.java:748)
... Removed 13 stack frames</div></td></tr></table><p class="totop"><a href="#summary">back to summary</a></p><h3 id="m51">com.crm.qa.testcases.BranchOpportunityTest#createNewFinancialAccount</h3><table class="result"><tr class="param"><th>Parameter #1</th></tr><tr class="param stripe"><td>0050R000000XRFmQAO</td></tr><tr><th>Exception</th></tr><tr><td><div class="stacktrace">org.openqa.selenium.TimeoutException: Expected condition failed: waiting for visibility of [[ChromeDriver: chrome on XP (da13d2960352822c824fc9113a446b02)] -&gt; xpath: //span[text()=&apos;Lead Source&apos;]] (tried for 60 second(s) with 500 MILLISECONDS interval)
Build info: version: &apos;3.5.3&apos;, revision: &apos;a88d25fe6b&apos;, time: &apos;2017-08-29T12:42:44.417Z&apos;
System info: host: &apos;PHX-ISHARAF&apos;, ip: &apos;192.168.125.187&apos;, os.name: &apos;Windows 10&apos;, os.arch: &apos;amd64&apos;, os.version: &apos;10.0&apos;, java.version: &apos;1.8.0_221&apos;
Driver info: org.openqa.selenium.support.events.EventFiringWebDriver
	at org.openqa.selenium.support.ui.WebDriverWait.timeoutException(WebDriverWait.java:80)
	at org.openqa.selenium.support.ui.FluentWait.until(FluentWait.java:232)
	at com.crm.qa.util.TestUtil.waitUntilElementVisible(TestUtil.java:147)
	at com.crm.qa.pages.Opportunities.validateOpttyforStageStatus(Opportunities.java:676)
	at com.crm.qa.testcases.BranchOpportunityTest.createNewFinancialAccount(BranchOpportunityTest.java:212)
	at java.util.concurrent.ThreadPoolExecutor.runWorker(ThreadPoolExecutor.java:1149)
	at java.util.concurrent.ThreadPoolExecutor$Worker.run(ThreadPoolExecutor.java:624)
	at java.lang.Thread.run(Thread.java:748)
... Removed 10 stack frames</div></td></tr></table><p class="totop"><a href="#summary">back to summary</a></p><h3 id="m52">com.crm.qa.testcases.BranchOpportunityTest#logacall_Reached_StageClosedLost</h3><table class="result"><tr class="param"><th>Parameter #1</th></tr><tr class="param stripe"><td>0050R000000XRFmQAO</td></tr><tr><th>Exception</th></tr><tr><td><div class="stacktrace">org.openqa.selenium.TimeoutException: Expected condition failed: waiting for visibility of Proxy element for: DefaultElementLocator &apos;By.xpath: //select[ contains (@id, (&apos;dropdownInput1:&apos;))]&apos; (tried for 60 second(s) with 500 MILLISECONDS interval)
	at org.openqa.selenium.support.ui.WebDriverWait.timeoutException(WebDriverWait.java:80)
	at org.openqa.selenium.support.ui.FluentWait.until(FluentWait.java:232)
	at com.crm.qa.util.TestUtil.waitUntilElementVisible(TestUtil.java:147)
	at com.crm.qa.util.TestUtil.clickElement(TestUtil.java:133)
	at com.crm.qa.pages.Opportunities.opportunityClosedLost(Opportunities.java:498)
	at com.crm.qa.testcases.BranchOpportunityTest.logacall_Reached_StageClosedLost(BranchOpportunityTest.java:145)
	at java.util.concurrent.ThreadPoolExecutor.runWorker(ThreadPoolExecutor.java:1149)
	at java.util.concurrent.ThreadPoolExecutor$Worker.run(ThreadPoolExecutor.java:624)
	at java.lang.Thread.run(Thread.java:748)
Caused by: org.openqa.selenium.NoSuchElementException: no such element: Unable to locate element: {&quot;method&quot;:&quot;xpath&quot;,&quot;selector&quot;:&quot;//select[ contains (@id, (&apos;dropdownInput1:&apos;))]&quot;}
  (Session info: chrome=79.0.3945.130)
For documentation on this error, please visit: http://seleniumhq.org/exceptions/no_such_element.html
Build info: version: &apos;3.5.3&apos;, revision: &apos;a88d25fe6b&apos;, time: &apos;2017-08-29T12:42:44.417Z&apos;
System info: host: &apos;PHX-ISHARAF&apos;, ip: &apos;192.168.125.187&apos;, os.name: &apos;Windows 10&apos;, os.arch: &apos;amd64&apos;, os.version: &apos;10.0&apos;, java.version: &apos;1.8.0_221&apos;
Driver info: org.openqa.selenium.chrome.ChromeDriver
Capabilities [{networkConnectionEnabled=false, chrome={chromedriverVersion=79.0.3945.16 (93fcc21110c10dbbd49bbff8f472335360e31d05-refs/branch-heads/3945@{#262}), userDataDir=C:\Users\ISharaf\AppData\Local\Temp\scoped_dir45604_898161448}, timeouts={implicit=0, pageLoad=300000, script=30000}, pageLoadStrategy=normal, unhandledPromptBehavior=accept, strictFileInteractability=false, platform=XP, proxy=Proxy(), goog:chromeOptions={debuggerAddress=localhost:54063}, acceptInsecureCerts=false, browserVersion=79.0.3945.130, browserName=chrome, javascriptEnabled=true, platformName=XP, setWindowRect=true}]
Session ID: a3f5ff5855a82c42f4282248f9a304c5
*** Element info: {Using=xpath, value=//select[ contains (@id, (&apos;dropdownInput1:&apos;))]}
	at org.openqa.selenium.remote.http.W3CHttpResponseCodec.createException(W3CHttpResponseCodec.java:185)
	at org.openqa.selenium.remote.http.W3CHttpResponseCodec.decode(W3CHttpResponseCodec.java:120)
	at org.openqa.selenium.remote.http.W3CHttpResponseCodec.decode(W3CHttpResponseCodec.java:49)
	at org.openqa.selenium.remote.HttpCommandExecutor.execute(HttpCommandExecutor.java:164)
	at org.openqa.selenium.remote.service.DriverCommandExecutor.execute(DriverCommandExecutor.java:82)
	at org.openqa.selenium.remote.RemoteWebDriver.execute(RemoteWebDriver.java:646)
	at org.openqa.selenium.remote.RemoteWebDriver.findElement(RemoteWebDriver.java:416)
	at org.openqa.selenium.remote.RemoteWebDriver.findElementByXPath(RemoteWebDriver.java:518)
	at org.openqa.selenium.By$ByXPath.findElement(By.java:361)
	at org.openqa.selenium.remote.RemoteWebDriver.findElement(RemoteWebDriver.java:408)
	at org.openqa.selenium.support.events.EventFiringWebDriver$2.invoke(EventFiringWebDriver.java:105)
	at com.sun.proxy.$Proxy8.findElement(Unknown Source)
	at org.openqa.selenium.support.events.EventFiringWebDriver.findElement(EventFiringWebDriver.java:189)
	at org.openqa.selenium.support.pagefactory.DefaultElementLocator.findElement(DefaultElementLocator.java:69)
	at org.openqa.selenium.support.pagefactory.internal.LocatingElementHandler.invoke(LocatingElementHandler.java:38)
	at com.sun.proxy.$Proxy12.isDisplayed(Unknown Source)
	at org.openqa.selenium.support.ui.ExpectedConditions.elementIfVisible(ExpectedConditions.java:302)
	at org.openqa.selenium.support.ui.ExpectedConditions.access$100(ExpectedConditions.java:44)
	at org.openqa.selenium.support.ui.ExpectedConditions$10.apply(ExpectedConditions.java:288)
	at org.openqa.selenium.support.ui.ExpectedConditions$10.apply(ExpectedConditions.java:285)
	at org.openqa.selenium.support.ui.FluentWait.until(FluentWait.java:209)
	... 17 more
... Removed 16 stack frames</div></td></tr></table><p class="totop"><a href="#summary">back to summary</a></p><h3 id="m53">com.crm.qa.testcases.BranchOpportunityTest#scheduleMeetingviaNextAction</h3><table class="result"><tr class="param"><th>Parameter #1</th></tr><tr class="param stripe"><td>0050R000000XRHYQA4</td></tr><tr><th>Exception</th></tr><tr><td><div class="stacktrace">java.lang.NullPointerException
	at org.openqa.selenium.support.events.EventFiringWebDriver.extractInterfaces(EventFiringWebDriver.java:121)
	at org.openqa.selenium.support.events.EventFiringWebDriver.access$500(EventFiringWebDriver.java:67)
	at org.openqa.selenium.support.events.EventFiringWebDriver$EventFiringWebElement.&lt;init&gt;(EventFiringWebDriver.java:343)
	at org.openqa.selenium.support.events.EventFiringWebDriver$EventFiringWebElement.&lt;init&gt;(EventFiringWebDriver.java:335)
	at org.openqa.selenium.support.events.EventFiringWebDriver.createWebElement(EventFiringWebDriver.java:308)
	at org.openqa.selenium.support.events.EventFiringWebDriver.findElement(EventFiringWebDriver.java:191)
	at org.openqa.selenium.support.pagefactory.DefaultElementLocator.findElement(DefaultElementLocator.java:69)
	at org.openqa.selenium.support.pagefactory.internal.LocatingElementHandler.invoke(LocatingElementHandler.java:38)
	at com.sun.proxy.$Proxy12.isDisplayed(Unknown Source)
	at org.openqa.selenium.support.ui.ExpectedConditions.elementIfVisible(ExpectedConditions.java:302)
	at org.openqa.selenium.support.ui.ExpectedConditions.access$100(ExpectedConditions.java:44)
	at org.openqa.selenium.support.ui.ExpectedConditions$10.apply(ExpectedConditions.java:288)
	at org.openqa.selenium.support.ui.ExpectedConditions$10.apply(ExpectedConditions.java:285)
	at org.openqa.selenium.support.ui.FluentWait.until(FluentWait.java:209)
	at com.crm.qa.util.TestUtil.waitUntilElementVisible(TestUtil.java:147)
	at com.crm.qa.pages.Opportunities.scheduleMeetingusingNextAction(Opportunities.java:534)
	at com.crm.qa.testcases.BranchOpportunityTest.scheduleMeetingviaNextAction(BranchOpportunityTest.java:176)
	at java.util.concurrent.ThreadPoolExecutor.runWorker(ThreadPoolExecutor.java:1149)
	at java.util.concurrent.ThreadPoolExecutor$Worker.run(ThreadPoolExecutor.java:624)
	at java.lang.Thread.run(Thread.java:748)
... Removed 10 stack frames</div></td></tr></table><p class="totop"><a href="#summary">back to summary</a></p><h3 id="m54">com.crm.qa.testcases.BranchOpportunityTest#enrollment_BM</h3><table class="result"><tr class="param"><th>Parameter #1</th></tr><tr class="param stripe"><td>0050R000000XRHYQA4</td></tr></table><p class="totop"><a href="#summary">back to summary</a></p><h3 id="m55">com.crm.qa.testcases.BranchOpportunityTest#enrollment_BM</h3><table class="result"><tr class="param"><th>Parameter #1</th></tr><tr class="param stripe"><td>0050R000000XRFmQAO</td></tr></table><p class="totop"><a href="#summary">back to summary</a></p><h3 id="m56">com.crm.qa.testcases.BranchOpportunityTest#logacall_notReached_Optty</h3><table class="result"><tr class="param"><th>Parameter #1</th></tr><tr class="param stripe"><td>0050R000000XRHYQA4</td></tr></table><p class="totop"><a href="#summary">back to summary</a></p><h3 id="m57">com.crm.qa.testcases.BranchOpportunityTest#logacall_notReached_Optty</h3><table class="result"><tr class="param"><th>Parameter #1</th></tr><tr class="param stripe"><td>0050R000000XRFmQAO</td></tr></table><p class="totop"><a href="#summary">back to summary</a></p><h3 id="m58">com.crm.qa.testcases.BranchOpportunityTest#moveStageStatusManually</h3><table class="result"><tr class="param"><th>Parameter #1</th></tr><tr class="param stripe"><td>0050R000000XRFmQAO</td></tr></table><p class="totop"><a href="#summary">back to summary</a></p><h3 id="m59">com.crm.qa.testcases.BranchOpportunityTest#moveStageStatusManually</h3><table class="result"><tr class="param"><th>Parameter #1</th></tr><tr class="param stripe"><td>0050R000000XRHYQA4</td></tr></table><p class="totop"><a href="#summary">back to summary</a></p><h3 id="m60">com.crm.qa.testcases.BranchOpportunityTest#opttyClosedLost_viaAPI</h3><table class="result"><tr class="param"><th>Parameter #1</th></tr><tr class="param stripe"><td>0050R000000XRFmQAO</td></tr></table><p class="totop"><a href="#summary">back to summary</a></p><h3 id="m61">com.crm.qa.testcases.BranchOpportunityTest#opttyClosedLost_viaAPI</h3><table class="result"><tr class="param"><th>Parameter #1</th></tr><tr class="param stripe"><td>0050R000000XRHYQA4</td></tr></table><p class="totop"><a href="#summary">back to summary</a></p><h3 id="m62">com.crm.qa.testcases.BranchOpportunityTest#scheduleMeetingandthenCloseMeeting</h3><table class="result"><tr class="param"><th>Parameter #1</th></tr><tr class="param stripe"><td>0050R000000XRFmQAO</td></tr></table><p class="totop"><a href="#summary">back to summary</a></p><h3 id="m63">com.crm.qa.testcases.BranchOpportunityTest#scheduleMeetingandthenCloseMeeting</h3><table class="result"><tr class="param"><th>Parameter #1</th></tr><tr class="param stripe"><td>0050R000000XRHYQA4</td></tr></table><p class="totop"><a href="#summary">back to summary</a></p><h3 id="m64">com.crm.qa.testcases.BranchOpportunityTest#scheduleMeetingviaNextAction</h3><table class="result"><tr class="param"><th>Parameter #1</th></tr><tr class="param stripe"><td>0050R000000XRFmQAO</td></tr></table><p class="totop"><a href="#summary">back to summary</a></p><h2>Log a Call for Household Test Scenarios</h2><h3 id="m65">com.crm.qa.testcases.LogActivityTest_HouseHold#nolead_Reached_MultipleOpportunity</h3><table class="result"><tr class="param"><th>Parameter #1</th></tr><tr class="param stripe"><td>0050R000000XRHYQA4</td></tr><tr><th>Exception</th></tr><tr><td><div class="stacktrace">org.openqa.selenium.TimeoutException: Expected condition failed: waiting for visibility of Proxy element for: DefaultElementLocator &apos;By.xpath: (//span[(text()=&apos;Log an Interaction&apos;)]/ancestor::div[contains (@class, (&apos;content&apos;))])[last()]//label[contains (@for,&apos;Workplace&apos;)]&apos; (tried for 60 second(s) with 500 MILLISECONDS interval)
	at org.openqa.selenium.support.ui.WebDriverWait.timeoutException(WebDriverWait.java:80)
	at org.openqa.selenium.support.ui.FluentWait.until(FluentWait.java:232)
	at com.crm.qa.util.TestUtil.waitUntilElementVisible(TestUtil.java:147)
	at com.crm.qa.util.TestUtil.clickElement(TestUtil.java:133)
	at com.crm.qa.pages.Opportunities.createWorkplaceOpportunity(Opportunities.java:445)
	at com.crm.qa.testcases.LogActivityTest_HouseHold.nolead_Reached_MultipleOpportunity(LogActivityTest_HouseHold.java:495)
	at java.util.concurrent.ThreadPoolExecutor.runWorker(ThreadPoolExecutor.java:1149)
	at java.util.concurrent.ThreadPoolExecutor$Worker.run(ThreadPoolExecutor.java:624)
	at java.lang.Thread.run(Thread.java:748)
Caused by: org.openqa.selenium.NoSuchElementException: no such element: Unable to locate element: {&quot;method&quot;:&quot;xpath&quot;,&quot;selector&quot;:&quot;(//span[(text()=&apos;Log an Interaction&apos;)]/ancestor::div[contains (@class, (&apos;content&apos;))])[last()]//label[contains (@for,&apos;Workplace&apos;)]&quot;}
  (Session info: chrome=79.0.3945.130)
For documentation on this error, please visit: http://seleniumhq.org/exceptions/no_such_element.html
Build info: version: &apos;3.5.3&apos;, revision: &apos;a88d25fe6b&apos;, time: &apos;2017-08-29T12:42:44.417Z&apos;
System info: host: &apos;PHX-ISHARAF&apos;, ip: &apos;192.168.125.187&apos;, os.name: &apos;Windows 10&apos;, os.arch: &apos;amd64&apos;, os.version: &apos;10.0&apos;, java.version: &apos;1.8.0_221&apos;
Driver info: org.openqa.selenium.chrome.ChromeDriver
Capabilities [{networkConnectionEnabled=false, chrome={chromedriverVersion=79.0.3945.16 (93fcc21110c10dbbd49bbff8f472335360e31d05-refs/branch-heads/3945@{#262}), userDataDir=C:\Users\ISharaf\AppData\Local\Temp\scoped_dir42472_351414035}, timeouts={implicit=0, pageLoad=300000, script=30000}, pageLoadStrategy=normal, unhandledPromptBehavior=accept, strictFileInteractability=false, platform=XP, proxy=Proxy(), goog:chromeOptions={debuggerAddress=localhost:55748}, acceptInsecureCerts=false, browserVersion=79.0.3945.130, browserName=chrome, javascriptEnabled=true, platformName=XP, setWindowRect=true}]
Session ID: b13e0ff1e8110efffb4d3b121b67dd68
*** Element info: {Using=xpath, value=(//span[(text()=&apos;Log an Interaction&apos;)]/ancestor::div[contains (@class, (&apos;content&apos;))])[last()]//label[contains (@for,&apos;Workplace&apos;)]}
	at org.openqa.selenium.remote.http.W3CHttpResponseCodec.createException(W3CHttpResponseCodec.java:185)
	at org.openqa.selenium.remote.http.W3CHttpResponseCodec.decode(W3CHttpResponseCodec.java:120)
	at org.openqa.selenium.remote.http.W3CHttpResponseCodec.decode(W3CHttpResponseCodec.java:49)
	at org.openqa.selenium.remote.HttpCommandExecutor.execute(HttpCommandExecutor.java:164)
	at org.openqa.selenium.remote.service.DriverCommandExecutor.execute(DriverCommandExecutor.java:82)
	at org.openqa.selenium.remote.RemoteWebDriver.execute(RemoteWebDriver.java:646)
	at org.openqa.selenium.remote.RemoteWebDriver.findElement(RemoteWebDriver.java:416)
	at org.openqa.selenium.remote.RemoteWebDriver.findElementByXPath(RemoteWebDriver.java:518)
	at org.openqa.selenium.By$ByXPath.findElement(By.java:361)
	at org.openqa.selenium.remote.RemoteWebDriver.findElement(RemoteWebDriver.java:408)
	at org.openqa.selenium.support.events.EventFiringWebDriver$2.invoke(EventFiringWebDriver.java:105)
	at com.sun.proxy.$Proxy8.findElement(Unknown Source)
	at org.openqa.selenium.support.events.EventFiringWebDriver.findElement(EventFiringWebDriver.java:189)
	at org.openqa.selenium.support.pagefactory.DefaultElementLocator.findElement(DefaultElementLocator.java:69)
	at org.openqa.selenium.support.pagefactory.internal.LocatingElementHandler.invoke(LocatingElementHandler.java:38)
	at com.sun.proxy.$Proxy12.isDisplayed(Unknown Source)
	at org.openqa.selenium.support.ui.ExpectedConditions.elementIfVisible(ExpectedConditions.java:302)
	at org.openqa.selenium.support.ui.ExpectedConditions.access$100(ExpectedConditions.java:44)
	at org.openqa.selenium.support.ui.ExpectedConditions$10.apply(ExpectedConditions.java:288)
	at org.openqa.selenium.support.ui.ExpectedConditions$10.apply(ExpectedConditions.java:285)
	at org.openqa.selenium.support.ui.FluentWait.until(FluentWait.java:209)
	... 17 more
... Removed 16 stack frames</div></td></tr></table><p class="totop"><a href="#summary">back to summary</a></p><h3 id="m66">com.crm.qa.testcases.LogActivityTest_HouseHold#nolead_Reached_MultipleOpportunity</h3><table class="result"><tr class="param"><th>Parameter #1</th></tr><tr class="param stripe"><td>0050R000000XRHYQA4</td></tr><tr><th>Exception</th></tr><tr><td><div class="stacktrace">org.openqa.selenium.TimeoutException: Expected condition failed: waiting for visibility of Proxy element for: DefaultElementLocator &apos;By.xpath: (//span[(text()=&apos;Log an Interaction&apos;)]/ancestor::div[contains (@class, (&apos;content&apos;))])[last()]//label[contains (@for,&apos;Workplace&apos;)]&apos; (tried for 60 second(s) with 500 MILLISECONDS interval)
	at org.openqa.selenium.support.ui.WebDriverWait.timeoutException(WebDriverWait.java:80)
	at org.openqa.selenium.support.ui.FluentWait.until(FluentWait.java:232)
	at com.crm.qa.util.TestUtil.waitUntilElementVisible(TestUtil.java:147)
	at com.crm.qa.util.TestUtil.clickElement(TestUtil.java:133)
	at com.crm.qa.pages.Opportunities.createWorkplaceOpportunity(Opportunities.java:445)
	at com.crm.qa.testcases.LogActivityTest_HouseHold.nolead_Reached_MultipleOpportunity(LogActivityTest_HouseHold.java:495)
	at java.util.concurrent.ThreadPoolExecutor.runWorker(ThreadPoolExecutor.java:1149)
	at java.util.concurrent.ThreadPoolExecutor$Worker.run(ThreadPoolExecutor.java:624)
	at java.lang.Thread.run(Thread.java:748)
Caused by: org.openqa.selenium.NoSuchElementException: no such element: Unable to locate element: {&quot;method&quot;:&quot;xpath&quot;,&quot;selector&quot;:&quot;(//span[(text()=&apos;Log an Interaction&apos;)]/ancestor::div[contains (@class, (&apos;content&apos;))])[last()]//label[contains (@for,&apos;Workplace&apos;)]&quot;}
  (Session info: chrome=79.0.3945.130)
For documentation on this error, please visit: http://seleniumhq.org/exceptions/no_such_element.html
Build info: version: &apos;3.5.3&apos;, revision: &apos;a88d25fe6b&apos;, time: &apos;2017-08-29T12:42:44.417Z&apos;
System info: host: &apos;PHX-ISHARAF&apos;, ip: &apos;192.168.125.187&apos;, os.name: &apos;Windows 10&apos;, os.arch: &apos;amd64&apos;, os.version: &apos;10.0&apos;, java.version: &apos;1.8.0_221&apos;
Driver info: org.openqa.selenium.chrome.ChromeDriver
Capabilities [{networkConnectionEnabled=false, chrome={chromedriverVersion=79.0.3945.16 (93fcc21110c10dbbd49bbff8f472335360e31d05-refs/branch-heads/3945@{#262}), userDataDir=C:\Users\ISharaf\AppData\Local\Temp\scoped_dir31568_1821396972}, timeouts={implicit=0, pageLoad=300000, script=30000}, pageLoadStrategy=normal, unhandledPromptBehavior=accept, strictFileInteractability=false, platform=XP, proxy=Proxy(), goog:chromeOptions={debuggerAddress=localhost:56220}, acceptInsecureCerts=false, browserVersion=79.0.3945.130, browserName=chrome, javascriptEnabled=true, platformName=XP, setWindowRect=true}]
Session ID: 2e331b96e86b400b847e302972b9acea
*** Element info: {Using=xpath, value=(//span[(text()=&apos;Log an Interaction&apos;)]/ancestor::div[contains (@class, (&apos;content&apos;))])[last()]//label[contains (@for,&apos;Workplace&apos;)]}
	at org.openqa.selenium.remote.http.W3CHttpResponseCodec.createException(W3CHttpResponseCodec.java:185)
	at org.openqa.selenium.remote.http.W3CHttpResponseCodec.decode(W3CHttpResponseCodec.java:120)
	at org.openqa.selenium.remote.http.W3CHttpResponseCodec.decode(W3CHttpResponseCodec.java:49)
	at org.openqa.selenium.remote.HttpCommandExecutor.execute(HttpCommandExecutor.java:164)
	at org.openqa.selenium.remote.service.DriverCommandExecutor.execute(DriverCommandExecutor.java:82)
	at org.openqa.selenium.remote.RemoteWebDriver.execute(RemoteWebDriver.java:646)
	at org.openqa.selenium.remote.RemoteWebDriver.findElement(RemoteWebDriver.java:416)
	at org.openqa.selenium.remote.RemoteWebDriver.findElementByXPath(RemoteWebDriver.java:518)
	at org.openqa.selenium.By$ByXPath.findElement(By.java:361)
	at org.openqa.selenium.remote.RemoteWebDriver.findElement(RemoteWebDriver.java:408)
	at org.openqa.selenium.support.events.EventFiringWebDriver$2.invoke(EventFiringWebDriver.java:105)
	at com.sun.proxy.$Proxy8.findElement(Unknown Source)
	at org.openqa.selenium.support.events.EventFiringWebDriver.findElement(EventFiringWebDriver.java:189)
	at org.openqa.selenium.support.pagefactory.DefaultElementLocator.findElement(DefaultElementLocator.java:69)
	at org.openqa.selenium.support.pagefactory.internal.LocatingElementHandler.invoke(LocatingElementHandler.java:38)
	at com.sun.proxy.$Proxy12.isDisplayed(Unknown Source)
	at org.openqa.selenium.support.ui.ExpectedConditions.elementIfVisible(ExpectedConditions.java:302)
	at org.openqa.selenium.support.ui.ExpectedConditions.access$100(ExpectedConditions.java:44)
	at org.openqa.selenium.support.ui.ExpectedConditions$10.apply(ExpectedConditions.java:288)
	at org.openqa.selenium.support.ui.ExpectedConditions$10.apply(ExpectedConditions.java:285)
	at org.openqa.selenium.support.ui.FluentWait.until(FluentWait.java:209)
	... 17 more
... Removed 16 stack frames</div></td></tr></table><p class="totop"><a href="#summary">back to summary</a></p><h3 id="m67">com.crm.qa.testcases.LogActivityTest_HouseHold#nolead_Reached_MultipleOpportunity</h3><table class="result"><tr class="param"><th>Parameter #1</th></tr><tr class="param stripe"><td>0050R000000XRFmQAO</td></tr><tr><th>Exception</th></tr><tr><td><div class="stacktrace">org.openqa.selenium.TimeoutException: Expected condition failed: waiting for visibility of Proxy element for: DefaultElementLocator &apos;By.xpath: (//span[(text()=&apos;Log an Interaction&apos;)]/ancestor::div[contains (@class, (&apos;content&apos;))])[last()]//label[contains (@for,&apos;Workplace&apos;)]&apos; (tried for 60 second(s) with 500 MILLISECONDS interval)
	at org.openqa.selenium.support.ui.WebDriverWait.timeoutException(WebDriverWait.java:80)
	at org.openqa.selenium.support.ui.FluentWait.until(FluentWait.java:232)
	at com.crm.qa.util.TestUtil.waitUntilElementVisible(TestUtil.java:147)
	at com.crm.qa.util.TestUtil.clickElement(TestUtil.java:133)
	at com.crm.qa.pages.Opportunities.createWorkplaceOpportunity(Opportunities.java:445)
	at com.crm.qa.testcases.LogActivityTest_HouseHold.nolead_Reached_MultipleOpportunity(LogActivityTest_HouseHold.java:495)
	at java.util.concurrent.ThreadPoolExecutor.runWorker(ThreadPoolExecutor.java:1149)
	at java.util.concurrent.ThreadPoolExecutor$Worker.run(ThreadPoolExecutor.java:624)
	at java.lang.Thread.run(Thread.java:748)
Caused by: org.openqa.selenium.NoSuchElementException: no such element: Unable to locate element: {&quot;method&quot;:&quot;xpath&quot;,&quot;selector&quot;:&quot;(//span[(text()=&apos;Log an Interaction&apos;)]/ancestor::div[contains (@class, (&apos;content&apos;))])[last()]//label[contains (@for,&apos;Workplace&apos;)]&quot;}
  (Session info: chrome=79.0.3945.130)
For documentation on this error, please visit: http://seleniumhq.org/exceptions/no_such_element.html
Build info: version: &apos;3.5.3&apos;, revision: &apos;a88d25fe6b&apos;, time: &apos;2017-08-29T12:42:44.417Z&apos;
System info: host: &apos;PHX-ISHARAF&apos;, ip: &apos;192.168.125.187&apos;, os.name: &apos;Windows 10&apos;, os.arch: &apos;amd64&apos;, os.version: &apos;10.0&apos;, java.version: &apos;1.8.0_221&apos;
Driver info: org.openqa.selenium.chrome.ChromeDriver
Capabilities [{networkConnectionEnabled=false, chrome={chromedriverVersion=79.0.3945.16 (93fcc21110c10dbbd49bbff8f472335360e31d05-refs/branch-heads/3945@{#262}), userDataDir=C:\Users\ISharaf\AppData\Local\Temp\scoped_dir28648_305818163}, timeouts={implicit=0, pageLoad=300000, script=30000}, pageLoadStrategy=normal, unhandledPromptBehavior=accept, strictFileInteractability=false, platform=XP, proxy=Proxy(), goog:chromeOptions={debuggerAddress=localhost:55321}, acceptInsecureCerts=false, browserVersion=79.0.3945.130, browserName=chrome, javascriptEnabled=true, platformName=XP, setWindowRect=true}]
Session ID: b168bc1829c7f749938246f7516094bb
*** Element info: {Using=xpath, value=(//span[(text()=&apos;Log an Interaction&apos;)]/ancestor::div[contains (@class, (&apos;content&apos;))])[last()]//label[contains (@for,&apos;Workplace&apos;)]}
	at org.openqa.selenium.remote.http.W3CHttpResponseCodec.createException(W3CHttpResponseCodec.java:185)
	at org.openqa.selenium.remote.http.W3CHttpResponseCodec.decode(W3CHttpResponseCodec.java:120)
	at org.openqa.selenium.remote.http.W3CHttpResponseCodec.decode(W3CHttpResponseCodec.java:49)
	at org.openqa.selenium.remote.HttpCommandExecutor.execute(HttpCommandExecutor.java:164)
	at org.openqa.selenium.remote.service.DriverCommandExecutor.execute(DriverCommandExecutor.java:82)
	at org.openqa.selenium.remote.RemoteWebDriver.execute(RemoteWebDriver.java:646)
	at org.openqa.selenium.remote.RemoteWebDriver.findElement(RemoteWebDriver.java:416)
	at org.openqa.selenium.remote.RemoteWebDriver.findElementByXPath(RemoteWebDriver.java:518)
	at org.openqa.selenium.By$ByXPath.findElement(By.java:361)
	at org.openqa.selenium.remote.RemoteWebDriver.findElement(RemoteWebDriver.java:408)
	at org.openqa.selenium.support.events.EventFiringWebDriver$2.invoke(EventFiringWebDriver.java:105)
	at com.sun.proxy.$Proxy8.findElement(Unknown Source)
	at org.openqa.selenium.support.events.EventFiringWebDriver.findElement(EventFiringWebDriver.java:189)
	at org.openqa.selenium.support.pagefactory.DefaultElementLocator.findElement(DefaultElementLocator.java:69)
	at org.openqa.selenium.support.pagefactory.internal.LocatingElementHandler.invoke(LocatingElementHandler.java:38)
	at com.sun.proxy.$Proxy12.isDisplayed(Unknown Source)
	at org.openqa.selenium.support.ui.ExpectedConditions.elementIfVisible(ExpectedConditions.java:302)
	at org.openqa.selenium.support.ui.ExpectedConditions.access$100(ExpectedConditions.java:44)
	at org.openqa.selenium.support.ui.ExpectedConditions$10.apply(ExpectedConditions.java:288)
	at org.openqa.selenium.support.ui.ExpectedConditions$10.apply(ExpectedConditions.java:285)
	at org.openqa.selenium.support.ui.FluentWait.until(FluentWait.java:209)
	... 17 more
... Removed 16 stack frames</div></td></tr></table><p class="totop"><a href="#summary">back to summary</a></p><h3 id="m68">com.crm.qa.testcases.LogActivityTest_HouseHold#nolead_Reached_createWorkplaceOpportunity</h3><table class="result"><tr class="param"><th>Parameter #1</th></tr><tr class="param stripe"><td>0050R000000XRHYQA4</td></tr><tr><th>Exception</th></tr><tr><td><div class="stacktrace">org.openqa.selenium.TimeoutException: Expected condition failed: waiting for visibility of Proxy element for: DefaultElementLocator &apos;By.xpath: (//span[(text()=&apos;Log an Interaction&apos;)]/ancestor::div[contains (@class, (&apos;content&apos;))])[last()]//label[contains (@for,&apos;Workplace&apos;)]&apos; (tried for 60 second(s) with 500 MILLISECONDS interval)
	at org.openqa.selenium.support.ui.WebDriverWait.timeoutException(WebDriverWait.java:80)
	at org.openqa.selenium.support.ui.FluentWait.until(FluentWait.java:232)
	at com.crm.qa.util.TestUtil.waitUntilElementVisible(TestUtil.java:147)
	at com.crm.qa.util.TestUtil.clickElement(TestUtil.java:133)
	at com.crm.qa.pages.Opportunities.createWorkplaceOpportunity(Opportunities.java:445)
	at com.crm.qa.testcases.LogActivityTest_HouseHold.nolead_Reached_createWorkplaceOpportunity(LogActivityTest_HouseHold.java:478)
	at java.util.concurrent.ThreadPoolExecutor.runWorker(ThreadPoolExecutor.java:1149)
	at java.util.concurrent.ThreadPoolExecutor$Worker.run(ThreadPoolExecutor.java:624)
	at java.lang.Thread.run(Thread.java:748)
Caused by: org.openqa.selenium.NoSuchElementException: no such element: Unable to locate element: {&quot;method&quot;:&quot;xpath&quot;,&quot;selector&quot;:&quot;(//span[(text()=&apos;Log an Interaction&apos;)]/ancestor::div[contains (@class, (&apos;content&apos;))])[last()]//label[contains (@for,&apos;Workplace&apos;)]&quot;}
  (Session info: chrome=79.0.3945.130)
For documentation on this error, please visit: http://seleniumhq.org/exceptions/no_such_element.html
Build info: version: &apos;3.5.3&apos;, revision: &apos;a88d25fe6b&apos;, time: &apos;2017-08-29T12:42:44.417Z&apos;
System info: host: &apos;PHX-ISHARAF&apos;, ip: &apos;192.168.125.187&apos;, os.name: &apos;Windows 10&apos;, os.arch: &apos;amd64&apos;, os.version: &apos;10.0&apos;, java.version: &apos;1.8.0_221&apos;
Driver info: org.openqa.selenium.chrome.ChromeDriver
Capabilities [{networkConnectionEnabled=false, chrome={chromedriverVersion=79.0.3945.16 (93fcc21110c10dbbd49bbff8f472335360e31d05-refs/branch-heads/3945@{#262}), userDataDir=C:\Users\ISharaf\AppData\Local\Temp\scoped_dir44200_1776157425}, timeouts={implicit=0, pageLoad=300000, script=30000}, pageLoadStrategy=normal, unhandledPromptBehavior=accept, strictFileInteractability=false, platform=XP, proxy=Proxy(), goog:chromeOptions={debuggerAddress=localhost:53853}, acceptInsecureCerts=false, browserVersion=79.0.3945.130, browserName=chrome, javascriptEnabled=true, platformName=XP, setWindowRect=true}]
Session ID: eda86b69a70ab449ed1b1c576f9abf75
*** Element info: {Using=xpath, value=(//span[(text()=&apos;Log an Interaction&apos;)]/ancestor::div[contains (@class, (&apos;content&apos;))])[last()]//label[contains (@for,&apos;Workplace&apos;)]}
	at org.openqa.selenium.remote.http.W3CHttpResponseCodec.createException(W3CHttpResponseCodec.java:185)
	at org.openqa.selenium.remote.http.W3CHttpResponseCodec.decode(W3CHttpResponseCodec.java:120)
	at org.openqa.selenium.remote.http.W3CHttpResponseCodec.decode(W3CHttpResponseCodec.java:49)
	at org.openqa.selenium.remote.HttpCommandExecutor.execute(HttpCommandExecutor.java:164)
	at org.openqa.selenium.remote.service.DriverCommandExecutor.execute(DriverCommandExecutor.java:82)
	at org.openqa.selenium.remote.RemoteWebDriver.execute(RemoteWebDriver.java:646)
	at org.openqa.selenium.remote.RemoteWebDriver.findElement(RemoteWebDriver.java:416)
	at org.openqa.selenium.remote.RemoteWebDriver.findElementByXPath(RemoteWebDriver.java:518)
	at org.openqa.selenium.By$ByXPath.findElement(By.java:361)
	at org.openqa.selenium.remote.RemoteWebDriver.findElement(RemoteWebDriver.java:408)
	at org.openqa.selenium.support.events.EventFiringWebDriver$2.invoke(EventFiringWebDriver.java:105)
	at com.sun.proxy.$Proxy8.findElement(Unknown Source)
	at org.openqa.selenium.support.events.EventFiringWebDriver.findElement(EventFiringWebDriver.java:189)
	at org.openqa.selenium.support.pagefactory.DefaultElementLocator.findElement(DefaultElementLocator.java:69)
	at org.openqa.selenium.support.pagefactory.internal.LocatingElementHandler.invoke(LocatingElementHandler.java:38)
	at com.sun.proxy.$Proxy12.isDisplayed(Unknown Source)
	at org.openqa.selenium.support.ui.ExpectedConditions.elementIfVisible(ExpectedConditions.java:302)
	at org.openqa.selenium.support.ui.ExpectedConditions.access$100(ExpectedConditions.java:44)
	at org.openqa.selenium.support.ui.ExpectedConditions$10.apply(ExpectedConditions.java:288)
	at org.openqa.selenium.support.ui.ExpectedConditions$10.apply(ExpectedConditions.java:285)
	at org.openqa.selenium.support.ui.FluentWait.until(FluentWait.java:209)
	... 17 more
... Removed 16 stack frames</div></td></tr></table><p class="totop"><a href="#summary">back to summary</a></p><h3 id="m69">com.crm.qa.testcases.LogActivityTest_HouseHold#nolead_Reached_createWorkplaceOpportunity</h3><table class="result"><tr class="param"><th>Parameter #1</th></tr><tr class="param stripe"><td>0050R000000XRHYQA4</td></tr><tr><th>Exception</th></tr><tr><td><div class="stacktrace">org.openqa.selenium.TimeoutException: Expected condition failed: waiting for visibility of Proxy element for: DefaultElementLocator &apos;By.xpath: (//span[(text()=&apos;Log an Interaction&apos;)]/ancestor::div[contains (@class, (&apos;content&apos;))])[last()]//label[contains (@for,&apos;Workplace&apos;)]&apos; (tried for 60 second(s) with 500 MILLISECONDS interval)
	at org.openqa.selenium.support.ui.WebDriverWait.timeoutException(WebDriverWait.java:80)
	at org.openqa.selenium.support.ui.FluentWait.until(FluentWait.java:232)
	at com.crm.qa.util.TestUtil.waitUntilElementVisible(TestUtil.java:147)
	at com.crm.qa.util.TestUtil.clickElement(TestUtil.java:133)
	at com.crm.qa.pages.Opportunities.createWorkplaceOpportunity(Opportunities.java:445)
	at com.crm.qa.testcases.LogActivityTest_HouseHold.nolead_Reached_createWorkplaceOpportunity(LogActivityTest_HouseHold.java:478)
	at java.util.concurrent.ThreadPoolExecutor.runWorker(ThreadPoolExecutor.java:1149)
	at java.util.concurrent.ThreadPoolExecutor$Worker.run(ThreadPoolExecutor.java:624)
	at java.lang.Thread.run(Thread.java:748)
Caused by: org.openqa.selenium.NoSuchElementException: no such element: Unable to locate element: {&quot;method&quot;:&quot;xpath&quot;,&quot;selector&quot;:&quot;(//span[(text()=&apos;Log an Interaction&apos;)]/ancestor::div[contains (@class, (&apos;content&apos;))])[last()]//label[contains (@for,&apos;Workplace&apos;)]&quot;}
  (Session info: chrome=79.0.3945.130)
For documentation on this error, please visit: http://seleniumhq.org/exceptions/no_such_element.html
Build info: version: &apos;3.5.3&apos;, revision: &apos;a88d25fe6b&apos;, time: &apos;2017-08-29T12:42:44.417Z&apos;
System info: host: &apos;PHX-ISHARAF&apos;, ip: &apos;192.168.125.187&apos;, os.name: &apos;Windows 10&apos;, os.arch: &apos;amd64&apos;, os.version: &apos;10.0&apos;, java.version: &apos;1.8.0_221&apos;
Driver info: org.openqa.selenium.chrome.ChromeDriver
Capabilities [{networkConnectionEnabled=false, chrome={chromedriverVersion=79.0.3945.16 (93fcc21110c10dbbd49bbff8f472335360e31d05-refs/branch-heads/3945@{#262}), userDataDir=C:\Users\ISharaf\AppData\Local\Temp\scoped_dir49692_1646858164}, timeouts={implicit=0, pageLoad=300000, script=30000}, pageLoadStrategy=normal, unhandledPromptBehavior=accept, strictFileInteractability=false, platform=XP, proxy=Proxy(), goog:chromeOptions={debuggerAddress=localhost:54464}, acceptInsecureCerts=false, browserVersion=79.0.3945.130, browserName=chrome, javascriptEnabled=true, platformName=XP, setWindowRect=true}]
Session ID: d82f2746ce6f5fbc1b5298e31d25fd72
*** Element info: {Using=xpath, value=(//span[(text()=&apos;Log an Interaction&apos;)]/ancestor::div[contains (@class, (&apos;content&apos;))])[last()]//label[contains (@for,&apos;Workplace&apos;)]}
	at org.openqa.selenium.remote.http.W3CHttpResponseCodec.createException(W3CHttpResponseCodec.java:185)
	at org.openqa.selenium.remote.http.W3CHttpResponseCodec.decode(W3CHttpResponseCodec.java:120)
	at org.openqa.selenium.remote.http.W3CHttpResponseCodec.decode(W3CHttpResponseCodec.java:49)
	at org.openqa.selenium.remote.HttpCommandExecutor.execute(HttpCommandExecutor.java:164)
	at org.openqa.selenium.remote.service.DriverCommandExecutor.execute(DriverCommandExecutor.java:82)
	at org.openqa.selenium.remote.RemoteWebDriver.execute(RemoteWebDriver.java:646)
	at org.openqa.selenium.remote.RemoteWebDriver.findElement(RemoteWebDriver.java:416)
	at org.openqa.selenium.remote.RemoteWebDriver.findElementByXPath(RemoteWebDriver.java:518)
	at org.openqa.selenium.By$ByXPath.findElement(By.java:361)
	at org.openqa.selenium.remote.RemoteWebDriver.findElement(RemoteWebDriver.java:408)
	at org.openqa.selenium.support.events.EventFiringWebDriver$2.invoke(EventFiringWebDriver.java:105)
	at com.sun.proxy.$Proxy8.findElement(Unknown Source)
	at org.openqa.selenium.support.events.EventFiringWebDriver.findElement(EventFiringWebDriver.java:189)
	at org.openqa.selenium.support.pagefactory.DefaultElementLocator.findElement(DefaultElementLocator.java:69)
	at org.openqa.selenium.support.pagefactory.internal.LocatingElementHandler.invoke(LocatingElementHandler.java:38)
	at com.sun.proxy.$Proxy12.isDisplayed(Unknown Source)
	at org.openqa.selenium.support.ui.ExpectedConditions.elementIfVisible(ExpectedConditions.java:302)
	at org.openqa.selenium.support.ui.ExpectedConditions.access$100(ExpectedConditions.java:44)
	at org.openqa.selenium.support.ui.ExpectedConditions$10.apply(ExpectedConditions.java:288)
	at org.openqa.selenium.support.ui.ExpectedConditions$10.apply(ExpectedConditions.java:285)
	at org.openqa.selenium.support.ui.FluentWait.until(FluentWait.java:209)
	... 17 more
... Removed 16 stack frames</div></td></tr></table><p class="totop"><a href="#summary">back to summary</a></p><h3 id="m70">com.crm.qa.testcases.LogActivityTest_HouseHold#nolead_Reached_createWorkplaceOpportunity</h3><table class="result"><tr class="param"><th>Parameter #1</th></tr><tr class="param stripe"><td>0050R000000XRFmQAO</td></tr><tr><th>Exception</th></tr><tr><td><div class="stacktrace">org.openqa.selenium.TimeoutException: Expected condition failed: waiting for visibility of Proxy element for: DefaultElementLocator &apos;By.xpath: (//span[(text()=&apos;Log an Interaction&apos;)]/ancestor::div[contains (@class, (&apos;content&apos;))])[last()]//label[contains (@for,&apos;Workplace&apos;)]&apos; (tried for 60 second(s) with 500 MILLISECONDS interval)
	at org.openqa.selenium.support.ui.WebDriverWait.timeoutException(WebDriverWait.java:80)
	at org.openqa.selenium.support.ui.FluentWait.until(FluentWait.java:232)
	at com.crm.qa.util.TestUtil.waitUntilElementVisible(TestUtil.java:147)
	at com.crm.qa.util.TestUtil.clickElement(TestUtil.java:133)
	at com.crm.qa.pages.Opportunities.createWorkplaceOpportunity(Opportunities.java:445)
	at com.crm.qa.testcases.LogActivityTest_HouseHold.nolead_Reached_createWorkplaceOpportunity(LogActivityTest_HouseHold.java:478)
	at java.util.concurrent.ThreadPoolExecutor.runWorker(ThreadPoolExecutor.java:1149)
	at java.util.concurrent.ThreadPoolExecutor$Worker.run(ThreadPoolExecutor.java:624)
	at java.lang.Thread.run(Thread.java:748)
Caused by: org.openqa.selenium.NoSuchElementException: no such element: Unable to locate element: {&quot;method&quot;:&quot;xpath&quot;,&quot;selector&quot;:&quot;(//span[(text()=&apos;Log an Interaction&apos;)]/ancestor::div[contains (@class, (&apos;content&apos;))])[last()]//label[contains (@for,&apos;Workplace&apos;)]&quot;}
  (Session info: chrome=79.0.3945.130)
For documentation on this error, please visit: http://seleniumhq.org/exceptions/no_such_element.html
Build info: version: &apos;3.5.3&apos;, revision: &apos;a88d25fe6b&apos;, time: &apos;2017-08-29T12:42:44.417Z&apos;
System info: host: &apos;PHX-ISHARAF&apos;, ip: &apos;192.168.125.187&apos;, os.name: &apos;Windows 10&apos;, os.arch: &apos;amd64&apos;, os.version: &apos;10.0&apos;, java.version: &apos;1.8.0_221&apos;
Driver info: org.openqa.selenium.chrome.ChromeDriver
Capabilities [{networkConnectionEnabled=false, chrome={chromedriverVersion=79.0.3945.16 (93fcc21110c10dbbd49bbff8f472335360e31d05-refs/branch-heads/3945@{#262}), userDataDir=C:\Users\ISharaf\AppData\Local\Temp\scoped_dir42816_929878034}, timeouts={implicit=0, pageLoad=300000, script=30000}, pageLoadStrategy=normal, unhandledPromptBehavior=accept, strictFileInteractability=false, platform=XP, proxy=Proxy(), goog:chromeOptions={debuggerAddress=localhost:53467}, acceptInsecureCerts=false, browserVersion=79.0.3945.130, browserName=chrome, javascriptEnabled=true, platformName=XP, setWindowRect=true}]
Session ID: 4c3b45ef6e7c200bb0d130fe17c126a3
*** Element info: {Using=xpath, value=(//span[(text()=&apos;Log an Interaction&apos;)]/ancestor::div[contains (@class, (&apos;content&apos;))])[last()]//label[contains (@for,&apos;Workplace&apos;)]}
	at org.openqa.selenium.remote.http.W3CHttpResponseCodec.createException(W3CHttpResponseCodec.java:185)
	at org.openqa.selenium.remote.http.W3CHttpResponseCodec.decode(W3CHttpResponseCodec.java:120)
	at org.openqa.selenium.remote.http.W3CHttpResponseCodec.decode(W3CHttpResponseCodec.java:49)
	at org.openqa.selenium.remote.HttpCommandExecutor.execute(HttpCommandExecutor.java:164)
	at org.openqa.selenium.remote.service.DriverCommandExecutor.execute(DriverCommandExecutor.java:82)
	at org.openqa.selenium.remote.RemoteWebDriver.execute(RemoteWebDriver.java:646)
	at org.openqa.selenium.remote.RemoteWebDriver.findElement(RemoteWebDriver.java:416)
	at org.openqa.selenium.remote.RemoteWebDriver.findElementByXPath(RemoteWebDriver.java:518)
	at org.openqa.selenium.By$ByXPath.findElement(By.java:361)
	at org.openqa.selenium.remote.RemoteWebDriver.findElement(RemoteWebDriver.java:408)
	at org.openqa.selenium.support.events.EventFiringWebDriver$2.invoke(EventFiringWebDriver.java:105)
	at com.sun.proxy.$Proxy8.findElement(Unknown Source)
	at org.openqa.selenium.support.events.EventFiringWebDriver.findElement(EventFiringWebDriver.java:189)
	at org.openqa.selenium.support.pagefactory.DefaultElementLocator.findElement(DefaultElementLocator.java:69)
	at org.openqa.selenium.support.pagefactory.internal.LocatingElementHandler.invoke(LocatingElementHandler.java:38)
	at com.sun.proxy.$Proxy12.isDisplayed(Unknown Source)
	at org.openqa.selenium.support.ui.ExpectedConditions.elementIfVisible(ExpectedConditions.java:302)
	at org.openqa.selenium.support.ui.ExpectedConditions.access$100(ExpectedConditions.java:44)
	at org.openqa.selenium.support.ui.ExpectedConditions$10.apply(ExpectedConditions.java:288)
	at org.openqa.selenium.support.ui.ExpectedConditions$10.apply(ExpectedConditions.java:285)
	at org.openqa.selenium.support.ui.FluentWait.until(FluentWait.java:209)
	... 17 more
... Removed 16 stack frames</div></td></tr></table><p class="totop"><a href="#summary">back to summary</a></p><h3 id="m71">com.crm.qa.testcases.LogActivityTest_HouseHold#nolead_Reached_MultipleOpportunity</h3><table class="result"><tr class="param"><th>Parameter #1</th></tr><tr class="param stripe"><td>0050R000000XRFmQAO</td></tr><tr><th>Exception</th></tr><tr><td><div class="stacktrace">org.openqa.selenium.TimeoutException: Expected condition failed: waiting for visibility of Proxy element for: DefaultElementLocator &apos;By.xpath: (//span[(text()=&apos;Log an Interaction&apos;)]/ancestor::div[contains (@class, (&apos;content&apos;))])[last()]//label[contains (@for,&apos;Workplace&apos;)]&apos; (tried for 60 second(s) with 500 MILLISECONDS interval)
	at org.openqa.selenium.support.ui.WebDriverWait.timeoutException(WebDriverWait.java:80)
	at org.openqa.selenium.support.ui.FluentWait.until(FluentWait.java:232)
	at com.crm.qa.util.TestUtil.waitUntilElementVisible(TestUtil.java:147)
	at com.crm.qa.util.TestUtil.clickElement(TestUtil.java:133)
	at com.crm.qa.pages.Opportunities.createWorkplaceOpportunity(Opportunities.java:445)
	at com.crm.qa.testcases.LogActivityTest_HouseHold.nolead_Reached_MultipleOpportunity(LogActivityTest_HouseHold.java:495)
	at java.util.concurrent.ThreadPoolExecutor.runWorker(ThreadPoolExecutor.java:1149)
	at java.util.concurrent.ThreadPoolExecutor$Worker.run(ThreadPoolExecutor.java:624)
	at java.lang.Thread.run(Thread.java:748)
Caused by: org.openqa.selenium.NoSuchElementException: no such element: Unable to locate element: {&quot;method&quot;:&quot;xpath&quot;,&quot;selector&quot;:&quot;(//span[(text()=&apos;Log an Interaction&apos;)]/ancestor::div[contains (@class, (&apos;content&apos;))])[last()]//label[contains (@for,&apos;Workplace&apos;)]&quot;}
  (Session info: chrome=79.0.3945.130)
For documentation on this error, please visit: http://seleniumhq.org/exceptions/no_such_element.html
Build info: version: &apos;3.5.3&apos;, revision: &apos;a88d25fe6b&apos;, time: &apos;2017-08-29T12:42:44.417Z&apos;
System info: host: &apos;PHX-ISHARAF&apos;, ip: &apos;192.168.125.187&apos;, os.name: &apos;Windows 10&apos;, os.arch: &apos;amd64&apos;, os.version: &apos;10.0&apos;, java.version: &apos;1.8.0_221&apos;
Driver info: org.openqa.selenium.chrome.ChromeDriver
Capabilities [{networkConnectionEnabled=false, chrome={chromedriverVersion=79.0.3945.16 (93fcc21110c10dbbd49bbff8f472335360e31d05-refs/branch-heads/3945@{#262}), userDataDir=C:\Users\ISharaf\AppData\Local\Temp\scoped_dir46976_749359389}, timeouts={implicit=0, pageLoad=300000, script=30000}, pageLoadStrategy=normal, unhandledPromptBehavior=accept, strictFileInteractability=false, platform=XP, proxy=Proxy(), goog:chromeOptions={debuggerAddress=localhost:54915}, acceptInsecureCerts=false, browserVersion=79.0.3945.130, browserName=chrome, javascriptEnabled=true, platformName=XP, setWindowRect=true}]
Session ID: 87084adec203c28e184d444f55665d25
*** Element info: {Using=xpath, value=(//span[(text()=&apos;Log an Interaction&apos;)]/ancestor::div[contains (@class, (&apos;content&apos;))])[last()]//label[contains (@for,&apos;Workplace&apos;)]}
	at org.openqa.selenium.remote.http.W3CHttpResponseCodec.createException(W3CHttpResponseCodec.java:185)
	at org.openqa.selenium.remote.http.W3CHttpResponseCodec.decode(W3CHttpResponseCodec.java:120)
	at org.openqa.selenium.remote.http.W3CHttpResponseCodec.decode(W3CHttpResponseCodec.java:49)
	at org.openqa.selenium.remote.HttpCommandExecutor.execute(HttpCommandExecutor.java:164)
	at org.openqa.selenium.remote.service.DriverCommandExecutor.execute(DriverCommandExecutor.java:82)
	at org.openqa.selenium.remote.RemoteWebDriver.execute(RemoteWebDriver.java:646)
	at org.openqa.selenium.remote.RemoteWebDriver.findElement(RemoteWebDriver.java:416)
	at org.openqa.selenium.remote.RemoteWebDriver.findElementByXPath(RemoteWebDriver.java:518)
	at org.openqa.selenium.By$ByXPath.findElement(By.java:361)
	at org.openqa.selenium.remote.RemoteWebDriver.findElement(RemoteWebDriver.java:408)
	at org.openqa.selenium.support.events.EventFiringWebDriver$2.invoke(EventFiringWebDriver.java:105)
	at com.sun.proxy.$Proxy8.findElement(Unknown Source)
	at org.openqa.selenium.support.events.EventFiringWebDriver.findElement(EventFiringWebDriver.java:189)
	at org.openqa.selenium.support.pagefactory.DefaultElementLocator.findElement(DefaultElementLocator.java:69)
	at org.openqa.selenium.support.pagefactory.internal.LocatingElementHandler.invoke(LocatingElementHandler.java:38)
	at com.sun.proxy.$Proxy12.isDisplayed(Unknown Source)
	at org.openqa.selenium.support.ui.ExpectedConditions.elementIfVisible(ExpectedConditions.java:302)
	at org.openqa.selenium.support.ui.ExpectedConditions.access$100(ExpectedConditions.java:44)
	at org.openqa.selenium.support.ui.ExpectedConditions$10.apply(ExpectedConditions.java:288)
	at org.openqa.selenium.support.ui.ExpectedConditions$10.apply(ExpectedConditions.java:285)
	at org.openqa.selenium.support.ui.FluentWait.until(FluentWait.java:209)
	... 17 more
... Removed 16 stack frames</div></td></tr></table><p class="totop"><a href="#summary">back to summary</a></p><h3 id="m72">com.crm.qa.testcases.LogActivityTest_HouseHold#nolead_Reached_createWorkplaceOpportunity</h3><table class="result"><tr class="param"><th>Parameter #1</th></tr><tr class="param stripe"><td>0050R000000XRFmQAO</td></tr><tr><th>Exception</th></tr><tr><td><div class="stacktrace">org.openqa.selenium.TimeoutException: Expected condition failed: waiting for visibility of Proxy element for: DefaultElementLocator &apos;By.xpath: (//span[(text()=&apos;Log an Interaction&apos;)]/ancestor::div[contains (@class, (&apos;content&apos;))])[last()]//label[contains (@for,&apos;Workplace&apos;)]&apos; (tried for 60 second(s) with 500 MILLISECONDS interval)
	at org.openqa.selenium.support.ui.WebDriverWait.timeoutException(WebDriverWait.java:80)
	at org.openqa.selenium.support.ui.FluentWait.until(FluentWait.java:232)
	at com.crm.qa.util.TestUtil.waitUntilElementVisible(TestUtil.java:147)
	at com.crm.qa.util.TestUtil.clickElement(TestUtil.java:133)
	at com.crm.qa.pages.Opportunities.createWorkplaceOpportunity(Opportunities.java:445)
	at com.crm.qa.testcases.LogActivityTest_HouseHold.nolead_Reached_createWorkplaceOpportunity(LogActivityTest_HouseHold.java:478)
	at java.util.concurrent.ThreadPoolExecutor.runWorker(ThreadPoolExecutor.java:1149)
	at java.util.concurrent.ThreadPoolExecutor$Worker.run(ThreadPoolExecutor.java:624)
	at java.lang.Thread.run(Thread.java:748)
Caused by: org.openqa.selenium.NoSuchElementException: no such element: Unable to locate element: {&quot;method&quot;:&quot;xpath&quot;,&quot;selector&quot;:&quot;(//span[(text()=&apos;Log an Interaction&apos;)]/ancestor::div[contains (@class, (&apos;content&apos;))])[last()]//label[contains (@for,&apos;Workplace&apos;)]&quot;}
  (Session info: chrome=79.0.3945.130)
For documentation on this error, please visit: http://seleniumhq.org/exceptions/no_such_element.html
Build info: version: &apos;3.5.3&apos;, revision: &apos;a88d25fe6b&apos;, time: &apos;2017-08-29T12:42:44.417Z&apos;
System info: host: &apos;PHX-ISHARAF&apos;, ip: &apos;192.168.125.187&apos;, os.name: &apos;Windows 10&apos;, os.arch: &apos;amd64&apos;, os.version: &apos;10.0&apos;, java.version: &apos;1.8.0_221&apos;
Driver info: org.openqa.selenium.chrome.ChromeDriver
Capabilities [{networkConnectionEnabled=false, chrome={chromedriverVersion=79.0.3945.16 (93fcc21110c10dbbd49bbff8f472335360e31d05-refs/branch-heads/3945@{#262}), userDataDir=C:\Users\ISharaf\AppData\Local\Temp\scoped_dir24396_1559291928}, timeouts={implicit=0, pageLoad=300000, script=30000}, pageLoadStrategy=normal, unhandledPromptBehavior=accept, strictFileInteractability=false, platform=XP, proxy=Proxy(), goog:chromeOptions={debuggerAddress=localhost:53074}, acceptInsecureCerts=false, browserVersion=79.0.3945.130, browserName=chrome, javascriptEnabled=true, platformName=XP, setWindowRect=true}]
Session ID: b8f077b089c92cbcaf1ada8308d7e20d
*** Element info: {Using=xpath, value=(//span[(text()=&apos;Log an Interaction&apos;)]/ancestor::div[contains (@class, (&apos;content&apos;))])[last()]//label[contains (@for,&apos;Workplace&apos;)]}
	at org.openqa.selenium.remote.http.W3CHttpResponseCodec.createException(W3CHttpResponseCodec.java:185)
	at org.openqa.selenium.remote.http.W3CHttpResponseCodec.decode(W3CHttpResponseCodec.java:120)
	at org.openqa.selenium.remote.http.W3CHttpResponseCodec.decode(W3CHttpResponseCodec.java:49)
	at org.openqa.selenium.remote.HttpCommandExecutor.execute(HttpCommandExecutor.java:164)
	at org.openqa.selenium.remote.service.DriverCommandExecutor.execute(DriverCommandExecutor.java:82)
	at org.openqa.selenium.remote.RemoteWebDriver.execute(RemoteWebDriver.java:646)
	at org.openqa.selenium.remote.RemoteWebDriver.findElement(RemoteWebDriver.java:416)
	at org.openqa.selenium.remote.RemoteWebDriver.findElementByXPath(RemoteWebDriver.java:518)
	at org.openqa.selenium.By$ByXPath.findElement(By.java:361)
	at org.openqa.selenium.remote.RemoteWebDriver.findElement(RemoteWebDriver.java:408)
	at org.openqa.selenium.support.events.EventFiringWebDriver$2.invoke(EventFiringWebDriver.java:105)
	at com.sun.proxy.$Proxy8.findElement(Unknown Source)
	at org.openqa.selenium.support.events.EventFiringWebDriver.findElement(EventFiringWebDriver.java:189)
	at org.openqa.selenium.support.pagefactory.DefaultElementLocator.findElement(DefaultElementLocator.java:69)
	at org.openqa.selenium.support.pagefactory.internal.LocatingElementHandler.invoke(LocatingElementHandler.java:38)
	at com.sun.proxy.$Proxy12.isDisplayed(Unknown Source)
	at org.openqa.selenium.support.ui.ExpectedConditions.elementIfVisible(ExpectedConditions.java:302)
	at org.openqa.selenium.support.ui.ExpectedConditions.access$100(ExpectedConditions.java:44)
	at org.openqa.selenium.support.ui.ExpectedConditions$10.apply(ExpectedConditions.java:288)
	at org.openqa.selenium.support.ui.ExpectedConditions$10.apply(ExpectedConditions.java:285)
	at org.openqa.selenium.support.ui.FluentWait.until(FluentWait.java:209)
	... 17 more
... Removed 16 stack frames</div></td></tr></table><p class="totop"><a href="#summary">back to summary</a></p><h3 id="m73">com.crm.qa.testcases.LogActivityTest_HouseHold#UnplannedMeeting_multipleUsers</h3><table class="result"><tr class="param"><th>Parameter #1</th></tr><tr class="param stripe"><td>0050R000000XRFmQAO</td></tr></table><p class="totop"><a href="#summary">back to summary</a></p><h3 id="m74">com.crm.qa.testcases.LogActivityTest_HouseHold#UnplannedMeeting_multipleUsers</h3><table class="result"><tr class="param"><th>Parameter #1</th></tr><tr class="param stripe"><td>0050R000000XRHYQA4</td></tr></table><p class="totop"><a href="#summary">back to summary</a></p><h3 id="m75">com.crm.qa.testcases.LogActivityTest_HouseHold#UpdateHouseholdAccountdetails</h3><table class="result"><tr class="param"><th>Parameter #1</th></tr><tr class="param stripe"><td>0050R000000XRHYQA4</td></tr></table><p class="totop"><a href="#summary">back to summary</a></p><h3 id="m76">com.crm.qa.testcases.LogActivityTest_HouseHold#UpdateHouseholdAccountdetails</h3><table class="result"><tr class="param"><th>Parameter #1</th></tr><tr class="param stripe"><td>0050R000000XRFmQAO</td></tr></table><p class="totop"><a href="#summary">back to summary</a></p><h3 id="m77">com.crm.qa.testcases.LogActivityTest_HouseHold#meeting_CompleteFlow</h3><table class="result"><tr class="param"><th>Parameter #1</th></tr><tr class="param stripe"><td>0050R0000032jRGQAY</td></tr></table><p class="totop"><a href="#summary">back to summary</a></p><h3 id="m78">com.crm.qa.testcases.LogActivityTest_HouseHold#nolead_Reached_createBranchOpportunity</h3><table class="result"><tr class="param"><th>Parameter #1</th></tr><tr class="param stripe"><td>0050R000000XRHYQA4</td></tr></table><p class="totop"><a href="#summary">back to summary</a></p><h3 id="m79">com.crm.qa.testcases.LogActivityTest_HouseHold#nolead_Reached_createBranchOpportunity</h3><table class="result"><tr class="param"><th>Parameter #1</th></tr><tr class="param stripe"><td>0050R000000XRFmQAO</td></tr></table><p class="totop"><a href="#summary">back to summary</a></p><h3 id="m80">com.crm.qa.testcases.LogActivityTest_HouseHold#notReached_multipleUsers</h3><table class="result"><tr class="param"><th>Parameter #1</th></tr><tr class="param stripe"><td>0050R000000XRHYQA4</td></tr></table><p class="totop"><a href="#summary">back to summary</a></p><h3 id="m81">com.crm.qa.testcases.LogActivityTest_HouseHold#notReached_multipleUsers</h3><table class="result"><tr class="param"><th>Parameter #1</th></tr><tr class="param stripe"><td>0050R000000XRFmQAO</td></tr></table><p class="totop"><a href="#summary">back to summary</a></p><h3 id="m82">com.crm.qa.testcases.LogActivityTest_HouseHold#notReachedwithBusinessLead</h3><table class="result"><tr class="param"><th>Parameter #1</th></tr><tr class="param stripe"><td>0050R000000XRFmQAO</td></tr></table><p class="totop"><a href="#summary">back to summary</a></p><h3 id="m83">com.crm.qa.testcases.LogActivityTest_HouseHold#notReachedwithBusinessLead</h3><table class="result"><tr class="param"><th>Parameter #1</th></tr><tr class="param stripe"><td>0050R000000XRHYQA4</td></tr></table><p class="totop"><a href="#summary">back to summary</a></p><h3 id="m84">com.crm.qa.testcases.LogActivityTest_HouseHold#reached_Schedule_Appointment</h3><table class="result"><tr class="param"><th>Parameter #1</th></tr><tr class="param stripe"><td>0050R000000XRFmQAO</td></tr></table><p class="totop"><a href="#summary">back to summary</a></p><h3 id="m85">com.crm.qa.testcases.LogActivityTest_HouseHold#reached_Schedule_Appointment</h3><table class="result"><tr class="param"><th>Parameter #1</th></tr><tr class="param stripe"><td>0050R000000XRHYQA4</td></tr></table><p class="totop"><a href="#summary">back to summary</a></p><h3 id="m86">com.crm.qa.testcases.LogActivityTest_HouseHold#reached_Schedule_Phonecall</h3><table class="result"><tr class="param"><th>Parameter #1</th></tr><tr class="param stripe"><td>0050R000000XRFmQAO</td></tr></table><p class="totop"><a href="#summary">back to summary</a></p><h3 id="m87">com.crm.qa.testcases.LogActivityTest_HouseHold#reached_Schedule_Phonecall</h3><table class="result"><tr class="param"><th>Parameter #1</th></tr><tr class="param stripe"><td>0050R000000XRHYQA4</td></tr></table><p class="totop"><a href="#summary">back to summary</a></p><h3 id="m88">com.crm.qa.testcases.LogActivityTest_HouseHold#reached_Schedule_ToDo</h3><table class="result"><tr class="param"><th>Parameter #1</th></tr><tr class="param stripe"><td>0050R000000XRFmQAO</td></tr></table><p class="totop"><a href="#summary">back to summary</a></p><h3 id="m89">com.crm.qa.testcases.LogActivityTest_HouseHold#reached_Schedule_ToDo</h3><table class="result"><tr class="param"><th>Parameter #1</th></tr><tr class="param stripe"><td>0050R000000XRHYQA4</td></tr></table><p class="totop"><a href="#summary">back to summary</a></p><h3 id="m90">com.crm.qa.testcases.LogActivityTest_HouseHold#reached_multipleUsers</h3><table class="result"><tr class="param"><th>Parameter #1</th></tr><tr class="param stripe"><td>0050R000000XRHYQA4</td></tr></table><p class="totop"><a href="#summary">back to summary</a></p><h3 id="m91">com.crm.qa.testcases.LogActivityTest_HouseHold#reached_multipleUsers</h3><table class="result"><tr class="param"><th>Parameter #1</th></tr><tr class="param stripe"><td>0050R000000XRFmQAO</td></tr></table><p class="totop"><a href="#summary">back to summary</a></p><h3 id="m92">com.crm.qa.testcases.LogActivityTest_HouseHold#reachedwithBusinessLead</h3><table class="result"><tr class="param"><th>Parameter #1</th></tr><tr class="param stripe"><td>0050R000000XRHYQA4</td></tr></table><p class="totop"><a href="#summary">back to summary</a></p><h3 id="m93">com.crm.qa.testcases.LogActivityTest_HouseHold#reachedwithBusinessLead</h3><table class="result"><tr class="param"><th>Parameter #1</th></tr><tr class="param stripe"><td>0050R000000XRFmQAO</td></tr></table><p class="totop"><a href="#summary">back to summary</a></p><h3 id="m94">com.crm.qa.testcases.LogActivityTest_HouseHold#reachedwithBusinessLead_ScheduleMeeting</h3><table class="result"><tr class="param"><th>Parameter #1</th></tr><tr class="param stripe"><td>0050R000000XRHYQA4</td></tr></table><p class="totop"><a href="#summary">back to summary</a></p><h3 id="m95">com.crm.qa.testcases.LogActivityTest_HouseHold#reachedwithBusinessLead_ScheduleMeeting</h3><table class="result"><tr class="param"><th>Parameter #1</th></tr><tr class="param stripe"><td>0050R000000XRFmQAO</td></tr></table><p class="totop"><a href="#summary">back to summary</a></p><h3 id="m96">com.crm.qa.testcases.LogActivityTest_HouseHold#reachedwithBusinessLead_SchedulePhoneCall</h3><table class="result"><tr class="param"><th>Parameter #1</th></tr><tr class="param stripe"><td>0050R000000XRHYQA4</td></tr></table><p class="totop"><a href="#summary">back to summary</a></p><h3 id="m97">com.crm.qa.testcases.LogActivityTest_HouseHold#reachedwithBusinessLead_SchedulePhoneCall</h3><table class="result"><tr class="param"><th>Parameter #1</th></tr><tr class="param stripe"><td>0050R000000XRFmQAO</td></tr></table><p class="totop"><a href="#summary">back to summary</a></p><h3 id="m98">com.crm.qa.testcases.LogActivityTest_HouseHold#reachedwithBusinessLead_ScheduleTodo</h3><table class="result"><tr class="param"><th>Parameter #1</th></tr><tr class="param stripe"><td>0050R000000XRFmQAO</td></tr></table><p class="totop"><a href="#summary">back to summary</a></p><h3 id="m99">com.crm.qa.testcases.LogActivityTest_HouseHold#reachedwithBusinessLead_ScheduleTodo</h3><table class="result"><tr class="param"><th>Parameter #1</th></tr><tr class="param stripe"><td>0050R000000XRHYQA4</td></tr></table><p class="totop"><a href="#summary">back to summary</a></p></body></html>