<!DOCTYPE html>

<html>
  <head>
  <meta charset='utf-8'>
  <title>TestNG reports</title>

    <link type="text/css" href="testng-reports.css" rel="stylesheet" />
    <script type="text/javascript" src="jquery-1.7.1.min.js"></script>
    <script type="text/javascript" src="testng-reports.js"></script>
    <script type="text/javascript" src="https://www.google.com/jsapi"></script>
    <script type='text/javascript'>
      google.load('visualization', '1', {packages:['table']});
      google.setOnLoadCallback(drawTable);
      var suiteTableInitFunctions = new Array();
      var suiteTableData = new Array();
    </script>
    <!--
      <script type="text/javascript" src="jquery-ui/js/jquery-ui-1.8.16.custom.min.js"></script>
     -->
  </head>

  <body>
    <div class="top-banner-root">
      <span class="top-banner-title-font">Test results</span>
      <br/>
      <span class="top-banner-font-1">1 suite, 4 failed tests</span>
    </div> <!-- top-banner-root -->
    <div class="navigator-root">
      <div class="navigator-suite-header">
        <span>All suites</span>
        <a href="#" class="collapse-all-link" title="Collapse/expand all the suites">
          <img class="collapse-all-icon" src="collapseall.gif">
          </img> <!-- collapse-all-icon -->
        </a> <!-- collapse-all-link -->
      </div> <!-- navigator-suite-header -->
      <div class="suite">
        <div class="rounded-window">
          <div class="suite-header light-rounded-window-top">
            <a href="#" class="navigator-link" panel-name="suite-FREE_CRM_Application_Test_Automation_Test_Suite">
              <span class="suite-name border-failed">FREE CRM Application Test Automation Test Suite</span>
            </a> <!-- navigator-link -->
          </div> <!-- suite-header light-rounded-window-top -->
          <div class="navigator-suite-content">
            <div class="suite-section-title">
              <span>Info</span>
            </div> <!-- suite-section-title -->
            <div class="suite-section-content">
              <ul>
                <li>
                  <a href="#" class="navigator-link " panel-name="test-xml-FREE_CRM_Application_Test_Automation_Test_Suite">
                    <span>C:\Users\ISharaf\workspace\POM_Updated\src\main\resources\LogACallLead.xml</span>
                  </a> <!-- navigator-link  -->
                </li>
                <li>
                  <a href="#" class="navigator-link " panel-name="testlist-FREE_CRM_Application_Test_Automation_Test_Suite">
                    <span class="test-stats">1 test</span>
                  </a> <!-- navigator-link  -->
                </li>
                <li>
                  <a href="#" class="navigator-link " panel-name="group-FREE_CRM_Application_Test_Automation_Test_Suite">
                    <span>0 groups</span>
                  </a> <!-- navigator-link  -->
                </li>
                <li>
                  <a href="#" class="navigator-link " panel-name="times-FREE_CRM_Application_Test_Automation_Test_Suite">
                    <span>Times</span>
                  </a> <!-- navigator-link  -->
                </li>
                <li>
                  <a href="#" class="navigator-link " panel-name="reporter-FREE_CRM_Application_Test_Automation_Test_Suite">
                    <span>Reporter output</span>
                  </a> <!-- navigator-link  -->
                </li>
                <li>
                  <a href="#" class="navigator-link " panel-name="ignored-methods-FREE_CRM_Application_Test_Automation_Test_Suite">
                    <span>Ignored methods</span>
                  </a> <!-- navigator-link  -->
                </li>
                <li>
                  <a href="#" class="navigator-link " panel-name="chronological-FREE_CRM_Application_Test_Automation_Test_Suite">
                    <span>Chronological view</span>
                  </a> <!-- navigator-link  -->
                </li>
              </ul>
            </div> <!-- suite-section-content -->
            <div class="result-section">
              <div class="suite-section-title">
                <span>Results</span>
              </div> <!-- suite-section-title -->
              <div class="suite-section-content">
                <ul>
                  <li>
                    <span class="method-stats">30 methods, 4 failed,  5 skipped,  21 passed</span>
                  </li>
                  <li>
                    <span class="method-list-title failed">Failed methods</span>
                    <span class="show-or-hide-methods failed">
                      <a href="#" panel-name="suite-FREE_CRM_Application_Test_Automation_Test_Suite" class="hide-methods failed suite-FREE_CRM_Application_Test_Automation_Test_Suite"> (hide)</a> <!-- hide-methods failed suite-FREE_CRM_Application_Test_Automation_Test_Suite -->
                      <a href="#" panel-name="suite-FREE_CRM_Application_Test_Automation_Test_Suite" class="show-methods failed suite-FREE_CRM_Application_Test_Automation_Test_Suite"> (show)</a> <!-- show-methods failed suite-FREE_CRM_Application_Test_Automation_Test_Suite -->
                    </span>
                    <div class="method-list-content failed suite-FREE_CRM_Application_Test_Automation_Test_Suite">
                      <span>
                        <img width="3%" src="failed.png"/>
                        <a href="#" class="method navigator-link" panel-name="suite-FREE_CRM_Application_Test_Automation_Test_Suite" title="com.crm.qa.testcases.LogActivityTest" hash-for-method="reachedwithBusinessLead(0050R000000tUilQAE)">reachedwithBusinessLead(0050R000000tUilQAE)</a> <!-- method navigator-link -->
                      </span>
                      <br/>
                      <span>
                        <img width="3%" src="failed.png"/>
                        <a href="#" class="method navigator-link" panel-name="suite-FREE_CRM_Application_Test_Automation_Test_Suite" title="com.crm.qa.testcases.LogActivityTest" hash-for-method="reachedwithBusinessLead_ScheduleMeeting(0050R000000tUilQAE)">reachedwithBusinessLead_ScheduleMeeting(0050R000000tUilQAE)</a> <!-- method navigator-link -->
                      </span>
                      <br/>
                      <span>
                        <img width="3%" src="failed.png"/>
                        <a href="#" class="method navigator-link" panel-name="suite-FREE_CRM_Application_Test_Automation_Test_Suite" title="com.crm.qa.testcases.LogActivityTest" hash-for-method="reachedwithBusinessLead_SchedulePhoneCall(0050R000000tUilQAE)">reachedwithBusinessLead_SchedulePhoneCall(0050R000000tUilQAE)</a> <!-- method navigator-link -->
                      </span>
                      <br/>
                      <span>
                        <img width="3%" src="failed.png"/>
                        <a href="#" class="method navigator-link" panel-name="suite-FREE_CRM_Application_Test_Automation_Test_Suite" title="com.crm.qa.testcases.LogActivityTest" hash-for-method="reachedwithBusinessLead_ScheduleTodo(0050R000000tUilQAE)">reachedwithBusinessLead_ScheduleTodo(0050R000000tUilQAE)</a> <!-- method navigator-link -->
                      </span>
                      <br/>
                    </div> <!-- method-list-content failed suite-FREE_CRM_Application_Test_Automation_Test_Suite -->
                  </li>
                  <li>
                    <span class="method-list-title skipped">Skipped methods</span>
                    <span class="show-or-hide-methods skipped">
                      <a href="#" panel-name="suite-FREE_CRM_Application_Test_Automation_Test_Suite" class="hide-methods skipped suite-FREE_CRM_Application_Test_Automation_Test_Suite"> (hide)</a> <!-- hide-methods skipped suite-FREE_CRM_Application_Test_Automation_Test_Suite -->
                      <a href="#" panel-name="suite-FREE_CRM_Application_Test_Automation_Test_Suite" class="show-methods skipped suite-FREE_CRM_Application_Test_Automation_Test_Suite"> (show)</a> <!-- show-methods skipped suite-FREE_CRM_Application_Test_Automation_Test_Suite -->
                    </span>
                    <div class="method-list-content skipped suite-FREE_CRM_Application_Test_Automation_Test_Suite">
                      <span>
                        <img width="3%" src="skipped.png"/>
                        <a href="#" class="method navigator-link" panel-name="suite-FREE_CRM_Application_Test_Automation_Test_Suite" title="com.crm.qa.testcases.LogActivityTest" hash-for-method="UpdateSpouseAccountdetails(0050R000000tUilQAE)">UpdateSpouseAccountdetails(0050R000000tUilQAE)</a> <!-- method navigator-link -->
                      </span>
                      <br/>
                      <span>
                        <img width="3%" src="skipped.png"/>
                        <a href="#" class="method navigator-link" panel-name="suite-FREE_CRM_Application_Test_Automation_Test_Suite" title="com.crm.qa.testcases.LogActivityTest" hash-for-method="reachedwithBusinessLead(0050R000000tUilQAE)">reachedwithBusinessLead(0050R000000tUilQAE)</a> <!-- method navigator-link -->
                      </span>
                      <br/>
                      <span>
                        <img width="3%" src="skipped.png"/>
                        <a href="#" class="method navigator-link" panel-name="suite-FREE_CRM_Application_Test_Automation_Test_Suite" title="com.crm.qa.testcases.LogActivityTest" hash-for-method="reachedwithBusinessLead_ScheduleMeeting(0050R000000tUilQAE)">reachedwithBusinessLead_ScheduleMeeting(0050R000000tUilQAE)</a> <!-- method navigator-link -->
                      </span>
                      <br/>
                      <span>
                        <img width="3%" src="skipped.png"/>
                        <a href="#" class="method navigator-link" panel-name="suite-FREE_CRM_Application_Test_Automation_Test_Suite" title="com.crm.qa.testcases.LogActivityTest" hash-for-method="reachedwithBusinessLead_SchedulePhoneCall(0050R000000tUilQAE)">reachedwithBusinessLead_SchedulePhoneCall(0050R000000tUilQAE)</a> <!-- method navigator-link -->
                      </span>
                      <br/>
                      <span>
                        <img width="3%" src="skipped.png"/>
                        <a href="#" class="method navigator-link" panel-name="suite-FREE_CRM_Application_Test_Automation_Test_Suite" title="com.crm.qa.testcases.LogActivityTest" hash-for-method="reachedwithBusinessLead_ScheduleTodo(0050R000000tUilQAE)">reachedwithBusinessLead_ScheduleTodo(0050R000000tUilQAE)</a> <!-- method navigator-link -->
                      </span>
                      <br/>
                    </div> <!-- method-list-content skipped suite-FREE_CRM_Application_Test_Automation_Test_Suite -->
                  </li>
                  <li>
                    <span class="method-list-title passed">Passed methods</span>
                    <span class="show-or-hide-methods passed">
                      <a href="#" panel-name="suite-FREE_CRM_Application_Test_Automation_Test_Suite" class="hide-methods passed suite-FREE_CRM_Application_Test_Automation_Test_Suite"> (hide)</a> <!-- hide-methods passed suite-FREE_CRM_Application_Test_Automation_Test_Suite -->
                      <a href="#" panel-name="suite-FREE_CRM_Application_Test_Automation_Test_Suite" class="show-methods passed suite-FREE_CRM_Application_Test_Automation_Test_Suite"> (show)</a> <!-- show-methods passed suite-FREE_CRM_Application_Test_Automation_Test_Suite -->
                    </span>
                    <div class="method-list-content passed suite-FREE_CRM_Application_Test_Automation_Test_Suite">
                      <span>
                        <img width="3%" src="passed.png"/>
                        <a href="#" class="method navigator-link" panel-name="suite-FREE_CRM_Application_Test_Automation_Test_Suite" title="com.crm.qa.testcases.LogActivityTest" hash-for-method="AddSpouseandLogaCallPrimary(0050R000000tUilQAE)">AddSpouseandLogaCallPrimary(0050R000000tUilQAE)</a> <!-- method navigator-link -->
                      </span>
                      <br/>
                      <span>
                        <img width="3%" src="passed.png"/>
                        <a href="#" class="method navigator-link" panel-name="suite-FREE_CRM_Application_Test_Automation_Test_Suite" title="com.crm.qa.testcases.LogActivityTest" hash-for-method="LogaCallwithSpouse_ValidateAtPrimary(0050R000000tUilQAE)">LogaCallwithSpouse_ValidateAtPrimary(0050R000000tUilQAE)</a> <!-- method navigator-link -->
                      </span>
                      <br/>
                      <span>
                        <img width="3%" src="passed.png"/>
                        <a href="#" class="method navigator-link" panel-name="suite-FREE_CRM_Application_Test_Automation_Test_Suite" title="com.crm.qa.testcases.LogActivityTest" hash-for-method="UnplannedMeetingWithExistingMeeting(0050R000000tUilQAE)">UnplannedMeetingWithExistingMeeting(0050R000000tUilQAE)</a> <!-- method navigator-link -->
                      </span>
                      <br/>
                      <span>
                        <img width="3%" src="passed.png"/>
                        <a href="#" class="method navigator-link" panel-name="suite-FREE_CRM_Application_Test_Automation_Test_Suite" title="com.crm.qa.testcases.LogActivityTest" hash-for-method="UnplannedMeeting_withMeeting_OnPhone_multipleUsers(0050R000000tUilQAE)">UnplannedMeeting_withMeeting_OnPhone_multipleUsers(0050R000000tUilQAE)</a> <!-- method navigator-link -->
                      </span>
                      <br/>
                      <span>
                        <img width="3%" src="passed.png"/>
                        <a href="#" class="method navigator-link" panel-name="suite-FREE_CRM_Application_Test_Automation_Test_Suite" title="com.crm.qa.testcases.LogActivityTest" hash-for-method="UnplannedMeeting_withMeeting_OnSiteEvent_multipleUsers(0050R000000tUilQAE)">UnplannedMeeting_withMeeting_OnSiteEvent_multipleUsers(0050R000000tUilQAE)</a> <!-- method navigator-link -->
                      </span>
                      <br/>
                      <span>
                        <img width="3%" src="passed.png"/>
                        <a href="#" class="method navigator-link" panel-name="suite-FREE_CRM_Application_Test_Automation_Test_Suite" title="com.crm.qa.testcases.LogActivityTest" hash-for-method="UnplannedMeeting_withMeeting_VirtualMeeting_multipleUsers(0050R000000tUilQAE)">UnplannedMeeting_withMeeting_VirtualMeeting_multipleUsers(0050R000000tUilQAE)</a> <!-- method navigator-link -->
                      </span>
                      <br/>
                      <span>
                        <img width="3%" src="passed.png"/>
                        <a href="#" class="method navigator-link" panel-name="suite-FREE_CRM_Application_Test_Automation_Test_Suite" title="com.crm.qa.testcases.LogActivityTest" hash-for-method="UnplannedMeeting_withOutcome_Cancelled_multipleUsers(0050R000000tUilQAE)">UnplannedMeeting_withOutcome_Cancelled_multipleUsers(0050R000000tUilQAE)</a> <!-- method navigator-link -->
                      </span>
                      <br/>
                      <span>
                        <img width="3%" src="passed.png"/>
                        <a href="#" class="method navigator-link" panel-name="suite-FREE_CRM_Application_Test_Automation_Test_Suite" title="com.crm.qa.testcases.LogActivityTest" hash-for-method="UnplannedMeeting_withOutcome_Completed_multipleUsers(0050R000000tUilQAE)">UnplannedMeeting_withOutcome_Completed_multipleUsers(0050R000000tUilQAE)</a> <!-- method navigator-link -->
                      </span>
                      <br/>
                      <span>
                        <img width="3%" src="passed.png"/>
                        <a href="#" class="method navigator-link" panel-name="suite-FREE_CRM_Application_Test_Automation_Test_Suite" title="com.crm.qa.testcases.LogActivityTest" hash-for-method="UnplannedMeeting_withOutcome_NoShow_multipleUsers(0050R000000tUilQAE)">UnplannedMeeting_withOutcome_NoShow_multipleUsers(0050R000000tUilQAE)</a> <!-- method navigator-link -->
                      </span>
                      <br/>
                      <span>
                        <img width="3%" src="passed.png"/>
                        <a href="#" class="method navigator-link" panel-name="suite-FREE_CRM_Application_Test_Automation_Test_Suite" title="com.crm.qa.testcases.LogActivityTest" hash-for-method="UpdatePrimaryAccountdetails(0050R000000tUilQAE)">UpdatePrimaryAccountdetails(0050R000000tUilQAE)</a> <!-- method navigator-link -->
                      </span>
                      <br/>
                      <span>
                        <img width="3%" src="passed.png"/>
                        <a href="#" class="method navigator-link" panel-name="suite-FREE_CRM_Application_Test_Automation_Test_Suite" title="com.crm.qa.testcases.LogActivityTest" hash-for-method="UpdateSpouseAccountdetails(0050R000000tUilQAE)">UpdateSpouseAccountdetails(0050R000000tUilQAE)</a> <!-- method navigator-link -->
                      </span>
                      <br/>
                      <span>
                        <img width="3%" src="passed.png"/>
                        <a href="#" class="method navigator-link" panel-name="suite-FREE_CRM_Application_Test_Automation_Test_Suite" title="com.crm.qa.testcases.LogActivityTest" hash-for-method="meeting_CompleteFlow(0050R0000032jRGQAY)">meeting_CompleteFlow(0050R0000032jRGQAY)</a> <!-- method navigator-link -->
                      </span>
                      <br/>
                      <span>
                        <img width="3%" src="passed.png"/>
                        <a href="#" class="method navigator-link" panel-name="suite-FREE_CRM_Application_Test_Automation_Test_Suite" title="com.crm.qa.testcases.LogActivityTest" hash-for-method="nolead_Reached_createBranchOpportunity(0050R000000tUilQAE)">nolead_Reached_createBranchOpportunity(0050R000000tUilQAE)</a> <!-- method navigator-link -->
                      </span>
                      <br/>
                      <span>
                        <img width="3%" src="passed.png"/>
                        <a href="#" class="method navigator-link" panel-name="suite-FREE_CRM_Application_Test_Automation_Test_Suite" title="com.crm.qa.testcases.LogActivityTest" hash-for-method="notReached_multipleUsers(0050R000000tUilQAE)">notReached_multipleUsers(0050R000000tUilQAE)</a> <!-- method navigator-link -->
                      </span>
                      <br/>
                      <span>
                        <img width="3%" src="passed.png"/>
                        <a href="#" class="method navigator-link" panel-name="suite-FREE_CRM_Application_Test_Automation_Test_Suite" title="com.crm.qa.testcases.LogActivityTest" hash-for-method="notReachedwithBusinessLead(0050R000000tUilQAE)">notReachedwithBusinessLead(0050R000000tUilQAE)</a> <!-- method navigator-link -->
                      </span>
                      <br/>
                      <span>
                        <img width="3%" src="passed.png"/>
                        <a href="#" class="method navigator-link" panel-name="suite-FREE_CRM_Application_Test_Automation_Test_Suite" title="com.crm.qa.testcases.LogActivityTest" hash-for-method="reached_Schedule_Appointment(0050R000000tUilQAE)">reached_Schedule_Appointment(0050R000000tUilQAE)</a> <!-- method navigator-link -->
                      </span>
                      <br/>
                      <span>
                        <img width="3%" src="passed.png"/>
                        <a href="#" class="method navigator-link" panel-name="suite-FREE_CRM_Application_Test_Automation_Test_Suite" title="com.crm.qa.testcases.LogActivityTest" hash-for-method="reached_Schedule_Phonecall(0050R000000tUilQAE)">reached_Schedule_Phonecall(0050R000000tUilQAE)</a> <!-- method navigator-link -->
                      </span>
                      <br/>
                      <span>
                        <img width="3%" src="passed.png"/>
                        <a href="#" class="method navigator-link" panel-name="suite-FREE_CRM_Application_Test_Automation_Test_Suite" title="com.crm.qa.testcases.LogActivityTest" hash-for-method="reached_Schedule_ToDo(0050R000000tUilQAE)">reached_Schedule_ToDo(0050R000000tUilQAE)</a> <!-- method navigator-link -->
                      </span>
                      <br/>
                      <span>
                        <img width="3%" src="passed.png"/>
                        <a href="#" class="method navigator-link" panel-name="suite-FREE_CRM_Application_Test_Automation_Test_Suite" title="com.crm.qa.testcases.LogActivityTest" hash-for-method="reached_multipleUsers(0050R000000tUilQAE)">reached_multipleUsers(0050R000000tUilQAE)</a> <!-- method navigator-link -->
                      </span>
                      <br/>
                      <span>
                        <img width="3%" src="passed.png"/>
                        <a href="#" class="method navigator-link" panel-name="suite-FREE_CRM_Application_Test_Automation_Test_Suite" title="com.crm.qa.testcases.LogActivityTest" hash-for-method="validateEmail(0050R000000tUilQAE)">validateEmail(0050R000000tUilQAE)</a> <!-- method navigator-link -->
                      </span>
                      <br/>
                      <span>
                        <img width="3%" src="passed.png"/>
                        <a href="#" class="method navigator-link" panel-name="suite-FREE_CRM_Application_Test_Automation_Test_Suite" title="com.crm.qa.testcases.LogActivityTest" hash-for-method="validateFinancialDataForSponsoredClient(0050R000000XRHYQA4)">validateFinancialDataForSponsoredClient(0050R000000XRHYQA4)</a> <!-- method navigator-link -->
                      </span>
                      <br/>
                    </div> <!-- method-list-content passed suite-FREE_CRM_Application_Test_Automation_Test_Suite -->
                  </li>
                </ul>
              </div> <!-- suite-section-content -->
            </div> <!-- result-section -->
          </div> <!-- navigator-suite-content -->
        </div> <!-- rounded-window -->
      </div> <!-- suite -->
    </div> <!-- navigator-root -->
    <div class="wrapper">
      <div class="main-panel-root">
        <div panel-name="suite-FREE_CRM_Application_Test_Automation_Test_Suite" class="panel FREE_CRM_Application_Test_Automation_Test_Suite">
          <div class="suite-FREE_CRM_Application_Test_Automation_Test_Suite-class-failed">
            <div class="main-panel-header rounded-window-top">
              <img src="failed.png"/>
              <span class="class-name">com.crm.qa.testcases.LogActivityTest</span>
            </div> <!-- main-panel-header rounded-window-top -->
            <div class="main-panel-content rounded-window-bottom">
              <div class="method">
                <div class="method-content">
                  <a name="reachedwithBusinessLead(0050R000000tUilQAE)">
                  </a> <!-- reachedwithBusinessLead(0050R000000tUilQAE) -->
                  <span class="method-name">reachedwithBusinessLead</span>
                  <span class="parameters">(0050R000000tUilQAE)</span>
                  <div class="stack-trace">org.openqa.selenium.TimeoutException: Expected condition failed: waiting for visibility of Proxy element for: DefaultElementLocator &apos;By.xpath: (//div[contains(text(),&apos;Do you want to create an Opportunity?&apos;)]/ancestor::div[@class =&apos;bBody&apos;]//label[contains (@for, (&apos;No_Selected&apos;))])[last()]&apos; (tried for 60 second(s) with 500 MILLISECONDS interval)
	at org.openqa.selenium.support.ui.WebDriverWait.timeoutException(WebDriverWait.java:80)
	at org.openqa.selenium.support.ui.FluentWait.until(FluentWait.java:232)
	at com.crm.qa.util.TestUtil.waitUntilElementVisible(TestUtil.java:147)
	at com.crm.qa.util.TestUtil.clickElement(TestUtil.java:133)
	at com.crm.qa.pages.DetailsPage.loganInteractionCreateOptty(DetailsPage.java:527)
	at com.crm.qa.pages.DetailsPage.logacallInteraction(DetailsPage.java:474)
	at com.crm.qa.testcases.LogActivityTest.reachedwithBusinessLead(LogActivityTest.java:352)
Caused by: org.openqa.selenium.NoSuchElementException: no such element: Unable to locate element: {&quot;method&quot;:&quot;xpath&quot;,&quot;selector&quot;:&quot;(//div[contains(text(),&apos;Do you want to create an Opportunity?&apos;)]/ancestor::div[@class =&apos;bBody&apos;]//label[contains (@for, (&apos;No_Selected&apos;))])[last()]&quot;}
  (Session info: chrome=79.0.3945.130)
For documentation on this error, please visit: http://seleniumhq.org/exceptions/no_such_element.html
Build info: version: &apos;3.5.3&apos;, revision: &apos;a88d25fe6b&apos;, time: &apos;2017-08-29T12:42:44.417Z&apos;
System info: host: &apos;PHX-ISHARAF&apos;, ip: &apos;192.168.115.132&apos;, os.name: &apos;Windows 10&apos;, os.arch: &apos;amd64&apos;, os.version: &apos;10.0&apos;, java.version: &apos;1.8.0_221&apos;
Driver info: org.openqa.selenium.chrome.ChromeDriver
Capabilities [{networkConnectionEnabled=false, chrome={chromedriverVersion=79.0.3945.16 (93fcc21110c10dbbd49bbff8f472335360e31d05-refs/branch-heads/3945@{#262}), userDataDir=C:\Users\ISharaf\AppData\Local\Temp\scoped_dir62588_666857930}, timeouts={implicit=0, pageLoad=300000, script=30000}, pageLoadStrategy=normal, unhandledPromptBehavior=accept, strictFileInteractability=false, platform=XP, proxy=Proxy(), goog:chromeOptions={debuggerAddress=localhost:52133}, acceptInsecureCerts=false, browserVersion=79.0.3945.130, browserName=chrome, javascriptEnabled=true, platformName=XP, setWindowRect=true}]
Session ID: 7a2f0b46c9175777daff6e6041132073
*** Element info: {Using=xpath, value=(//div[contains(text(),&apos;Do you want to create an Opportunity?&apos;)]/ancestor::div[@class =&apos;bBody&apos;]//label[contains (@for, (&apos;No_Selected&apos;))])[last()]}
	at org.openqa.selenium.remote.http.W3CHttpResponseCodec.createException(W3CHttpResponseCodec.java:185)
	at org.openqa.selenium.remote.http.W3CHttpResponseCodec.decode(W3CHttpResponseCodec.java:120)
	at org.openqa.selenium.remote.http.W3CHttpResponseCodec.decode(W3CHttpResponseCodec.java:49)
	at org.openqa.selenium.remote.HttpCommandExecutor.execute(HttpCommandExecutor.java:164)
	at org.openqa.selenium.remote.service.DriverCommandExecutor.execute(DriverCommandExecutor.java:82)
	at org.openqa.selenium.remote.RemoteWebDriver.execute(RemoteWebDriver.java:646)
	at org.openqa.selenium.remote.RemoteWebDriver.findElement(RemoteWebDriver.java:416)
	at org.openqa.selenium.remote.RemoteWebDriver.findElementByXPath(RemoteWebDriver.java:518)
	at org.openqa.selenium.By$ByXPath.findElement(By.java:361)
	at org.openqa.selenium.remote.RemoteWebDriver.findElement(RemoteWebDriver.java:408)
	at org.openqa.selenium.support.events.EventFiringWebDriver$2.invoke(EventFiringWebDriver.java:105)
	at com.sun.proxy.$Proxy8.findElement(Unknown Source)
	at org.openqa.selenium.support.events.EventFiringWebDriver.findElement(EventFiringWebDriver.java:189)
	at org.openqa.selenium.support.pagefactory.DefaultElementLocator.findElement(DefaultElementLocator.java:69)
	at org.openqa.selenium.support.pagefactory.internal.LocatingElementHandler.invoke(LocatingElementHandler.java:38)
	at com.sun.proxy.$Proxy12.isDisplayed(Unknown Source)
	at org.openqa.selenium.support.ui.ExpectedConditions.elementIfVisible(ExpectedConditions.java:302)
	at org.openqa.selenium.support.ui.ExpectedConditions.access$100(ExpectedConditions.java:44)
	at org.openqa.selenium.support.ui.ExpectedConditions$10.apply(ExpectedConditions.java:288)
	at org.openqa.selenium.support.ui.ExpectedConditions$10.apply(ExpectedConditions.java:285)
	at org.openqa.selenium.support.ui.FluentWait.until(FluentWait.java:209)
	... 30 more
... Removed 32 stack frames
</div> <!-- stack-trace -->
                </div> <!-- method-content -->
              </div> <!-- method -->
              <div class="method">
                <div class="method-content">
                  <a name="reachedwithBusinessLead_ScheduleMeeting(0050R000000tUilQAE)">
                  </a> <!-- reachedwithBusinessLead_ScheduleMeeting(0050R000000tUilQAE) -->
                  <span class="method-name">reachedwithBusinessLead_ScheduleMeeting</span>
                  <span class="parameters">(0050R000000tUilQAE)</span>
                  <div class="stack-trace">org.openqa.selenium.TimeoutException: Expected condition failed: waiting for visibility of Proxy element for: DefaultElementLocator &apos;By.xpath: (//div[contains(text(),&apos;Do you want to create an Opportunity?&apos;)]/ancestor::div[@class =&apos;bBody&apos;]//label[contains (@for, (&apos;No_Selected&apos;))])[last()]&apos; (tried for 60 second(s) with 500 MILLISECONDS interval)
	at org.openqa.selenium.support.ui.WebDriverWait.timeoutException(WebDriverWait.java:80)
	at org.openqa.selenium.support.ui.FluentWait.until(FluentWait.java:232)
	at com.crm.qa.util.TestUtil.waitUntilElementVisible(TestUtil.java:147)
	at com.crm.qa.util.TestUtil.clickElement(TestUtil.java:133)
	at com.crm.qa.pages.DetailsPage.loganInteractionCreateOptty(DetailsPage.java:527)
	at com.crm.qa.pages.DetailsPage.logacallInteraction(DetailsPage.java:474)
	at com.crm.qa.testcases.LogActivityTest.reachedwithBusinessLead_ScheduleMeeting(LogActivityTest.java:401)
Caused by: org.openqa.selenium.NoSuchElementException: no such element: Unable to locate element: {&quot;method&quot;:&quot;xpath&quot;,&quot;selector&quot;:&quot;(//div[contains(text(),&apos;Do you want to create an Opportunity?&apos;)]/ancestor::div[@class =&apos;bBody&apos;]//label[contains (@for, (&apos;No_Selected&apos;))])[last()]&quot;}
  (Session info: chrome=79.0.3945.130)
For documentation on this error, please visit: http://seleniumhq.org/exceptions/no_such_element.html
Build info: version: &apos;3.5.3&apos;, revision: &apos;a88d25fe6b&apos;, time: &apos;2017-08-29T12:42:44.417Z&apos;
System info: host: &apos;PHX-ISHARAF&apos;, ip: &apos;192.168.115.132&apos;, os.name: &apos;Windows 10&apos;, os.arch: &apos;amd64&apos;, os.version: &apos;10.0&apos;, java.version: &apos;1.8.0_221&apos;
Driver info: org.openqa.selenium.chrome.ChromeDriver
Capabilities [{networkConnectionEnabled=false, chrome={chromedriverVersion=79.0.3945.16 (93fcc21110c10dbbd49bbff8f472335360e31d05-refs/branch-heads/3945@{#262}), userDataDir=C:\Users\ISharaf\AppData\Local\Temp\scoped_dir58672_2042730788}, timeouts={implicit=0, pageLoad=300000, script=30000}, pageLoadStrategy=normal, unhandledPromptBehavior=accept, strictFileInteractability=false, platform=XP, proxy=Proxy(), goog:chromeOptions={debuggerAddress=localhost:53842}, acceptInsecureCerts=false, browserVersion=79.0.3945.130, browserName=chrome, javascriptEnabled=true, platformName=XP, setWindowRect=true}]
Session ID: 538f6e49ac84e75cfe32c37caaf8ce12
*** Element info: {Using=xpath, value=(//div[contains(text(),&apos;Do you want to create an Opportunity?&apos;)]/ancestor::div[@class =&apos;bBody&apos;]//label[contains (@for, (&apos;No_Selected&apos;))])[last()]}
	at org.openqa.selenium.remote.http.W3CHttpResponseCodec.createException(W3CHttpResponseCodec.java:185)
	at org.openqa.selenium.remote.http.W3CHttpResponseCodec.decode(W3CHttpResponseCodec.java:120)
	at org.openqa.selenium.remote.http.W3CHttpResponseCodec.decode(W3CHttpResponseCodec.java:49)
	at org.openqa.selenium.remote.HttpCommandExecutor.execute(HttpCommandExecutor.java:164)
	at org.openqa.selenium.remote.service.DriverCommandExecutor.execute(DriverCommandExecutor.java:82)
	at org.openqa.selenium.remote.RemoteWebDriver.execute(RemoteWebDriver.java:646)
	at org.openqa.selenium.remote.RemoteWebDriver.findElement(RemoteWebDriver.java:416)
	at org.openqa.selenium.remote.RemoteWebDriver.findElementByXPath(RemoteWebDriver.java:518)
	at org.openqa.selenium.By$ByXPath.findElement(By.java:361)
	at org.openqa.selenium.remote.RemoteWebDriver.findElement(RemoteWebDriver.java:408)
	at org.openqa.selenium.support.events.EventFiringWebDriver$2.invoke(EventFiringWebDriver.java:105)
	at com.sun.proxy.$Proxy8.findElement(Unknown Source)
	at org.openqa.selenium.support.events.EventFiringWebDriver.findElement(EventFiringWebDriver.java:189)
	at org.openqa.selenium.support.pagefactory.DefaultElementLocator.findElement(DefaultElementLocator.java:69)
	at org.openqa.selenium.support.pagefactory.internal.LocatingElementHandler.invoke(LocatingElementHandler.java:38)
	at com.sun.proxy.$Proxy12.isDisplayed(Unknown Source)
	at org.openqa.selenium.support.ui.ExpectedConditions.elementIfVisible(ExpectedConditions.java:302)
	at org.openqa.selenium.support.ui.ExpectedConditions.access$100(ExpectedConditions.java:44)
	at org.openqa.selenium.support.ui.ExpectedConditions$10.apply(ExpectedConditions.java:288)
	at org.openqa.selenium.support.ui.ExpectedConditions$10.apply(ExpectedConditions.java:285)
	at org.openqa.selenium.support.ui.FluentWait.until(FluentWait.java:209)
	... 30 more
... Removed 31 stack frames
</div> <!-- stack-trace -->
                </div> <!-- method-content -->
              </div> <!-- method -->
              <div class="method">
                <div class="method-content">
                  <a name="reachedwithBusinessLead_SchedulePhoneCall(0050R000000tUilQAE)">
                  </a> <!-- reachedwithBusinessLead_SchedulePhoneCall(0050R000000tUilQAE) -->
                  <span class="method-name">reachedwithBusinessLead_SchedulePhoneCall</span>
                  <span class="parameters">(0050R000000tUilQAE)</span>
                  <div class="stack-trace">org.openqa.selenium.TimeoutException: Expected condition failed: waiting for visibility of Proxy element for: DefaultElementLocator &apos;By.xpath: (//div[contains(text(),&apos;Do you want to create an Opportunity?&apos;)]/ancestor::div[@class =&apos;bBody&apos;]//label[contains (@for, (&apos;No_Selected&apos;))])[last()]&apos; (tried for 60 second(s) with 500 MILLISECONDS interval)
	at org.openqa.selenium.support.ui.WebDriverWait.timeoutException(WebDriverWait.java:80)
	at org.openqa.selenium.support.ui.FluentWait.until(FluentWait.java:232)
	at com.crm.qa.util.TestUtil.waitUntilElementVisible(TestUtil.java:147)
	at com.crm.qa.util.TestUtil.clickElement(TestUtil.java:133)
	at com.crm.qa.pages.DetailsPage.loganInteractionCreateOptty(DetailsPage.java:527)
	at com.crm.qa.pages.DetailsPage.logacallInteraction(DetailsPage.java:474)
	at com.crm.qa.testcases.LogActivityTest.reachedwithBusinessLead_SchedulePhoneCall(LogActivityTest.java:367)
Caused by: org.openqa.selenium.NoSuchElementException: no such element: Unable to locate element: {&quot;method&quot;:&quot;xpath&quot;,&quot;selector&quot;:&quot;(//div[contains(text(),&apos;Do you want to create an Opportunity?&apos;)]/ancestor::div[@class =&apos;bBody&apos;]//label[contains (@for, (&apos;No_Selected&apos;))])[last()]&quot;}
  (Session info: chrome=79.0.3945.130)
For documentation on this error, please visit: http://seleniumhq.org/exceptions/no_such_element.html
Build info: version: &apos;3.5.3&apos;, revision: &apos;a88d25fe6b&apos;, time: &apos;2017-08-29T12:42:44.417Z&apos;
System info: host: &apos;PHX-ISHARAF&apos;, ip: &apos;192.168.115.132&apos;, os.name: &apos;Windows 10&apos;, os.arch: &apos;amd64&apos;, os.version: &apos;10.0&apos;, java.version: &apos;1.8.0_221&apos;
Driver info: org.openqa.selenium.chrome.ChromeDriver
Capabilities [{networkConnectionEnabled=false, chrome={chromedriverVersion=79.0.3945.16 (93fcc21110c10dbbd49bbff8f472335360e31d05-refs/branch-heads/3945@{#262}), userDataDir=C:\Users\ISharaf\AppData\Local\Temp\scoped_dir30760_78365710}, timeouts={implicit=0, pageLoad=300000, script=30000}, pageLoadStrategy=normal, unhandledPromptBehavior=accept, strictFileInteractability=false, platform=XP, proxy=Proxy(), goog:chromeOptions={debuggerAddress=localhost:52739}, acceptInsecureCerts=false, browserVersion=79.0.3945.130, browserName=chrome, javascriptEnabled=true, platformName=XP, setWindowRect=true}]
Session ID: c9fde99c7d4fa54f5e1741f866ba67c4
*** Element info: {Using=xpath, value=(//div[contains(text(),&apos;Do you want to create an Opportunity?&apos;)]/ancestor::div[@class =&apos;bBody&apos;]//label[contains (@for, (&apos;No_Selected&apos;))])[last()]}
	at org.openqa.selenium.remote.http.W3CHttpResponseCodec.createException(W3CHttpResponseCodec.java:185)
	at org.openqa.selenium.remote.http.W3CHttpResponseCodec.decode(W3CHttpResponseCodec.java:120)
	at org.openqa.selenium.remote.http.W3CHttpResponseCodec.decode(W3CHttpResponseCodec.java:49)
	at org.openqa.selenium.remote.HttpCommandExecutor.execute(HttpCommandExecutor.java:164)
	at org.openqa.selenium.remote.service.DriverCommandExecutor.execute(DriverCommandExecutor.java:82)
	at org.openqa.selenium.remote.RemoteWebDriver.execute(RemoteWebDriver.java:646)
	at org.openqa.selenium.remote.RemoteWebDriver.findElement(RemoteWebDriver.java:416)
	at org.openqa.selenium.remote.RemoteWebDriver.findElementByXPath(RemoteWebDriver.java:518)
	at org.openqa.selenium.By$ByXPath.findElement(By.java:361)
	at org.openqa.selenium.remote.RemoteWebDriver.findElement(RemoteWebDriver.java:408)
	at org.openqa.selenium.support.events.EventFiringWebDriver$2.invoke(EventFiringWebDriver.java:105)
	at com.sun.proxy.$Proxy8.findElement(Unknown Source)
	at org.openqa.selenium.support.events.EventFiringWebDriver.findElement(EventFiringWebDriver.java:189)
	at org.openqa.selenium.support.pagefactory.DefaultElementLocator.findElement(DefaultElementLocator.java:69)
	at org.openqa.selenium.support.pagefactory.internal.LocatingElementHandler.invoke(LocatingElementHandler.java:38)
	at com.sun.proxy.$Proxy12.isDisplayed(Unknown Source)
	at org.openqa.selenium.support.ui.ExpectedConditions.elementIfVisible(ExpectedConditions.java:302)
	at org.openqa.selenium.support.ui.ExpectedConditions.access$100(ExpectedConditions.java:44)
	at org.openqa.selenium.support.ui.ExpectedConditions$10.apply(ExpectedConditions.java:288)
	at org.openqa.selenium.support.ui.ExpectedConditions$10.apply(ExpectedConditions.java:285)
	at org.openqa.selenium.support.ui.FluentWait.until(FluentWait.java:209)
	... 30 more
... Removed 32 stack frames
</div> <!-- stack-trace -->
                </div> <!-- method-content -->
              </div> <!-- method -->
              <div class="method">
                <div class="method-content">
                  <a name="reachedwithBusinessLead_ScheduleTodo(0050R000000tUilQAE)">
                  </a> <!-- reachedwithBusinessLead_ScheduleTodo(0050R000000tUilQAE) -->
                  <span class="method-name">reachedwithBusinessLead_ScheduleTodo</span>
                  <span class="parameters">(0050R000000tUilQAE)</span>
                  <div class="stack-trace">org.openqa.selenium.TimeoutException: Expected condition failed: waiting for visibility of Proxy element for: DefaultElementLocator &apos;By.xpath: (//div[contains(text(),&apos;Do you want to create an Opportunity?&apos;)]/ancestor::div[@class =&apos;bBody&apos;]//label[contains (@for, (&apos;No_Selected&apos;))])[last()]&apos; (tried for 60 second(s) with 500 MILLISECONDS interval)
	at org.openqa.selenium.support.ui.WebDriverWait.timeoutException(WebDriverWait.java:80)
	at org.openqa.selenium.support.ui.FluentWait.until(FluentWait.java:232)
	at com.crm.qa.util.TestUtil.waitUntilElementVisible(TestUtil.java:147)
	at com.crm.qa.util.TestUtil.clickElement(TestUtil.java:133)
	at com.crm.qa.pages.DetailsPage.loganInteractionCreateOptty(DetailsPage.java:527)
	at com.crm.qa.pages.DetailsPage.logacallInteraction(DetailsPage.java:474)
	at com.crm.qa.testcases.LogActivityTest.reachedwithBusinessLead_ScheduleTodo(LogActivityTest.java:384)
Caused by: org.openqa.selenium.NoSuchElementException: no such element: Unable to locate element: {&quot;method&quot;:&quot;xpath&quot;,&quot;selector&quot;:&quot;(//div[contains(text(),&apos;Do you want to create an Opportunity?&apos;)]/ancestor::div[@class =&apos;bBody&apos;]//label[contains (@for, (&apos;No_Selected&apos;))])[last()]&quot;}
  (Session info: chrome=79.0.3945.130)
For documentation on this error, please visit: http://seleniumhq.org/exceptions/no_such_element.html
Build info: version: &apos;3.5.3&apos;, revision: &apos;a88d25fe6b&apos;, time: &apos;2017-08-29T12:42:44.417Z&apos;
System info: host: &apos;PHX-ISHARAF&apos;, ip: &apos;192.168.115.132&apos;, os.name: &apos;Windows 10&apos;, os.arch: &apos;amd64&apos;, os.version: &apos;10.0&apos;, java.version: &apos;1.8.0_221&apos;
Driver info: org.openqa.selenium.chrome.ChromeDriver
Capabilities [{networkConnectionEnabled=false, chrome={chromedriverVersion=79.0.3945.16 (93fcc21110c10dbbd49bbff8f472335360e31d05-refs/branch-heads/3945@{#262}), userDataDir=C:\Users\ISharaf\AppData\Local\Temp\scoped_dir51724_2048370385}, timeouts={implicit=0, pageLoad=300000, script=30000}, pageLoadStrategy=normal, unhandledPromptBehavior=accept, strictFileInteractability=false, platform=XP, proxy=Proxy(), goog:chromeOptions={debuggerAddress=localhost:53308}, acceptInsecureCerts=false, browserVersion=79.0.3945.130, browserName=chrome, javascriptEnabled=true, platformName=XP, setWindowRect=true}]
Session ID: a04d9fb98365ea63877cced86d687db1
*** Element info: {Using=xpath, value=(//div[contains(text(),&apos;Do you want to create an Opportunity?&apos;)]/ancestor::div[@class =&apos;bBody&apos;]//label[contains (@for, (&apos;No_Selected&apos;))])[last()]}
	at org.openqa.selenium.remote.http.W3CHttpResponseCodec.createException(W3CHttpResponseCodec.java:185)
	at org.openqa.selenium.remote.http.W3CHttpResponseCodec.decode(W3CHttpResponseCodec.java:120)
	at org.openqa.selenium.remote.http.W3CHttpResponseCodec.decode(W3CHttpResponseCodec.java:49)
	at org.openqa.selenium.remote.HttpCommandExecutor.execute(HttpCommandExecutor.java:164)
	at org.openqa.selenium.remote.service.DriverCommandExecutor.execute(DriverCommandExecutor.java:82)
	at org.openqa.selenium.remote.RemoteWebDriver.execute(RemoteWebDriver.java:646)
	at org.openqa.selenium.remote.RemoteWebDriver.findElement(RemoteWebDriver.java:416)
	at org.openqa.selenium.remote.RemoteWebDriver.findElementByXPath(RemoteWebDriver.java:518)
	at org.openqa.selenium.By$ByXPath.findElement(By.java:361)
	at org.openqa.selenium.remote.RemoteWebDriver.findElement(RemoteWebDriver.java:408)
	at org.openqa.selenium.support.events.EventFiringWebDriver$2.invoke(EventFiringWebDriver.java:105)
	at com.sun.proxy.$Proxy8.findElement(Unknown Source)
	at org.openqa.selenium.support.events.EventFiringWebDriver.findElement(EventFiringWebDriver.java:189)
	at org.openqa.selenium.support.pagefactory.DefaultElementLocator.findElement(DefaultElementLocator.java:69)
	at org.openqa.selenium.support.pagefactory.internal.LocatingElementHandler.invoke(LocatingElementHandler.java:38)
	at com.sun.proxy.$Proxy12.isDisplayed(Unknown Source)
	at org.openqa.selenium.support.ui.ExpectedConditions.elementIfVisible(ExpectedConditions.java:302)
	at org.openqa.selenium.support.ui.ExpectedConditions.access$100(ExpectedConditions.java:44)
	at org.openqa.selenium.support.ui.ExpectedConditions$10.apply(ExpectedConditions.java:288)
	at org.openqa.selenium.support.ui.ExpectedConditions$10.apply(ExpectedConditions.java:285)
	at org.openqa.selenium.support.ui.FluentWait.until(FluentWait.java:209)
	... 30 more
... Removed 31 stack frames
</div> <!-- stack-trace -->
                </div> <!-- method-content -->
              </div> <!-- method -->
            </div> <!-- main-panel-content rounded-window-bottom -->
          </div> <!-- suite-FREE_CRM_Application_Test_Automation_Test_Suite-class-failed -->
          <div class="suite-FREE_CRM_Application_Test_Automation_Test_Suite-class-skipped">
            <div class="main-panel-header rounded-window-top">
              <img src="skipped.png"/>
              <span class="class-name">com.crm.qa.testcases.LogActivityTest</span>
            </div> <!-- main-panel-header rounded-window-top -->
            <div class="main-panel-content rounded-window-bottom">
              <div class="method">
                <div class="method-content">
                  <a name="UpdateSpouseAccountdetails(0050R000000tUilQAE)">
                  </a> <!-- UpdateSpouseAccountdetails(0050R000000tUilQAE) -->
                  <span class="method-name">UpdateSpouseAccountdetails</span>
                  <span class="parameters">(0050R000000tUilQAE)</span>
                  <div class="stack-trace">org.openqa.selenium.WebDriverException: element click intercepted: Element &lt;input lightning-basecombobox_basecombobox=&quot;&quot; id=&quot;input-754&quot; type=&quot;text&quot; role=&quot;textbox&quot; autocomplete=&quot;off&quot; aria-autocomplete=&quot;none&quot; readonly=&quot;&quot; class=&quot;slds-input slds-combobox__input&quot; aria-controls=&quot;dropdown-element-754&quot;&gt; is not clickable at point (727, 631). Other element would receive the click: &lt;force-form-footer records-baserecordform_baserecordform=&quot;&quot; force-formfooter_formfooter-host=&quot;&quot; style=&quot;position: fixed; left: 41px; width: 937.987px; bottom: 40px;&quot;&gt;&lt;/force-form-footer&gt;
  (Session info: chrome=79.0.3945.130)
Build info: version: &apos;3.5.3&apos;, revision: &apos;a88d25fe6b&apos;, time: &apos;2017-08-29T12:42:44.417Z&apos;
System info: host: &apos;PHX-ISHARAF&apos;, ip: &apos;192.168.115.132&apos;, os.name: &apos;Windows 10&apos;, os.arch: &apos;amd64&apos;, os.version: &apos;10.0&apos;, java.version: &apos;1.8.0_221&apos;
Driver info: org.openqa.selenium.chrome.ChromeDriver
Capabilities [{networkConnectionEnabled=false, chrome={chromedriverVersion=79.0.3945.16 (93fcc21110c10dbbd49bbff8f472335360e31d05-refs/branch-heads/3945@{#262}), userDataDir=C:\Users\ISharaf\AppData\Local\Temp\scoped_dir46404_234784713}, timeouts={implicit=0, pageLoad=300000, script=30000}, pageLoadStrategy=normal, unhandledPromptBehavior=accept, strictFileInteractability=false, platform=XP, proxy=Proxy(), goog:chromeOptions={debuggerAddress=localhost:60462}, acceptInsecureCerts=false, browserVersion=79.0.3945.130, browserName=chrome, javascriptEnabled=true, platformName=XP, setWindowRect=true}]
Session ID: a09de9f836edba80ef55c605858404e3
	at org.openqa.selenium.remote.http.W3CHttpResponseCodec.createException(W3CHttpResponseCodec.java:185)
	at org.openqa.selenium.remote.http.W3CHttpResponseCodec.decode(W3CHttpResponseCodec.java:120)
	at org.openqa.selenium.remote.http.W3CHttpResponseCodec.decode(W3CHttpResponseCodec.java:49)
	at org.openqa.selenium.remote.HttpCommandExecutor.execute(HttpCommandExecutor.java:164)
	at org.openqa.selenium.remote.service.DriverCommandExecutor.execute(DriverCommandExecutor.java:82)
	at org.openqa.selenium.remote.RemoteWebDriver.execute(RemoteWebDriver.java:646)
	at org.openqa.selenium.remote.RemoteWebElement.execute(RemoteWebElement.java:275)
	at org.openqa.selenium.remote.RemoteWebElement.click(RemoteWebElement.java:82)
	at org.openqa.selenium.support.events.EventFiringWebDriver$EventFiringWebElement$1.invoke(EventFiringWebDriver.java:350)
	at com.sun.proxy.$Proxy13.click(Unknown Source)
	at org.openqa.selenium.support.events.EventFiringWebDriver$EventFiringWebElement.click(EventFiringWebDriver.java:363)
	at org.openqa.selenium.support.pagefactory.internal.LocatingElementHandler.invoke(LocatingElementHandler.java:51)
	at com.sun.proxy.$Proxy12.click(Unknown Source)
	at com.crm.qa.pages.DetailsPage.updateAccountDetails(DetailsPage.java:737)
	at com.crm.qa.testcases.LogActivityTest.UpdateSpouseAccountdetails(LogActivityTest.java:543)
... Removed 35 stack frames
</div> <!-- stack-trace -->
                </div> <!-- method-content -->
              </div> <!-- method -->
              <div class="method">
                <div class="method-content">
                  <a name="reachedwithBusinessLead(0050R000000tUilQAE)">
                  </a> <!-- reachedwithBusinessLead(0050R000000tUilQAE) -->
                  <span class="method-name">reachedwithBusinessLead</span>
                  <span class="parameters">(0050R000000tUilQAE)</span>
                  <div class="stack-trace">org.openqa.selenium.TimeoutException: Expected condition failed: waiting for visibility of Proxy element for: DefaultElementLocator &apos;By.xpath: (//div[contains(text(),&apos;Do you want to create an Opportunity?&apos;)]/ancestor::div[@class =&apos;bBody&apos;]//label[contains (@for, (&apos;No_Selected&apos;))])[last()]&apos; (tried for 60 second(s) with 500 MILLISECONDS interval)
	at org.openqa.selenium.support.ui.WebDriverWait.timeoutException(WebDriverWait.java:80)
	at org.openqa.selenium.support.ui.FluentWait.until(FluentWait.java:232)
	at com.crm.qa.util.TestUtil.waitUntilElementVisible(TestUtil.java:147)
	at com.crm.qa.util.TestUtil.clickElement(TestUtil.java:133)
	at com.crm.qa.pages.DetailsPage.loganInteractionCreateOptty(DetailsPage.java:527)
	at com.crm.qa.pages.DetailsPage.logacallInteraction(DetailsPage.java:474)
	at com.crm.qa.testcases.LogActivityTest.reachedwithBusinessLead(LogActivityTest.java:352)
Caused by: org.openqa.selenium.NoSuchElementException: no such element: Unable to locate element: {&quot;method&quot;:&quot;xpath&quot;,&quot;selector&quot;:&quot;(//div[contains(text(),&apos;Do you want to create an Opportunity?&apos;)]/ancestor::div[@class =&apos;bBody&apos;]//label[contains (@for, (&apos;No_Selected&apos;))])[last()]&quot;}
  (Session info: chrome=79.0.3945.130)
For documentation on this error, please visit: http://seleniumhq.org/exceptions/no_such_element.html
Build info: version: &apos;3.5.3&apos;, revision: &apos;a88d25fe6b&apos;, time: &apos;2017-08-29T12:42:44.417Z&apos;
System info: host: &apos;PHX-ISHARAF&apos;, ip: &apos;192.168.115.132&apos;, os.name: &apos;Windows 10&apos;, os.arch: &apos;amd64&apos;, os.version: &apos;10.0&apos;, java.version: &apos;1.8.0_221&apos;
Driver info: org.openqa.selenium.chrome.ChromeDriver
Capabilities [{networkConnectionEnabled=false, chrome={chromedriverVersion=79.0.3945.16 (93fcc21110c10dbbd49bbff8f472335360e31d05-refs/branch-heads/3945@{#262}), userDataDir=C:\Users\ISharaf\AppData\Local\Temp\scoped_dir53884_1420172779}, timeouts={implicit=0, pageLoad=300000, script=30000}, pageLoadStrategy=normal, unhandledPromptBehavior=accept, strictFileInteractability=false, platform=XP, proxy=Proxy(), goog:chromeOptions={debuggerAddress=localhost:51844}, acceptInsecureCerts=false, browserVersion=79.0.3945.130, browserName=chrome, javascriptEnabled=true, platformName=XP, setWindowRect=true}]
Session ID: 13702bc0484f0bf9223a6d7f807920e5
*** Element info: {Using=xpath, value=(//div[contains(text(),&apos;Do you want to create an Opportunity?&apos;)]/ancestor::div[@class =&apos;bBody&apos;]//label[contains (@for, (&apos;No_Selected&apos;))])[last()]}
	at org.openqa.selenium.remote.http.W3CHttpResponseCodec.createException(W3CHttpResponseCodec.java:185)
	at org.openqa.selenium.remote.http.W3CHttpResponseCodec.decode(W3CHttpResponseCodec.java:120)
	at org.openqa.selenium.remote.http.W3CHttpResponseCodec.decode(W3CHttpResponseCodec.java:49)
	at org.openqa.selenium.remote.HttpCommandExecutor.execute(HttpCommandExecutor.java:164)
	at org.openqa.selenium.remote.service.DriverCommandExecutor.execute(DriverCommandExecutor.java:82)
	at org.openqa.selenium.remote.RemoteWebDriver.execute(RemoteWebDriver.java:646)
	at org.openqa.selenium.remote.RemoteWebDriver.findElement(RemoteWebDriver.java:416)
	at org.openqa.selenium.remote.RemoteWebDriver.findElementByXPath(RemoteWebDriver.java:518)
	at org.openqa.selenium.By$ByXPath.findElement(By.java:361)
	at org.openqa.selenium.remote.RemoteWebDriver.findElement(RemoteWebDriver.java:408)
	at org.openqa.selenium.support.events.EventFiringWebDriver$2.invoke(EventFiringWebDriver.java:105)
	at com.sun.proxy.$Proxy8.findElement(Unknown Source)
	at org.openqa.selenium.support.events.EventFiringWebDriver.findElement(EventFiringWebDriver.java:189)
	at org.openqa.selenium.support.pagefactory.DefaultElementLocator.findElement(DefaultElementLocator.java:69)
	at org.openqa.selenium.support.pagefactory.internal.LocatingElementHandler.invoke(LocatingElementHandler.java:38)
	at com.sun.proxy.$Proxy12.isDisplayed(Unknown Source)
	at org.openqa.selenium.support.ui.ExpectedConditions.elementIfVisible(ExpectedConditions.java:302)
	at org.openqa.selenium.support.ui.ExpectedConditions.access$100(ExpectedConditions.java:44)
	at org.openqa.selenium.support.ui.ExpectedConditions$10.apply(ExpectedConditions.java:288)
	at org.openqa.selenium.support.ui.ExpectedConditions$10.apply(ExpectedConditions.java:285)
	at org.openqa.selenium.support.ui.FluentWait.until(FluentWait.java:209)
	... 30 more
... Removed 32 stack frames
</div> <!-- stack-trace -->
                </div> <!-- method-content -->
              </div> <!-- method -->
              <div class="method">
                <div class="method-content">
                  <a name="reachedwithBusinessLead_ScheduleMeeting(0050R000000tUilQAE)">
                  </a> <!-- reachedwithBusinessLead_ScheduleMeeting(0050R000000tUilQAE) -->
                  <span class="method-name">reachedwithBusinessLead_ScheduleMeeting</span>
                  <span class="parameters">(0050R000000tUilQAE)</span>
                  <div class="stack-trace">org.openqa.selenium.TimeoutException: Expected condition failed: waiting for visibility of Proxy element for: DefaultElementLocator &apos;By.xpath: (//div[contains(text(),&apos;Do you want to create an Opportunity?&apos;)]/ancestor::div[@class =&apos;bBody&apos;]//label[contains (@for, (&apos;No_Selected&apos;))])[last()]&apos; (tried for 60 second(s) with 500 MILLISECONDS interval)
	at org.openqa.selenium.support.ui.WebDriverWait.timeoutException(WebDriverWait.java:80)
	at org.openqa.selenium.support.ui.FluentWait.until(FluentWait.java:232)
	at com.crm.qa.util.TestUtil.waitUntilElementVisible(TestUtil.java:147)
	at com.crm.qa.util.TestUtil.clickElement(TestUtil.java:133)
	at com.crm.qa.pages.DetailsPage.loganInteractionCreateOptty(DetailsPage.java:527)
	at com.crm.qa.pages.DetailsPage.logacallInteraction(DetailsPage.java:474)
	at com.crm.qa.testcases.LogActivityTest.reachedwithBusinessLead_ScheduleMeeting(LogActivityTest.java:401)
Caused by: org.openqa.selenium.NoSuchElementException: no such element: Unable to locate element: {&quot;method&quot;:&quot;xpath&quot;,&quot;selector&quot;:&quot;(//div[contains(text(),&apos;Do you want to create an Opportunity?&apos;)]/ancestor::div[@class =&apos;bBody&apos;]//label[contains (@for, (&apos;No_Selected&apos;))])[last()]&quot;}
  (Session info: chrome=79.0.3945.130)
For documentation on this error, please visit: http://seleniumhq.org/exceptions/no_such_element.html
Build info: version: &apos;3.5.3&apos;, revision: &apos;a88d25fe6b&apos;, time: &apos;2017-08-29T12:42:44.417Z&apos;
System info: host: &apos;PHX-ISHARAF&apos;, ip: &apos;192.168.115.132&apos;, os.name: &apos;Windows 10&apos;, os.arch: &apos;amd64&apos;, os.version: &apos;10.0&apos;, java.version: &apos;1.8.0_221&apos;
Driver info: org.openqa.selenium.chrome.ChromeDriver
Capabilities [{networkConnectionEnabled=false, chrome={chromedriverVersion=79.0.3945.16 (93fcc21110c10dbbd49bbff8f472335360e31d05-refs/branch-heads/3945@{#262}), userDataDir=C:\Users\ISharaf\AppData\Local\Temp\scoped_dir56900_257008336}, timeouts={implicit=0, pageLoad=300000, script=30000}, pageLoadStrategy=normal, unhandledPromptBehavior=accept, strictFileInteractability=false, platform=XP, proxy=Proxy(), goog:chromeOptions={debuggerAddress=localhost:53571}, acceptInsecureCerts=false, browserVersion=79.0.3945.130, browserName=chrome, javascriptEnabled=true, platformName=XP, setWindowRect=true}]
Session ID: f81ccf4489928f1019dc99219d3d6cdf
*** Element info: {Using=xpath, value=(//div[contains(text(),&apos;Do you want to create an Opportunity?&apos;)]/ancestor::div[@class =&apos;bBody&apos;]//label[contains (@for, (&apos;No_Selected&apos;))])[last()]}
	at org.openqa.selenium.remote.http.W3CHttpResponseCodec.createException(W3CHttpResponseCodec.java:185)
	at org.openqa.selenium.remote.http.W3CHttpResponseCodec.decode(W3CHttpResponseCodec.java:120)
	at org.openqa.selenium.remote.http.W3CHttpResponseCodec.decode(W3CHttpResponseCodec.java:49)
	at org.openqa.selenium.remote.HttpCommandExecutor.execute(HttpCommandExecutor.java:164)
	at org.openqa.selenium.remote.service.DriverCommandExecutor.execute(DriverCommandExecutor.java:82)
	at org.openqa.selenium.remote.RemoteWebDriver.execute(RemoteWebDriver.java:646)
	at org.openqa.selenium.remote.RemoteWebDriver.findElement(RemoteWebDriver.java:416)
	at org.openqa.selenium.remote.RemoteWebDriver.findElementByXPath(RemoteWebDriver.java:518)
	at org.openqa.selenium.By$ByXPath.findElement(By.java:361)
	at org.openqa.selenium.remote.RemoteWebDriver.findElement(RemoteWebDriver.java:408)
	at org.openqa.selenium.support.events.EventFiringWebDriver$2.invoke(EventFiringWebDriver.java:105)
	at com.sun.proxy.$Proxy8.findElement(Unknown Source)
	at org.openqa.selenium.support.events.EventFiringWebDriver.findElement(EventFiringWebDriver.java:189)
	at org.openqa.selenium.support.pagefactory.DefaultElementLocator.findElement(DefaultElementLocator.java:69)
	at org.openqa.selenium.support.pagefactory.internal.LocatingElementHandler.invoke(LocatingElementHandler.java:38)
	at com.sun.proxy.$Proxy12.isDisplayed(Unknown Source)
	at org.openqa.selenium.support.ui.ExpectedConditions.elementIfVisible(ExpectedConditions.java:302)
	at org.openqa.selenium.support.ui.ExpectedConditions.access$100(ExpectedConditions.java:44)
	at org.openqa.selenium.support.ui.ExpectedConditions$10.apply(ExpectedConditions.java:288)
	at org.openqa.selenium.support.ui.ExpectedConditions$10.apply(ExpectedConditions.java:285)
	at org.openqa.selenium.support.ui.FluentWait.until(FluentWait.java:209)
	... 30 more
... Removed 31 stack frames
</div> <!-- stack-trace -->
                </div> <!-- method-content -->
              </div> <!-- method -->
              <div class="method">
                <div class="method-content">
                  <a name="reachedwithBusinessLead_SchedulePhoneCall(0050R000000tUilQAE)">
                  </a> <!-- reachedwithBusinessLead_SchedulePhoneCall(0050R000000tUilQAE) -->
                  <span class="method-name">reachedwithBusinessLead_SchedulePhoneCall</span>
                  <span class="parameters">(0050R000000tUilQAE)</span>
                  <div class="stack-trace">org.openqa.selenium.TimeoutException: Expected condition failed: waiting for visibility of Proxy element for: DefaultElementLocator &apos;By.xpath: (//div[contains(text(),&apos;Do you want to create an Opportunity?&apos;)]/ancestor::div[@class =&apos;bBody&apos;]//label[contains (@for, (&apos;No_Selected&apos;))])[last()]&apos; (tried for 60 second(s) with 500 MILLISECONDS interval)
	at org.openqa.selenium.support.ui.WebDriverWait.timeoutException(WebDriverWait.java:80)
	at org.openqa.selenium.support.ui.FluentWait.until(FluentWait.java:232)
	at com.crm.qa.util.TestUtil.waitUntilElementVisible(TestUtil.java:147)
	at com.crm.qa.util.TestUtil.clickElement(TestUtil.java:133)
	at com.crm.qa.pages.DetailsPage.loganInteractionCreateOptty(DetailsPage.java:527)
	at com.crm.qa.pages.DetailsPage.logacallInteraction(DetailsPage.java:474)
	at com.crm.qa.testcases.LogActivityTest.reachedwithBusinessLead_SchedulePhoneCall(LogActivityTest.java:367)
Caused by: org.openqa.selenium.NoSuchElementException: no such element: Unable to locate element: {&quot;method&quot;:&quot;xpath&quot;,&quot;selector&quot;:&quot;(//div[contains(text(),&apos;Do you want to create an Opportunity?&apos;)]/ancestor::div[@class =&apos;bBody&apos;]//label[contains (@for, (&apos;No_Selected&apos;))])[last()]&quot;}
  (Session info: chrome=79.0.3945.130)
For documentation on this error, please visit: http://seleniumhq.org/exceptions/no_such_element.html
Build info: version: &apos;3.5.3&apos;, revision: &apos;a88d25fe6b&apos;, time: &apos;2017-08-29T12:42:44.417Z&apos;
System info: host: &apos;PHX-ISHARAF&apos;, ip: &apos;192.168.115.132&apos;, os.name: &apos;Windows 10&apos;, os.arch: &apos;amd64&apos;, os.version: &apos;10.0&apos;, java.version: &apos;1.8.0_221&apos;
Driver info: org.openqa.selenium.chrome.ChromeDriver
Capabilities [{networkConnectionEnabled=false, chrome={chromedriverVersion=79.0.3945.16 (93fcc21110c10dbbd49bbff8f472335360e31d05-refs/branch-heads/3945@{#262}), userDataDir=C:\Users\ISharaf\AppData\Local\Temp\scoped_dir64392_976662309}, timeouts={implicit=0, pageLoad=300000, script=30000}, pageLoadStrategy=normal, unhandledPromptBehavior=accept, strictFileInteractability=false, platform=XP, proxy=Proxy(), goog:chromeOptions={debuggerAddress=localhost:52489}, acceptInsecureCerts=false, browserVersion=79.0.3945.130, browserName=chrome, javascriptEnabled=true, platformName=XP, setWindowRect=true}]
Session ID: f8984fa24ccabdb8c84810b1a4a8cebe
*** Element info: {Using=xpath, value=(//div[contains(text(),&apos;Do you want to create an Opportunity?&apos;)]/ancestor::div[@class =&apos;bBody&apos;]//label[contains (@for, (&apos;No_Selected&apos;))])[last()]}
	at org.openqa.selenium.remote.http.W3CHttpResponseCodec.createException(W3CHttpResponseCodec.java:185)
	at org.openqa.selenium.remote.http.W3CHttpResponseCodec.decode(W3CHttpResponseCodec.java:120)
	at org.openqa.selenium.remote.http.W3CHttpResponseCodec.decode(W3CHttpResponseCodec.java:49)
	at org.openqa.selenium.remote.HttpCommandExecutor.execute(HttpCommandExecutor.java:164)
	at org.openqa.selenium.remote.service.DriverCommandExecutor.execute(DriverCommandExecutor.java:82)
	at org.openqa.selenium.remote.RemoteWebDriver.execute(RemoteWebDriver.java:646)
	at org.openqa.selenium.remote.RemoteWebDriver.findElement(RemoteWebDriver.java:416)
	at org.openqa.selenium.remote.RemoteWebDriver.findElementByXPath(RemoteWebDriver.java:518)
	at org.openqa.selenium.By$ByXPath.findElement(By.java:361)
	at org.openqa.selenium.remote.RemoteWebDriver.findElement(RemoteWebDriver.java:408)
	at org.openqa.selenium.support.events.EventFiringWebDriver$2.invoke(EventFiringWebDriver.java:105)
	at com.sun.proxy.$Proxy8.findElement(Unknown Source)
	at org.openqa.selenium.support.events.EventFiringWebDriver.findElement(EventFiringWebDriver.java:189)
	at org.openqa.selenium.support.pagefactory.DefaultElementLocator.findElement(DefaultElementLocator.java:69)
	at org.openqa.selenium.support.pagefactory.internal.LocatingElementHandler.invoke(LocatingElementHandler.java:38)
	at com.sun.proxy.$Proxy12.isDisplayed(Unknown Source)
	at org.openqa.selenium.support.ui.ExpectedConditions.elementIfVisible(ExpectedConditions.java:302)
	at org.openqa.selenium.support.ui.ExpectedConditions.access$100(ExpectedConditions.java:44)
	at org.openqa.selenium.support.ui.ExpectedConditions$10.apply(ExpectedConditions.java:288)
	at org.openqa.selenium.support.ui.ExpectedConditions$10.apply(ExpectedConditions.java:285)
	at org.openqa.selenium.support.ui.FluentWait.until(FluentWait.java:209)
	... 30 more
... Removed 32 stack frames
</div> <!-- stack-trace -->
                </div> <!-- method-content -->
              </div> <!-- method -->
              <div class="method">
                <div class="method-content">
                  <a name="reachedwithBusinessLead_ScheduleTodo(0050R000000tUilQAE)">
                  </a> <!-- reachedwithBusinessLead_ScheduleTodo(0050R000000tUilQAE) -->
                  <span class="method-name">reachedwithBusinessLead_ScheduleTodo</span>
                  <span class="parameters">(0050R000000tUilQAE)</span>
                  <div class="stack-trace">org.openqa.selenium.TimeoutException: Expected condition failed: waiting for visibility of Proxy element for: DefaultElementLocator &apos;By.xpath: (//div[contains(text(),&apos;Do you want to create an Opportunity?&apos;)]/ancestor::div[@class =&apos;bBody&apos;]//label[contains (@for, (&apos;No_Selected&apos;))])[last()]&apos; (tried for 60 second(s) with 500 MILLISECONDS interval)
	at org.openqa.selenium.support.ui.WebDriverWait.timeoutException(WebDriverWait.java:80)
	at org.openqa.selenium.support.ui.FluentWait.until(FluentWait.java:232)
	at com.crm.qa.util.TestUtil.waitUntilElementVisible(TestUtil.java:147)
	at com.crm.qa.util.TestUtil.clickElement(TestUtil.java:133)
	at com.crm.qa.pages.DetailsPage.loganInteractionCreateOptty(DetailsPage.java:527)
	at com.crm.qa.pages.DetailsPage.logacallInteraction(DetailsPage.java:474)
	at com.crm.qa.testcases.LogActivityTest.reachedwithBusinessLead_ScheduleTodo(LogActivityTest.java:384)
Caused by: org.openqa.selenium.NoSuchElementException: no such element: Unable to locate element: {&quot;method&quot;:&quot;xpath&quot;,&quot;selector&quot;:&quot;(//div[contains(text(),&apos;Do you want to create an Opportunity?&apos;)]/ancestor::div[@class =&apos;bBody&apos;]//label[contains (@for, (&apos;No_Selected&apos;))])[last()]&quot;}
  (Session info: chrome=79.0.3945.130)
For documentation on this error, please visit: http://seleniumhq.org/exceptions/no_such_element.html
Build info: version: &apos;3.5.3&apos;, revision: &apos;a88d25fe6b&apos;, time: &apos;2017-08-29T12:42:44.417Z&apos;
System info: host: &apos;PHX-ISHARAF&apos;, ip: &apos;192.168.115.132&apos;, os.name: &apos;Windows 10&apos;, os.arch: &apos;amd64&apos;, os.version: &apos;10.0&apos;, java.version: &apos;1.8.0_221&apos;
Driver info: org.openqa.selenium.chrome.ChromeDriver
Capabilities [{networkConnectionEnabled=false, chrome={chromedriverVersion=79.0.3945.16 (93fcc21110c10dbbd49bbff8f472335360e31d05-refs/branch-heads/3945@{#262}), userDataDir=C:\Users\ISharaf\AppData\Local\Temp\scoped_dir57144_2023382563}, timeouts={implicit=0, pageLoad=300000, script=30000}, pageLoadStrategy=normal, unhandledPromptBehavior=accept, strictFileInteractability=false, platform=XP, proxy=Proxy(), goog:chromeOptions={debuggerAddress=localhost:53029}, acceptInsecureCerts=false, browserVersion=79.0.3945.130, browserName=chrome, javascriptEnabled=true, platformName=XP, setWindowRect=true}]
Session ID: 3304336f3aced1be251e50a2c543705a
*** Element info: {Using=xpath, value=(//div[contains(text(),&apos;Do you want to create an Opportunity?&apos;)]/ancestor::div[@class =&apos;bBody&apos;]//label[contains (@for, (&apos;No_Selected&apos;))])[last()]}
	at org.openqa.selenium.remote.http.W3CHttpResponseCodec.createException(W3CHttpResponseCodec.java:185)
	at org.openqa.selenium.remote.http.W3CHttpResponseCodec.decode(W3CHttpResponseCodec.java:120)
	at org.openqa.selenium.remote.http.W3CHttpResponseCodec.decode(W3CHttpResponseCodec.java:49)
	at org.openqa.selenium.remote.HttpCommandExecutor.execute(HttpCommandExecutor.java:164)
	at org.openqa.selenium.remote.service.DriverCommandExecutor.execute(DriverCommandExecutor.java:82)
	at org.openqa.selenium.remote.RemoteWebDriver.execute(RemoteWebDriver.java:646)
	at org.openqa.selenium.remote.RemoteWebDriver.findElement(RemoteWebDriver.java:416)
	at org.openqa.selenium.remote.RemoteWebDriver.findElementByXPath(RemoteWebDriver.java:518)
	at org.openqa.selenium.By$ByXPath.findElement(By.java:361)
	at org.openqa.selenium.remote.RemoteWebDriver.findElement(RemoteWebDriver.java:408)
	at org.openqa.selenium.support.events.EventFiringWebDriver$2.invoke(EventFiringWebDriver.java:105)
	at com.sun.proxy.$Proxy8.findElement(Unknown Source)
	at org.openqa.selenium.support.events.EventFiringWebDriver.findElement(EventFiringWebDriver.java:189)
	at org.openqa.selenium.support.pagefactory.DefaultElementLocator.findElement(DefaultElementLocator.java:69)
	at org.openqa.selenium.support.pagefactory.internal.LocatingElementHandler.invoke(LocatingElementHandler.java:38)
	at com.sun.proxy.$Proxy12.isDisplayed(Unknown Source)
	at org.openqa.selenium.support.ui.ExpectedConditions.elementIfVisible(ExpectedConditions.java:302)
	at org.openqa.selenium.support.ui.ExpectedConditions.access$100(ExpectedConditions.java:44)
	at org.openqa.selenium.support.ui.ExpectedConditions$10.apply(ExpectedConditions.java:288)
	at org.openqa.selenium.support.ui.ExpectedConditions$10.apply(ExpectedConditions.java:285)
	at org.openqa.selenium.support.ui.FluentWait.until(FluentWait.java:209)
	... 30 more
... Removed 32 stack frames
</div> <!-- stack-trace -->
                </div> <!-- method-content -->
              </div> <!-- method -->
            </div> <!-- main-panel-content rounded-window-bottom -->
          </div> <!-- suite-FREE_CRM_Application_Test_Automation_Test_Suite-class-skipped -->
          <div class="suite-FREE_CRM_Application_Test_Automation_Test_Suite-class-passed">
            <div class="main-panel-header rounded-window-top">
              <img src="passed.png"/>
              <span class="class-name">com.crm.qa.testcases.LogActivityTest</span>
            </div> <!-- main-panel-header rounded-window-top -->
            <div class="main-panel-content rounded-window-bottom">
              <div class="method">
                <div class="method-content">
                  <a name="AddSpouseandLogaCallPrimary(0050R000000tUilQAE)">
                  </a> <!-- AddSpouseandLogaCallPrimary(0050R000000tUilQAE) -->
                  <span class="method-name">AddSpouseandLogaCallPrimary</span>
                  <span class="parameters">(0050R000000tUilQAE)</span>
                </div> <!-- method-content -->
              </div> <!-- method -->
              <div class="method">
                <div class="method-content">
                  <a name="LogaCallwithSpouse_ValidateAtPrimary(0050R000000tUilQAE)">
                  </a> <!-- LogaCallwithSpouse_ValidateAtPrimary(0050R000000tUilQAE) -->
                  <span class="method-name">LogaCallwithSpouse_ValidateAtPrimary</span>
                  <span class="parameters">(0050R000000tUilQAE)</span>
                </div> <!-- method-content -->
              </div> <!-- method -->
              <div class="method">
                <div class="method-content">
                  <a name="UnplannedMeetingWithExistingMeeting(0050R000000tUilQAE)">
                  </a> <!-- UnplannedMeetingWithExistingMeeting(0050R000000tUilQAE) -->
                  <span class="method-name">UnplannedMeetingWithExistingMeeting</span>
                  <span class="parameters">(0050R000000tUilQAE)</span>
                </div> <!-- method-content -->
              </div> <!-- method -->
              <div class="method">
                <div class="method-content">
                  <a name="UnplannedMeeting_withMeeting_OnPhone_multipleUsers(0050R000000tUilQAE)">
                  </a> <!-- UnplannedMeeting_withMeeting_OnPhone_multipleUsers(0050R000000tUilQAE) -->
                  <span class="method-name">UnplannedMeeting_withMeeting_OnPhone_multipleUsers</span>
                  <span class="parameters">(0050R000000tUilQAE)</span>
                </div> <!-- method-content -->
              </div> <!-- method -->
              <div class="method">
                <div class="method-content">
                  <a name="UnplannedMeeting_withMeeting_OnSiteEvent_multipleUsers(0050R000000tUilQAE)">
                  </a> <!-- UnplannedMeeting_withMeeting_OnSiteEvent_multipleUsers(0050R000000tUilQAE) -->
                  <span class="method-name">UnplannedMeeting_withMeeting_OnSiteEvent_multipleUsers</span>
                  <span class="parameters">(0050R000000tUilQAE)</span>
                </div> <!-- method-content -->
              </div> <!-- method -->
              <div class="method">
                <div class="method-content">
                  <a name="UnplannedMeeting_withMeeting_VirtualMeeting_multipleUsers(0050R000000tUilQAE)">
                  </a> <!-- UnplannedMeeting_withMeeting_VirtualMeeting_multipleUsers(0050R000000tUilQAE) -->
                  <span class="method-name">UnplannedMeeting_withMeeting_VirtualMeeting_multipleUsers</span>
                  <span class="parameters">(0050R000000tUilQAE)</span>
                </div> <!-- method-content -->
              </div> <!-- method -->
              <div class="method">
                <div class="method-content">
                  <a name="UnplannedMeeting_withOutcome_Cancelled_multipleUsers(0050R000000tUilQAE)">
                  </a> <!-- UnplannedMeeting_withOutcome_Cancelled_multipleUsers(0050R000000tUilQAE) -->
                  <span class="method-name">UnplannedMeeting_withOutcome_Cancelled_multipleUsers</span>
                  <span class="parameters">(0050R000000tUilQAE)</span>
                </div> <!-- method-content -->
              </div> <!-- method -->
              <div class="method">
                <div class="method-content">
                  <a name="UnplannedMeeting_withOutcome_Completed_multipleUsers(0050R000000tUilQAE)">
                  </a> <!-- UnplannedMeeting_withOutcome_Completed_multipleUsers(0050R000000tUilQAE) -->
                  <span class="method-name">UnplannedMeeting_withOutcome_Completed_multipleUsers</span>
                  <span class="parameters">(0050R000000tUilQAE)</span>
                </div> <!-- method-content -->
              </div> <!-- method -->
              <div class="method">
                <div class="method-content">
                  <a name="UnplannedMeeting_withOutcome_NoShow_multipleUsers(0050R000000tUilQAE)">
                  </a> <!-- UnplannedMeeting_withOutcome_NoShow_multipleUsers(0050R000000tUilQAE) -->
                  <span class="method-name">UnplannedMeeting_withOutcome_NoShow_multipleUsers</span>
                  <span class="parameters">(0050R000000tUilQAE)</span>
                </div> <!-- method-content -->
              </div> <!-- method -->
              <div class="method">
                <div class="method-content">
                  <a name="UpdatePrimaryAccountdetails(0050R000000tUilQAE)">
                  </a> <!-- UpdatePrimaryAccountdetails(0050R000000tUilQAE) -->
                  <span class="method-name">UpdatePrimaryAccountdetails</span>
                  <span class="parameters">(0050R000000tUilQAE)</span>
                </div> <!-- method-content -->
              </div> <!-- method -->
              <div class="method">
                <div class="method-content">
                  <a name="UpdateSpouseAccountdetails(0050R000000tUilQAE)">
                  </a> <!-- UpdateSpouseAccountdetails(0050R000000tUilQAE) -->
                  <span class="method-name">UpdateSpouseAccountdetails</span>
                  <span class="parameters">(0050R000000tUilQAE)</span>
                </div> <!-- method-content -->
              </div> <!-- method -->
              <div class="method">
                <div class="method-content">
                  <a name="meeting_CompleteFlow(0050R0000032jRGQAY)">
                  </a> <!-- meeting_CompleteFlow(0050R0000032jRGQAY) -->
                  <span class="method-name">meeting_CompleteFlow</span>
                  <span class="parameters">(0050R0000032jRGQAY)</span>
                </div> <!-- method-content -->
              </div> <!-- method -->
              <div class="method">
                <div class="method-content">
                  <a name="nolead_Reached_createBranchOpportunity(0050R000000tUilQAE)">
                  </a> <!-- nolead_Reached_createBranchOpportunity(0050R000000tUilQAE) -->
                  <span class="method-name">nolead_Reached_createBranchOpportunity</span>
                  <span class="parameters">(0050R000000tUilQAE)</span>
                </div> <!-- method-content -->
              </div> <!-- method -->
              <div class="method">
                <div class="method-content">
                  <a name="notReached_multipleUsers(0050R000000tUilQAE)">
                  </a> <!-- notReached_multipleUsers(0050R000000tUilQAE) -->
                  <span class="method-name">notReached_multipleUsers</span>
                  <span class="parameters">(0050R000000tUilQAE)</span>
                </div> <!-- method-content -->
              </div> <!-- method -->
              <div class="method">
                <div class="method-content">
                  <a name="notReachedwithBusinessLead(0050R000000tUilQAE)">
                  </a> <!-- notReachedwithBusinessLead(0050R000000tUilQAE) -->
                  <span class="method-name">notReachedwithBusinessLead</span>
                  <span class="parameters">(0050R000000tUilQAE)</span>
                </div> <!-- method-content -->
              </div> <!-- method -->
              <div class="method">
                <div class="method-content">
                  <a name="reached_Schedule_Appointment(0050R000000tUilQAE)">
                  </a> <!-- reached_Schedule_Appointment(0050R000000tUilQAE) -->
                  <span class="method-name">reached_Schedule_Appointment</span>
                  <span class="parameters">(0050R000000tUilQAE)</span>
                </div> <!-- method-content -->
              </div> <!-- method -->
              <div class="method">
                <div class="method-content">
                  <a name="reached_Schedule_Phonecall(0050R000000tUilQAE)">
                  </a> <!-- reached_Schedule_Phonecall(0050R000000tUilQAE) -->
                  <span class="method-name">reached_Schedule_Phonecall</span>
                  <span class="parameters">(0050R000000tUilQAE)</span>
                </div> <!-- method-content -->
              </div> <!-- method -->
              <div class="method">
                <div class="method-content">
                  <a name="reached_Schedule_ToDo(0050R000000tUilQAE)">
                  </a> <!-- reached_Schedule_ToDo(0050R000000tUilQAE) -->
                  <span class="method-name">reached_Schedule_ToDo</span>
                  <span class="parameters">(0050R000000tUilQAE)</span>
                </div> <!-- method-content -->
              </div> <!-- method -->
              <div class="method">
                <div class="method-content">
                  <a name="reached_multipleUsers(0050R000000tUilQAE)">
                  </a> <!-- reached_multipleUsers(0050R000000tUilQAE) -->
                  <span class="method-name">reached_multipleUsers</span>
                  <span class="parameters">(0050R000000tUilQAE)</span>
                </div> <!-- method-content -->
              </div> <!-- method -->
              <div class="method">
                <div class="method-content">
                  <a name="validateEmail(0050R000000tUilQAE)">
                  </a> <!-- validateEmail(0050R000000tUilQAE) -->
                  <span class="method-name">validateEmail</span>
                  <span class="parameters">(0050R000000tUilQAE)</span>
                </div> <!-- method-content -->
              </div> <!-- method -->
              <div class="method">
                <div class="method-content">
                  <a name="validateFinancialDataForSponsoredClient(0050R000000XRHYQA4)">
                  </a> <!-- validateFinancialDataForSponsoredClient(0050R000000XRHYQA4) -->
                  <span class="method-name">validateFinancialDataForSponsoredClient</span>
                  <span class="parameters">(0050R000000XRHYQA4)</span>
                </div> <!-- method-content -->
              </div> <!-- method -->
            </div> <!-- main-panel-content rounded-window-bottom -->
          </div> <!-- suite-FREE_CRM_Application_Test_Automation_Test_Suite-class-passed -->
        </div> <!-- panel FREE_CRM_Application_Test_Automation_Test_Suite -->
        <div panel-name="test-xml-FREE_CRM_Application_Test_Automation_Test_Suite" class="panel">
          <div class="main-panel-header rounded-window-top">
            <span class="header-content">C:\Users\ISharaf\workspace\POM_Updated\src\main\resources\LogACallLead.xml</span>
          </div> <!-- main-panel-header rounded-window-top -->
          <div class="main-panel-content rounded-window-bottom">
            <pre>
&lt;?xml version=&quot;1.0&quot; encoding=&quot;UTF-8&quot;?&gt;
&lt;!DOCTYPE suite SYSTEM &quot;http://testng.org/testng-1.0.dtd&quot;&gt;
&lt;suite guice-stage=&quot;DEVELOPMENT&quot; name=&quot;FREE CRM Application Test Automation Test Suite&quot;&gt;
  &lt;listeners&gt;
    &lt;listener class-name=&quot;com.qa.EventListener.TestListener&quot;/&gt;
    &lt;listener class-name=&quot;com.qa.EventListener.FailureRetryListener&quot;/&gt;
  &lt;/listeners&gt;
  &lt;test name=&quot;Free CRM App Test Cases&quot;&gt;
    &lt;classes&gt;
      &lt;class name=&quot;com.crm.qa.testcases.LogActivityTest&quot;&gt;
        &lt;methods&gt;
          &lt;include name=&quot;reached_multipleUsers&quot;/&gt;
          &lt;include name=&quot;notReached_multipleUsers&quot;/&gt;
          &lt;include name=&quot;UnplannedMeeting_withOutcome_NoShow_multipleUsers&quot;/&gt;
          &lt;include name=&quot;UnplannedMeeting_withOutcome_Cancelled_multipleUsers&quot;/&gt;
          &lt;include name=&quot;UnplannedMeeting_withOutcome_Completed_multipleUsers&quot;/&gt;
          &lt;include name=&quot;UnplannedMeeting_withMeeting_OnPhone_multipleUsers&quot;/&gt;
          &lt;include name=&quot;UnplannedMeeting_withMeeting_OnSiteEvent_multipleUsers&quot;/&gt;
          &lt;include name=&quot;UnplannedMeeting_withMeeting_VirtualMeeting_multipleUsers&quot;/&gt;
          &lt;include name=&quot;logaCall_UnplannedMeeting_multipleUsers&quot;/&gt;
          &lt;include name=&quot;reached_Schedule_ToDo&quot;/&gt;
          &lt;include name=&quot;reached_Schedule_Phonecall&quot;/&gt;
          &lt;include name=&quot;reached_Schedule_Appointment&quot;/&gt;
          &lt;include name=&quot;notReachedwithBusinessLead&quot;/&gt;
          &lt;include name=&quot;reachedwithBusinessLead&quot;/&gt;
          &lt;include name=&quot;reachedwithBusinessLead_SchedulePhoneCall&quot;/&gt;
          &lt;include name=&quot;reachedwithBusinessLead_ScheduleTodo&quot;/&gt;
          &lt;include name=&quot;reachedwithBusinessLead_ScheduleMeeting&quot;/&gt;
          &lt;include name=&quot;UnplannedMeetingWithExistingMeeting&quot;/&gt;
          &lt;include name=&quot;meeting_CompleteFlow&quot;/&gt;
          &lt;include name=&quot;AddSpouseandLogaCallPrimary&quot;/&gt;
          &lt;include name=&quot;LogaCallwithSpouse_ValidateAtPrimary&quot;/&gt;
          &lt;include name=&quot;UpdatePrimaryAccountdetails&quot;/&gt;
          &lt;include name=&quot;UpdateSpouseAccountdetails&quot;/&gt;
          &lt;include name=&quot;nolead_Reached_createBranchOpportunity&quot;/&gt;
          &lt;include name=&quot;validateFinancialDataForSponsoredClient&quot;/&gt;
          &lt;include name=&quot;validateEmail&quot;/&gt;
        &lt;/methods&gt;
      &lt;/class&gt; &lt;!-- com.crm.qa.testcases.LogActivityTest --&gt;
    &lt;/classes&gt;
  &lt;/test&gt; &lt;!-- Free CRM App Test Cases --&gt;
&lt;/suite&gt; &lt;!-- FREE CRM Application Test Automation Test Suite --&gt;
            </pre>
          </div> <!-- main-panel-content rounded-window-bottom -->
        </div> <!-- panel -->
        <div panel-name="testlist-FREE_CRM_Application_Test_Automation_Test_Suite" class="panel">
          <div class="main-panel-header rounded-window-top">
            <span class="header-content">Tests for FREE CRM Application Test Automation Test Suite</span>
          </div> <!-- main-panel-header rounded-window-top -->
          <div class="main-panel-content rounded-window-bottom">
            <ul>
              <li>
                <span class="test-name">Free CRM App Test Cases (1 class)</span>
              </li>
            </ul>
          </div> <!-- main-panel-content rounded-window-bottom -->
        </div> <!-- panel -->
        <div panel-name="group-FREE_CRM_Application_Test_Automation_Test_Suite" class="panel">
          <div class="main-panel-header rounded-window-top">
            <span class="header-content">Groups for FREE CRM Application Test Automation Test Suite</span>
          </div> <!-- main-panel-header rounded-window-top -->
          <div class="main-panel-content rounded-window-bottom">
          </div> <!-- main-panel-content rounded-window-bottom -->
        </div> <!-- panel -->
        <div panel-name="times-FREE_CRM_Application_Test_Automation_Test_Suite" class="panel">
          <div class="main-panel-header rounded-window-top">
            <span class="header-content">Times for FREE CRM Application Test Automation Test Suite</span>
          </div> <!-- main-panel-header rounded-window-top -->
          <div class="main-panel-content rounded-window-bottom">
            <div class="times-div">
              <script type="text/javascript">
suiteTableInitFunctions.push('tableData_FREE_CRM_Application_Test_Automation_Test_Suite');
function tableData_FREE_CRM_Application_Test_Automation_Test_Suite() {
var data = new google.visualization.DataTable();
data.addColumn('number', 'Number');
data.addColumn('string', 'Method');
data.addColumn('string', 'Class');
data.addColumn('number', 'Time (ms)');
data.addRows(30);
data.setCell(0, 0, 0)
data.setCell(0, 1, 'reachedwithBusinessLead_SchedulePhoneCall')
data.setCell(0, 2, 'com.crm.qa.testcases.LogActivityTest')
data.setCell(0, 3, 224615);
data.setCell(1, 0, 1)
data.setCell(1, 1, 'reachedwithBusinessLead')
data.setCell(1, 2, 'com.crm.qa.testcases.LogActivityTest')
data.setCell(1, 3, 224288);
data.setCell(2, 0, 2)
data.setCell(2, 1, 'reachedwithBusinessLead_ScheduleMeeting')
data.setCell(2, 2, 'com.crm.qa.testcases.LogActivityTest')
data.setCell(2, 3, 222967);
data.setCell(3, 0, 3)
data.setCell(3, 1, 'reachedwithBusinessLead_ScheduleTodo')
data.setCell(3, 2, 'com.crm.qa.testcases.LogActivityTest')
data.setCell(3, 3, 222930);
data.setCell(4, 0, 4)
data.setCell(4, 1, 'reachedwithBusinessLead_ScheduleTodo')
data.setCell(4, 2, 'com.crm.qa.testcases.LogActivityTest')
data.setCell(4, 3, 221650);
data.setCell(5, 0, 5)
data.setCell(5, 1, 'reachedwithBusinessLead_SchedulePhoneCall')
data.setCell(5, 2, 'com.crm.qa.testcases.LogActivityTest')
data.setCell(5, 3, 219036);
data.setCell(6, 0, 6)
data.setCell(6, 1, 'reachedwithBusinessLead_ScheduleMeeting')
data.setCell(6, 2, 'com.crm.qa.testcases.LogActivityTest')
data.setCell(6, 3, 218453);
data.setCell(7, 0, 7)
data.setCell(7, 1, 'reachedwithBusinessLead')
data.setCell(7, 2, 'com.crm.qa.testcases.LogActivityTest')
data.setCell(7, 3, 218270);
data.setCell(8, 0, 8)
data.setCell(8, 1, 'LogaCallwithSpouse_ValidateAtPrimary')
data.setCell(8, 2, 'com.crm.qa.testcases.LogActivityTest')
data.setCell(8, 3, 174054);
data.setCell(9, 0, 9)
data.setCell(9, 1, 'UpdateSpouseAccountdetails')
data.setCell(9, 2, 'com.crm.qa.testcases.LogActivityTest')
data.setCell(9, 3, 150114);
data.setCell(10, 0, 10)
data.setCell(10, 1, 'AddSpouseandLogaCallPrimary')
data.setCell(10, 2, 'com.crm.qa.testcases.LogActivityTest')
data.setCell(10, 3, 125743);
data.setCell(11, 0, 11)
data.setCell(11, 1, 'UnplannedMeetingWithExistingMeeting')
data.setCell(11, 2, 'com.crm.qa.testcases.LogActivityTest')
data.setCell(11, 3, 115678);
data.setCell(12, 0, 12)
data.setCell(12, 1, 'UpdateSpouseAccountdetails')
data.setCell(12, 2, 'com.crm.qa.testcases.LogActivityTest')
data.setCell(12, 3, 115396);
data.setCell(13, 0, 13)
data.setCell(13, 1, 'nolead_Reached_createBranchOpportunity')
data.setCell(13, 2, 'com.crm.qa.testcases.LogActivityTest')
data.setCell(13, 3, 100330);
data.setCell(14, 0, 14)
data.setCell(14, 1, 'UnplannedMeeting_withOutcome_Cancelled_multipleUsers')
data.setCell(14, 2, 'com.crm.qa.testcases.LogActivityTest')
data.setCell(14, 3, 95130);
data.setCell(15, 0, 15)
data.setCell(15, 1, 'UnplannedMeeting_withOutcome_Completed_multipleUsers')
data.setCell(15, 2, 'com.crm.qa.testcases.LogActivityTest')
data.setCell(15, 3, 94780);
data.setCell(16, 0, 16)
data.setCell(16, 1, 'UnplannedMeeting_withMeeting_VirtualMeeting_multipleUsers')
data.setCell(16, 2, 'com.crm.qa.testcases.LogActivityTest')
data.setCell(16, 3, 93040);
data.setCell(17, 0, 17)
data.setCell(17, 1, 'validateFinancialDataForSponsoredClient')
data.setCell(17, 2, 'com.crm.qa.testcases.LogActivityTest')
data.setCell(17, 3, 93033);
data.setCell(18, 0, 18)
data.setCell(18, 1, 'reached_Schedule_ToDo')
data.setCell(18, 2, 'com.crm.qa.testcases.LogActivityTest')
data.setCell(18, 3, 92330);
data.setCell(19, 0, 19)
data.setCell(19, 1, 'UnplannedMeeting_withMeeting_OnPhone_multipleUsers')
data.setCell(19, 2, 'com.crm.qa.testcases.LogActivityTest')
data.setCell(19, 3, 90886);
data.setCell(20, 0, 20)
data.setCell(20, 1, 'UnplannedMeeting_withMeeting_OnSiteEvent_multipleUsers')
data.setCell(20, 2, 'com.crm.qa.testcases.LogActivityTest')
data.setCell(20, 3, 90832);
data.setCell(21, 0, 21)
data.setCell(21, 1, 'UnplannedMeeting_withOutcome_NoShow_multipleUsers')
data.setCell(21, 2, 'com.crm.qa.testcases.LogActivityTest')
data.setCell(21, 3, 88776);
data.setCell(22, 0, 22)
data.setCell(22, 1, 'reached_Schedule_Phonecall')
data.setCell(22, 2, 'com.crm.qa.testcases.LogActivityTest')
data.setCell(22, 3, 87549);
data.setCell(23, 0, 23)
data.setCell(23, 1, 'reached_Schedule_Appointment')
data.setCell(23, 2, 'com.crm.qa.testcases.LogActivityTest')
data.setCell(23, 3, 86733);
data.setCell(24, 0, 24)
data.setCell(24, 1, 'UpdatePrimaryAccountdetails')
data.setCell(24, 2, 'com.crm.qa.testcases.LogActivityTest')
data.setCell(24, 3, 81527);
data.setCell(25, 0, 25)
data.setCell(25, 1, 'notReachedwithBusinessLead')
data.setCell(25, 2, 'com.crm.qa.testcases.LogActivityTest')
data.setCell(25, 3, 80492);
data.setCell(26, 0, 26)
data.setCell(26, 1, 'reached_multipleUsers')
data.setCell(26, 2, 'com.crm.qa.testcases.LogActivityTest')
data.setCell(26, 3, 79315);
data.setCell(27, 0, 27)
data.setCell(27, 1, 'notReached_multipleUsers')
data.setCell(27, 2, 'com.crm.qa.testcases.LogActivityTest')
data.setCell(27, 3, 78004);
data.setCell(28, 0, 28)
data.setCell(28, 1, 'meeting_CompleteFlow')
data.setCell(28, 2, 'com.crm.qa.testcases.LogActivityTest')
data.setCell(28, 3, 77133);
data.setCell(29, 0, 29)
data.setCell(29, 1, 'validateEmail')
data.setCell(29, 2, 'com.crm.qa.testcases.LogActivityTest')
data.setCell(29, 3, 56342);
window.suiteTableData['FREE_CRM_Application_Test_Automation_Test_Suite']= { tableData: data, tableDiv: 'times-div-FREE_CRM_Application_Test_Automation_Test_Suite'}
return data;
}
              </script>
              <span class="suite-total-time">Total running time: 1 hours</span>
              <div id="times-div-FREE_CRM_Application_Test_Automation_Test_Suite">
              </div> <!-- times-div-FREE_CRM_Application_Test_Automation_Test_Suite -->
            </div> <!-- times-div -->
          </div> <!-- main-panel-content rounded-window-bottom -->
        </div> <!-- panel -->
        <div panel-name="reporter-FREE_CRM_Application_Test_Automation_Test_Suite" class="panel">
          <div class="main-panel-header rounded-window-top">
            <span class="header-content">Reporter output for FREE CRM Application Test Automation Test Suite</span>
          </div> <!-- main-panel-header rounded-window-top -->
          <div class="main-panel-content rounded-window-bottom">
          </div> <!-- main-panel-content rounded-window-bottom -->
        </div> <!-- panel -->
        <div panel-name="ignored-methods-FREE_CRM_Application_Test_Automation_Test_Suite" class="panel">
          <div class="main-panel-header rounded-window-top">
            <span class="header-content">5 ignored methods</span>
          </div> <!-- main-panel-header rounded-window-top -->
          <div class="main-panel-content rounded-window-bottom">
            <div class="ignored-class-div">
              <span class="ignored-class-name">com.crm.qa.testcases.LogActivityTest</span>
              <div class="ignored-methods-div">
                <span class="ignored-method-name">CreateAccount_Spouse</span>
                <br/>
                <span class="ignored-method-name">debug</span>
                <br/>
                <span class="ignored-method-name">nolead_Reached_MultipleOpportunity</span>
                <br/>
                <span class="ignored-method-name">nolead_Reached_createWorkplaceOpportunity</span>
                <br/>
                <span class="ignored-method-name">navigateToRetailUser</span>
                <br/>
              </div> <!-- ignored-methods-div -->
            </div> <!-- ignored-class-div -->
          </div> <!-- main-panel-content rounded-window-bottom -->
        </div> <!-- panel -->
        <div panel-name="chronological-FREE_CRM_Application_Test_Automation_Test_Suite" class="panel">
          <div class="main-panel-header rounded-window-top">
            <span class="header-content">Methods in chronological order</span>
          </div> <!-- main-panel-header rounded-window-top -->
          <div class="main-panel-content rounded-window-bottom">
            <div class="chronological-class">
              <div class="chronological-class-name">com.crm.qa.testcases.LogActivityTest</div> <!-- chronological-class-name -->
              <div class="configuration-method before">
                <span class="method-name">setUp</span>
                <span class="method-start">0 ms</span>
              </div> <!-- configuration-method before -->
              <div class="test-method">
                <span class="method-name">reached_multipleUsers(0050R000000tUilQAE)</span>
                <span class="method-start">10940 ms</span>
              </div> <!-- test-method -->
              <div class="configuration-method after">
                <span class="method-name">tearDown</span>
                <span class="method-start">90262 ms</span>
              </div> <!-- configuration-method after -->
              <div class="configuration-method before">
                <span class="method-name">setUp</span>
                <span class="method-start">91057 ms</span>
              </div> <!-- configuration-method before -->
              <div class="test-method">
                <span class="method-name">notReached_multipleUsers(0050R000000tUilQAE)</span>
                <span class="method-start">100404 ms</span>
              </div> <!-- test-method -->
              <div class="configuration-method after">
                <span class="method-name">tearDown</span>
                <span class="method-start">178409 ms</span>
              </div> <!-- configuration-method after -->
              <div class="configuration-method before">
                <span class="method-name">setUp</span>
                <span class="method-start">179252 ms</span>
              </div> <!-- configuration-method before -->
              <div class="test-method">
                <span class="method-name">UnplannedMeeting_withOutcome_NoShow_multipleUsers(0050R000000tUilQAE)</span>
                <span class="method-start">188547 ms</span>
              </div> <!-- test-method -->
              <div class="configuration-method after">
                <span class="method-name">tearDown</span>
                <span class="method-start">277324 ms</span>
              </div> <!-- configuration-method after -->
              <div class="configuration-method before">
                <span class="method-name">setUp</span>
                <span class="method-start">278126 ms</span>
              </div> <!-- configuration-method before -->
              <div class="test-method">
                <span class="method-name">UnplannedMeeting_withOutcome_Cancelled_multipleUsers(0050R000000tUilQAE)</span>
                <span class="method-start">287152 ms</span>
              </div> <!-- test-method -->
              <div class="configuration-method after">
                <span class="method-name">tearDown</span>
                <span class="method-start">382284 ms</span>
              </div> <!-- configuration-method after -->
              <div class="configuration-method before">
                <span class="method-name">setUp</span>
                <span class="method-start">383079 ms</span>
              </div> <!-- configuration-method before -->
              <div class="test-method">
                <span class="method-name">UnplannedMeeting_withOutcome_Completed_multipleUsers(0050R000000tUilQAE)</span>
                <span class="method-start">392536 ms</span>
              </div> <!-- test-method -->
              <div class="configuration-method after">
                <span class="method-name">tearDown</span>
                <span class="method-start">487316 ms</span>
              </div> <!-- configuration-method after -->
              <div class="configuration-method before">
                <span class="method-name">setUp</span>
                <span class="method-start">488085 ms</span>
              </div> <!-- configuration-method before -->
              <div class="test-method">
                <span class="method-name">UnplannedMeeting_withMeeting_OnPhone_multipleUsers(0050R000000tUilQAE)</span>
                <span class="method-start">496264 ms</span>
              </div> <!-- test-method -->
              <div class="configuration-method after">
                <span class="method-name">tearDown</span>
                <span class="method-start">587152 ms</span>
              </div> <!-- configuration-method after -->
              <div class="configuration-method before">
                <span class="method-name">setUp</span>
                <span class="method-start">587936 ms</span>
              </div> <!-- configuration-method before -->
              <div class="test-method">
                <span class="method-name">UnplannedMeeting_withMeeting_OnSiteEvent_multipleUsers(0050R000000tUilQAE)</span>
                <span class="method-start">596337 ms</span>
              </div> <!-- test-method -->
              <div class="configuration-method after">
                <span class="method-name">tearDown</span>
                <span class="method-start">687170 ms</span>
              </div> <!-- configuration-method after -->
              <div class="configuration-method before">
                <span class="method-name">setUp</span>
                <span class="method-start">687961 ms</span>
              </div> <!-- configuration-method before -->
              <div class="test-method">
                <span class="method-name">UnplannedMeeting_withMeeting_VirtualMeeting_multipleUsers(0050R000000tUilQAE)</span>
                <span class="method-start">696042 ms</span>
              </div> <!-- test-method -->
              <div class="configuration-method after">
                <span class="method-name">tearDown</span>
                <span class="method-start">789082 ms</span>
              </div> <!-- configuration-method after -->
              <div class="configuration-method before">
                <span class="method-name">setUp</span>
                <span class="method-start">789857 ms</span>
              </div> <!-- configuration-method before -->
              <div class="test-method">
                <span class="method-name">reached_Schedule_ToDo(0050R000000tUilQAE)</span>
                <span class="method-start">799266 ms</span>
              </div> <!-- test-method -->
              <div class="configuration-method after">
                <span class="method-name">tearDown</span>
                <span class="method-start">891597 ms</span>
              </div> <!-- configuration-method after -->
              <div class="configuration-method before">
                <span class="method-name">setUp</span>
                <span class="method-start">892384 ms</span>
              </div> <!-- configuration-method before -->
              <div class="test-method">
                <span class="method-name">reached_Schedule_Phonecall(0050R000000tUilQAE)</span>
                <span class="method-start">901557 ms</span>
              </div> <!-- test-method -->
              <div class="configuration-method after">
                <span class="method-name">tearDown</span>
                <span class="method-start">989107 ms</span>
              </div> <!-- configuration-method after -->
              <div class="configuration-method before">
                <span class="method-name">setUp</span>
                <span class="method-start">989910 ms</span>
              </div> <!-- configuration-method before -->
              <div class="test-method">
                <span class="method-name">reached_Schedule_Appointment(0050R000000tUilQAE)</span>
                <span class="method-start">998046 ms</span>
              </div> <!-- test-method -->
              <div class="configuration-method after">
                <span class="method-name">tearDown</span>
                <span class="method-start">1084780 ms</span>
              </div> <!-- configuration-method after -->
              <div class="configuration-method before">
                <span class="method-name">setUp</span>
                <span class="method-start">1085581 ms</span>
              </div> <!-- configuration-method before -->
              <div class="test-method">
                <span class="method-name">notReachedwithBusinessLead(0050R000000tUilQAE)</span>
                <span class="method-start">1094966 ms</span>
              </div> <!-- test-method -->
              <div class="configuration-method after">
                <span class="method-name">tearDown</span>
                <span class="method-start">1175458 ms</span>
              </div> <!-- configuration-method after -->
              <div class="configuration-method before">
                <span class="method-name">setUp</span>
                <span class="method-start">1176244 ms</span>
              </div> <!-- configuration-method before -->
              <div class="test-method">
                <span class="method-name">reachedwithBusinessLead(0050R000000tUilQAE)</span>
                <span class="method-start">1184412 ms</span>
              </div> <!-- test-method -->
              <div class="configuration-method after">
                <span class="method-name">tearDown</span>
                <span class="method-start">1408706 ms</span>
              </div> <!-- configuration-method after -->
              <div class="configuration-method before">
                <span class="method-name">setUp</span>
                <span class="method-start">1409497 ms</span>
              </div> <!-- configuration-method before -->
              <div class="test-method">
                <img src="failed.png">
                </img>
                <span class="method-name">reachedwithBusinessLead(0050R000000tUilQAE)</span>
                <span class="method-start">1418084 ms</span>
              </div> <!-- test-method -->
              <div class="configuration-method after">
                <span class="method-name">tearDown</span>
                <span class="method-start">1636697 ms</span>
              </div> <!-- configuration-method after -->
              <div class="configuration-method before">
                <span class="method-name">setUp</span>
                <span class="method-start">1637458 ms</span>
              </div> <!-- configuration-method before -->
              <div class="test-method">
                <span class="method-name">reachedwithBusinessLead_SchedulePhoneCall(0050R000000tUilQAE)</span>
                <span class="method-start">1646132 ms</span>
              </div> <!-- test-method -->
              <div class="configuration-method after">
                <span class="method-name">tearDown</span>
                <span class="method-start">1870748 ms</span>
              </div> <!-- configuration-method after -->
              <div class="configuration-method before">
                <span class="method-name">setUp</span>
                <span class="method-start">1871527 ms</span>
              </div> <!-- configuration-method before -->
              <div class="test-method">
                <img src="failed.png">
                </img>
                <span class="method-name">reachedwithBusinessLead_SchedulePhoneCall(0050R000000tUilQAE)</span>
                <span class="method-start">1880178 ms</span>
              </div> <!-- test-method -->
              <div class="configuration-method after">
                <span class="method-name">tearDown</span>
                <span class="method-start">2099554 ms</span>
              </div> <!-- configuration-method after -->
              <div class="configuration-method before">
                <span class="method-name">setUp</span>
                <span class="method-start">2100330 ms</span>
              </div> <!-- configuration-method before -->
              <div class="test-method">
                <span class="method-name">reachedwithBusinessLead_ScheduleTodo(0050R000000tUilQAE)</span>
                <span class="method-start">2110331 ms</span>
              </div> <!-- test-method -->
              <div class="configuration-method after">
                <span class="method-name">tearDown</span>
                <span class="method-start">2331982 ms</span>
              </div> <!-- configuration-method after -->
              <div class="configuration-method before">
                <span class="method-name">setUp</span>
                <span class="method-start">2332769 ms</span>
              </div> <!-- configuration-method before -->
              <div class="test-method">
                <img src="failed.png">
                </img>
                <span class="method-name">reachedwithBusinessLead_ScheduleTodo(0050R000000tUilQAE)</span>
                <span class="method-start">2341568 ms</span>
              </div> <!-- test-method -->
              <div class="configuration-method after">
                <span class="method-name">tearDown</span>
                <span class="method-start">2564841 ms</span>
              </div> <!-- configuration-method after -->
              <div class="configuration-method before">
                <span class="method-name">setUp</span>
                <span class="method-start">2565620 ms</span>
              </div> <!-- configuration-method before -->
              <div class="test-method">
                <span class="method-name">reachedwithBusinessLead_ScheduleMeeting(0050R000000tUilQAE)</span>
                <span class="method-start">2574055 ms</span>
              </div> <!-- test-method -->
              <div class="configuration-method after">
                <span class="method-name">tearDown</span>
                <span class="method-start">2797023 ms</span>
              </div> <!-- configuration-method after -->
              <div class="configuration-method before">
                <span class="method-name">setUp</span>
                <span class="method-start">2797810 ms</span>
              </div> <!-- configuration-method before -->
              <div class="test-method">
                <img src="failed.png">
                </img>
                <span class="method-name">reachedwithBusinessLead_ScheduleMeeting(0050R000000tUilQAE)</span>
                <span class="method-start">2806689 ms</span>
              </div> <!-- test-method -->
              <div class="configuration-method after">
                <span class="method-name">tearDown</span>
                <span class="method-start">3025475 ms</span>
              </div> <!-- configuration-method after -->
              <div class="configuration-method before">
                <span class="method-name">setUp</span>
                <span class="method-start">3026245 ms</span>
              </div> <!-- configuration-method before -->
              <div class="test-method">
                <span class="method-name">UnplannedMeetingWithExistingMeeting(0050R000000tUilQAE)</span>
                <span class="method-start">3036345 ms</span>
              </div> <!-- test-method -->
              <div class="configuration-method after">
                <span class="method-name">tearDown</span>
                <span class="method-start">3152023 ms</span>
              </div> <!-- configuration-method after -->
              <div class="configuration-method before">
                <span class="method-name">setUp</span>
                <span class="method-start">3152810 ms</span>
              </div> <!-- configuration-method before -->
              <div class="test-method">
                <span class="method-name">meeting_CompleteFlow(0050R0000032jRGQAY)</span>
                <span class="method-start">3162856 ms</span>
              </div> <!-- test-method -->
              <div class="configuration-method after">
                <span class="method-name">tearDown</span>
                <span class="method-start">3239990 ms</span>
              </div> <!-- configuration-method after -->
              <div class="configuration-method before">
                <span class="method-name">setUp</span>
                <span class="method-start">3240877 ms</span>
              </div> <!-- configuration-method before -->
              <div class="test-method">
                <span class="method-name">AddSpouseandLogaCallPrimary(0050R000000tUilQAE)</span>
                <span class="method-start">3251883 ms</span>
              </div> <!-- test-method -->
              <div class="configuration-method after">
                <span class="method-name">tearDown</span>
                <span class="method-start">3377627 ms</span>
              </div> <!-- configuration-method after -->
              <div class="configuration-method before">
                <span class="method-name">setUp</span>
                <span class="method-start">3378434 ms</span>
              </div> <!-- configuration-method before -->
              <div class="test-method">
                <span class="method-name">LogaCallwithSpouse_ValidateAtPrimary(0050R000000tUilQAE)</span>
                <span class="method-start">3388316 ms</span>
              </div> <!-- test-method -->
              <div class="configuration-method after">
                <span class="method-name">tearDown</span>
                <span class="method-start">3562371 ms</span>
              </div> <!-- configuration-method after -->
              <div class="configuration-method before">
                <span class="method-name">setUp</span>
                <span class="method-start">3563156 ms</span>
              </div> <!-- configuration-method before -->
              <div class="test-method">
                <span class="method-name">UpdatePrimaryAccountdetails(0050R000000tUilQAE)</span>
                <span class="method-start">3571846 ms</span>
              </div> <!-- test-method -->
              <div class="configuration-method after">
                <span class="method-name">tearDown</span>
                <span class="method-start">3653373 ms</span>
              </div> <!-- configuration-method after -->
              <div class="configuration-method before">
                <span class="method-name">setUp</span>
                <span class="method-start">3654146 ms</span>
              </div> <!-- configuration-method before -->
              <div class="test-method">
                <span class="method-name">UpdateSpouseAccountdetails(0050R000000tUilQAE)</span>
                <span class="method-start">3664255 ms</span>
              </div> <!-- test-method -->
              <div class="configuration-method after">
                <span class="method-name">tearDown</span>
                <span class="method-start">3814370 ms</span>
              </div> <!-- configuration-method after -->
              <div class="configuration-method before">
                <span class="method-name">setUp</span>
                <span class="method-start">3815172 ms</span>
              </div> <!-- configuration-method before -->
              <div class="test-method">
                <span class="method-name">UpdateSpouseAccountdetails(0050R000000tUilQAE)</span>
                <span class="method-start">3823775 ms</span>
              </div> <!-- test-method -->
              <div class="configuration-method after">
                <span class="method-name">tearDown</span>
                <span class="method-start">3939171 ms</span>
              </div> <!-- configuration-method after -->
              <div class="configuration-method before">
                <span class="method-name">setUp</span>
                <span class="method-start">3939945 ms</span>
              </div> <!-- configuration-method before -->
              <div class="test-method">
                <span class="method-name">nolead_Reached_createBranchOpportunity(0050R000000tUilQAE)</span>
                <span class="method-start">3948894 ms</span>
              </div> <!-- test-method -->
              <div class="configuration-method after">
                <span class="method-name">tearDown</span>
                <span class="method-start">4049224 ms</span>
              </div> <!-- configuration-method after -->
              <div class="configuration-method before">
                <span class="method-name">setUp</span>
                <span class="method-start">4050013 ms</span>
              </div> <!-- configuration-method before -->
              <div class="test-method">
                <span class="method-name">validateFinancialDataForSponsoredClient(0050R000000XRHYQA4)</span>
                <span class="method-start">4058936 ms</span>
              </div> <!-- test-method -->
              <div class="configuration-method after">
                <span class="method-name">tearDown</span>
                <span class="method-start">4151970 ms</span>
              </div> <!-- configuration-method after -->
              <div class="configuration-method before">
                <span class="method-name">setUp</span>
                <span class="method-start">4152742 ms</span>
              </div> <!-- configuration-method before -->
              <div class="test-method">
                <span class="method-name">validateEmail(0050R000000tUilQAE)</span>
                <span class="method-start">4164020 ms</span>
              </div> <!-- test-method -->
              <div class="configuration-method after">
                <span class="method-name">tearDown</span>
                <span class="method-start">4220363 ms</span>
              </div> <!-- configuration-method after -->
          </div> <!-- main-panel-content rounded-window-bottom -->
        </div> <!-- panel -->
      </div> <!-- main-panel-root -->
    </div> <!-- wrapper -->
  </body>
</html>
